#
# A fatal error has been detected by the Java Runtime Environment:
#
#  EXCEPTION_ACCESS_VIOLATION (0xc0000005) at pc=0x00007fff2cdc394d, pid=376, tid=3084
#
# JRE version: OpenJDK Runtime Environment (21.0.2+13) (build 21.0.2+13-58)
# Java VM: OpenJDK 64-Bit Server VM (21.0.2+13-58, mixed mode, sharing, tiered, compressed oops, compressed class ptrs, g1 gc, windows-amd64)
# Problematic frame:
# C  [imgui-java64.dll+0x6394d]
#
# No core dump will be written. Minidumps are not enabled by default on client versions of Windows
#
# If you would like to submit a bug report, please visit:
#   https://bugreport.java.com/bugreport/crash.jsp
# The crash happened outside the Java Virtual Machine in native code.
# See problematic frame for where to report the bug.
#

---------------  S U M M A R Y ------------

Command Line: -javaagent:C:\Program Files\JetBrains\IntelliJ IDEA Community Edition 2023.2.5\lib\idea_rt.jar=53688:C:\Program Files\JetBrains\IntelliJ IDEA Community Edition 2023.2.5\bin -Dfile.encoding=UTF-8 -Dsun.stdout.encoding=UTF-8 -Dsun.stderr.encoding=UTF-8 manncobot.MCBMain

Host: AMD Ryzen 7 5800X3D 8-Core Processor           , 16 cores, 31G,  Windows 11 , 64 bit Build 22621 (10.0.22621.3672)
Time: Sat Jun  1 22:11:45 2024 AUS Eastern Standard Time elapsed time: 2.623427 seconds (0d 0h 0m 2s)

---------------  T H R E A D  ---------------

Current thread (0x0000019bee9d3a30):  JavaThread "main"             [_thread_in_native, id=3084, stack(0x0000005ab6c00000,0x0000005ab6d00000) (1024K)]

Stack: [0x0000005ab6c00000,0x0000005ab6d00000],  sp=0x0000005ab6cfeec0,  free space=1019k
Native frames: (J=compiled Java code, j=interpreted, Vv=VM code, C=native code)
C  [imgui-java64.dll+0x6394d]

Java frames: (J=compiled Java code, j=interpreted, Vv=VM code)
j  imgui.ImGui.destroyPlatformWindows()V+0
j  imgui.gl3.ImGuiImplGl3.shutdownPlatformInterface()V+0
j  imgui.gl3.ImGuiImplGl3.dispose()V+51
j  org.cstr24.hyphengl.engine.Engine.destroyImGUI()V+12
j  org.cstr24.hyphengl.engine.Engine.exit(Z)V+63
j  org.cstr24.hyphengl.engine.Engine.startApplication(Lorg/cstr24/hyphengl/engine/Application;[Ljava/lang/String;)V+82
j  manncobot.MCBMain.main([Ljava/lang/String;)V+10
v  ~StubRoutines::call_stub 0x0000019b8745100d

siginfo: EXCEPTION_ACCESS_VIOLATION (0xc0000005), reading address 0x0000000000001f40


Registers:
RAX=0x00007fff2ce07500, RBX=0x0000019bd9806348, RCX=0x0000019bee9d3de8, RDX=0x0000005ab6cfef78
RSP=0x0000005ab6cfeec0, RBP=0x0000005ab6cfef68, RSI=0x0000000000000000, RDI=0x0000000000000130
R8 =0x0000000000000002, R9 =0x0000000000000002, R10=0x0000019b8745cddc, R11=0x000000061d4ec130
R12=0x0000000000000000, R13=0x0000019bd9806348, R14=0x0000005ab6cfef80, R15=0x0000019bee9d3a30
RIP=0x00007fff2cdc394d, EFLAGS=0x0000000000010206


Register to memory mapping:

RAX=0x00007fff2ce07500 imgui-java64.dll
RBX={method} {0x0000019bd9806350} 'destroyPlatformWindows' '()V' in 'imgui/ImGui'
RCX=0x0000019bee9d3de8 points into unknown readable memory: 0x0000019bd878ca40 | 40 ca 78 d8 9b 01 00 00
RDX=0x0000005ab6cfef78 is pointing into the stack for thread: 0x0000019bee9d3a30
RSP=0x0000005ab6cfeec0 is pointing into the stack for thread: 0x0000019bee9d3a30
RBP=0x0000005ab6cfef68 is pointing into the stack for thread: 0x0000019bee9d3a30
RSI=0x0 is null
RDI=0x0000000000000130 is an unknown value
R8 =0x0000000000000002 is an unknown value
R9 =0x0000000000000002 is an unknown value
R10=0x0000019b8745cddc is at code_begin+1020 in an Interpreter codelet
native method entry point (kind = native)  [0x0000019b8745c9e0, 0x0000019b8745d508]  2856 bytes
R11=0x000000061d4ec130 is an oop: java.lang.Class 
{0x000000061d4ec130} - klass: 'java/lang/Class'
 - ---- fields (total size 24 words):
 - private volatile transient 'classRedefinedCount' 'I' @12  0 (0x00000000)
 - injected 'klass' 'J' @16  1767781949920 (0x0000019b9803e1e0)
 - injected 'array_klass' 'J' @24  0 (0x0000000000000000)
 - injected 'oop_size' 'I' @32  24 (0x00000018)
 - injected 'static_oop_field_count' 'I' @36  19 (0x00000013)
 - private volatile transient 'cachedConstructor' 'Ljava/lang/reflect/Constructor;' @40  null (0x00000000)
 - private transient 'name' 'Ljava/lang/String;' @44  "imgui.ImGui"{0x000000061d4ec4d0} (0xc3a9d89a)
 - private transient 'module' 'Ljava/lang/Module;' @48  a 'java/lang/Module'{0x000000061d940ac8} (0xc3b28159)
 - private final 'classLoader' 'Ljava/lang/ClassLoader;' @52  a 'jdk/internal/loader/ClassLoaders$AppClassLoader'{0x000000061d868c10} (0xc3b0d182)
 - private transient 'classData' 'Ljava/lang/Object;' @56  null (0x00000000)
 - private transient 'packageName' 'Ljava/lang/String;' @60  "imgui"{0x000000061d4ec508} (0xc3a9d8a1)
 - private final 'componentType' 'Ljava/lang/Class;' @64  null (0x00000000)
 - private volatile transient 'reflectionData' 'Ljava/lang/ref/SoftReference;' @68  null (0x00000000)
 - private volatile transient 'genericInfo' 'Lsun/reflect/generics/repository/ClassRepository;' @72  null (0x00000000)
 - private volatile transient 'enumConstants' '[Ljava/lang/Object;' @76  null (0x00000000)
 - private volatile transient 'enumConstantDirectory' 'Ljava/util/Map;' @80  null (0x00000000)
 - private volatile transient 'annotationData' 'Ljava/lang/Class$AnnotationData;' @84  null (0x00000000)
 - private volatile transient 'annotationType' 'Lsun/reflect/annotation/AnnotationType;' @88  null (0x00000000)
 - transient 'classValueMap' 'Ljava/lang/ClassValue$ClassValueMap;' @92  null (0x00000000)
 - injected 'protection_domain' 'Ljava/lang/Object;' @96  a 'java/security/ProtectionDomain'{0x000000061dae91c8} (0xc3b5d239)
 - injected 'signers_name' 'Ljava/lang/Object;' @100  null (0x00000000)
 - injected 'source_file' 'Ljava/lang/Object;' @104  null (0x00000000)
 - signature: Limgui/ImGui;
 - ---- static fields (19):
 - private static final 'LIB_PATH_PROP' 'Ljava/lang/String;' @112  "imgui.library.path"{0x000000061d4ec490} (0xc3a9d892)
 - private static final 'LIB_NAME_PROP' 'Ljava/lang/String;' @116  "imgui.library.name"{0x000000061d4ec450} (0xc3a9d88a)
 - private static final 'LIB_NAME_DEFAULT' 'Ljava/lang/String;' @120  "imgui-java64"{0x000000061d4ec418} (0xc3a9d883)
 - private static final 'LIB_TMP_DIR_PREFIX' 'Ljava/lang/String;' @124  "imgui-java-natives"{0x000000061d4ec3d8} (0xc3a9d87b)
 - private static final 'IMGUI_CONTEXT' 'Limgui/internal/ImGuiContext;' @128  a 'imgui/internal/ImGuiContext'{0x000000061d4ec3c0} (0xc3a9d878)
 - private static final 'IMGUI_IO' 'Limgui/ImGuiIO;' @132  a 'imgui/ImGuiIO'{0x000000061d4ec348} (0xc3a9d869)
 - private static final 'WINDOW_DRAW_LIST' 'Limgui/ImDrawList;' @136  a 'imgui/ImDrawList'{0x000000061d4ec330} (0xc3a9d866)
 - private static final 'BACKGROUND_DRAW_LIST' 'Limgui/ImDrawList;' @140  a 'imgui/ImDrawList'{0x000000061d4ec318} (0xc3a9d863)
 - private static final 'FOREGROUND_DRAW_LIST' 'Limgui/ImDrawList;' @144  a 'imgui/ImDrawList'{0x000000061d4ec300} (0xc3a9d860)
 - private static final 'IMGUI_STORAGE' 'Limgui/ImGuiStorage;' @148  a 'imgui/ImGuiStorage'{0x000000061d4ec2e8} (0xc3a9d85d)
 - private static final 'WINDOW_VIEWPORT' 'Limgui/ImGuiViewport;' @152  a 'imgui/ImGuiViewport'{0x000000061d4ec2d0} (0xc3a9d85a)
 - private static final 'FIND_VIEWPORT' 'Limgui/ImGuiViewport;' @156  a 'imgui/ImGuiViewport'{0x000000061d4ec2b8} (0xc3a9d857)
 - private static final 'DRAW_DATA' 'Limgui/ImDrawData;' @160  a 'imgui/ImDrawData'{0x000000061d4ec2a0} (0xc3a9d854)
 - private static final 'FONT' 'Limgui/ImFont;' @164  a 'imgui/ImFont'{0x000000061d4ec250} (0xc3a9d84a)
 - private static final 'STYLE' 'Limgui/ImGuiStyle;' @168  a 'imgui/ImGuiStyle'{0x000000061d4ec238} (0xc3a9d847)
 - private static final 'MAIN_VIEWPORT' 'Limgui/ImGuiViewport;' @172  a 'imgui/ImGuiViewport'{0x000000061d4ec220} (0xc3a9d844)
 - private static final 'PLATFORM_IO' 'Limgui/ImGuiPlatformIO;' @176  a 'imgui/ImGuiPlatformIO'{0x000000061d4ec208} (0xc3a9d841)
 - private static 'payloadRef' 'Ljava/lang/ref/WeakReference;' @180  null (0x00000000)
 - private static final 'PAYLOAD_PLACEHOLDER_DATA' '[B' @184  [B{0x000000061d4ec1f0} (0xc3a9d83e)
R12=0x0 is null
R13={method} {0x0000019bd9806350} 'destroyPlatformWindows' '()V' in 'imgui/ImGui'
R14=0x0000005ab6cfef80 is pointing into the stack for thread: 0x0000019bee9d3a30
R15=0x0000019bee9d3a30 is a thread

Top of Stack: (sp=0x0000005ab6cfeec0)
0x0000005ab6cfeec0:   0000000000000130 0000019b8745cc7c
0x0000005ab6cfeed0:   0000019bd9806348 0000019bd9806348
0x0000005ab6cfeee0:   0000000000000130 0000019bd9806348
0x0000005ab6cfeef0:   0000019bd98a5018 0000019b8745ce0b
0x0000005ab6cfef00:   0000019bd98a5018 0000005ab6cfef08
0x0000005ab6cfef10:   0000019bd9838ac8 0000019b8745ca9f
0x0000005ab6cfef20:   0000005ab6cfef20 0000019bd9806348
0x0000005ab6cfef30:   0000000000000003 0000019bd9808000
0x0000005ab6cfef40:   0000000000000000 000000061d4ec130
0x0000005ab6cfef50:   0000019bd9806348 0000000000000000
0x0000005ab6cfef60:   0000005ab6cfef88 0000005ab6cfefd0
0x0000005ab6cfef70:   0000019b87458846 000000061d4ec130
0x0000005ab6cfef80:   0000019b8745a397 0000005ab6cfef88
0x0000005ab6cfef90:   0000019bd9838ab0 0000000000000002
0x0000005ab6cfefa0:   0000019bd9839820 0000000000000000
0x0000005ab6cfefb0:   000000061d4124f8 0000019bd9838ac8
0x0000005ab6cfefc0:   0000005ab6cfef88 0000005ab6cfefe0
0x0000005ab6cfefd0:   0000005ab6cff030 0000019b87458846
0x0000005ab6cfefe0:   000000061d86e190 0000005ab6cfefe8
0x0000005ab6cfeff0:   0000019bd9837b63 0000000000000002
0x0000005ab6cff000:   0000019bd9839820 0000000000000000
0x0000005ab6cff010:   000000061d4124f8 0000019bd9837b88
0x0000005ab6cff020:   0000005ab6cfefe0 0000005ab6cff040
0x0000005ab6cff030:   0000005ab6cff090 0000019b87458846
0x0000005ab6cff040:   000000061d86e190 0000005ab6cff048
0x0000005ab6cff050:   0000019bd945d344 0000000000000001
0x0000005ab6cff060:   0000019bd9464d60 0000000000000000
0x0000005ab6cff070:   000000061d868f90 0000019bd945d360
0x0000005ab6cff080:   0000005ab6cff040 0000005ab6cff0a0
0x0000005ab6cff090:   0000005ab6cff0e8 0000019b87458846
0x0000005ab6cff0a0:   0000005ab6cff0a0 0000019bd945d22f
0x0000005ab6cff0b0:   0000000000000005 0000019bd9464d60 

Instructions: (pc=0x00007fff2cdc394d)
0x00007fff2cdc384d:   44 00 00 e8 4b 11 16 00 84 c0 0f 85 83 00 00 00
0x00007fff2cdc385d:   8b 96 a8 1c 00 00 39 96 ac 1c 00 00 0f 84 7f fb
0x00007fff2cdc386d:   ff ff 48 8d 15 6a f7 41 00 41 b8 80 31 00 00 48
0x00007fff2cdc387d:   8d 0d 4d 24 42 00 ff 15 df 1d cf 00 8b 96 a8 1c
0x00007fff2cdc388d:   00 00 39 96 b0 1c 00 00 0f 8c 5f fb ff ff 0f 1f
0x00007fff2cdc389d:   44 00 00 e8 fb 10 16 00 84 c0 75 5a 8b 96 a8 1c
0x00007fff2cdc38ad:   00 00 39 96 b0 1c 00 00 0f 8c 3f fb ff ff 48 8d
0x00007fff2cdc38bd:   15 1e f7 41 00 41 b8 81 31 00 00 48 8d 0d 71 24
0x00007fff2cdc38cd:   42 00 ff 15 93 1d cf 00 8b 96 a8 1c 00 00 e9 1a
0x00007fff2cdc38dd:   fb ff ff ba 80 31 00 00 4c 8d 05 f4 f6 41 00 48
0x00007fff2cdc38ed:   8d 0d dd 23 42 00 e8 c8 0f 16 00 8b 96 a8 1c 00
0x00007fff2cdc38fd:   00 e9 eb fa ff ff ba 81 31 00 00 4c 8d 05 d1 f6
0x00007fff2cdc390d:   41 00 48 8d 0d 2a 24 42 00 e8 a5 0f 16 00 8b 96
0x00007fff2cdc391d:   a8 1c 00 00 e9 d4 fa ff ff 48 c7 c3 ff ff ff ff
0x00007fff2cdc392d:   e9 fe fc ff ff 66 66 2e 0f 1f 84 00 00 00 00 00
0x00007fff2cdc393d:   0f 1f 00 56 53 48 83 ec 28 48 8b 35 fb 37 4a 00
0x00007fff2cdc394d:   8b 86 40 1f 00 00 85 c0 7e 25 31 db 0f 1f 80 00
0x00007fff2cdc395d:   00 00 00 48 8b 86 48 1f 00 00 48 8b 0c d8 48 83
0x00007fff2cdc396d:   c3 01 e8 cc f8 ff ff 39 9e 40 1f 00 00 7f e4 48
0x00007fff2cdc397d:   83 c4 28 5b 5e c3 66 66 2e 0f 1f 84 00 00 00 00
0x00007fff2cdc398d:   00 66 90 57 56 53 48 83 ec 70 48 8d 05 cb 23 42
0x00007fff2cdc399d:   00 ba ff ff ff ff 4c 8d 15 56 6d 42 00 4c 8d 40
0x00007fff2cdc39ad:   02 48 89 44 24 20 48 89 cb b8 44 00 00 00 b9 6f
0x00007fff2cdc39bd:   00 00 00 48 c7 44 24 28 00 00 00 00 48 c7 44 24
0x00007fff2cdc39cd:   30 00 00 00 00 48 c7 44 24 58 00 00 00 00 48 c7
0x00007fff2cdc39dd:   44 24 60 00 00 00 00 eb 2e 66 2e 0f 1f 84 00 00
0x00007fff2cdc39ed:   00 00 00 31 d0 41 89 d1 0f b6 c0 41 c1 e9 08 41
0x00007fff2cdc39fd:   8b 14 82 44 31 ca 84 c9 74 39 45 0f b6 08 89 c8
0x00007fff2cdc3a0d:   49 83 c0 01 44 89 c9 3c 23 75 d8 80 f9 23 75 d3
0x00007fff2cdc3a1d:   41 80 38 23 0f 84 79 01 00 00 41 89 d1 0f b6 c2
0x00007fff2cdc3a2d:   41 c1 e9 08 83 f0 23 41 8b 14 82 44 31 ca eb ca
0x00007fff2cdc3a3d:   0f 1f 00 89 d0 f7 d0 89 44 24 28 48 8d 05 11 c8 


Stack slot to memory mapping:

stack at sp + 0 slots: 0x0000000000000130 is an unknown value
stack at sp + 1 slots: 0x0000019b8745cc7c is at code_begin+668 in an Interpreter codelet
native method entry point (kind = native)  [0x0000019b8745c9e0, 0x0000019b8745d508]  2856 bytes
stack at sp + 2 slots: {method} {0x0000019bd9806350} 'destroyPlatformWindows' '()V' in 'imgui/ImGui'
stack at sp + 3 slots: {method} {0x0000019bd9806350} 'destroyPlatformWindows' '()V' in 'imgui/ImGui'
stack at sp + 4 slots: 0x0000000000000130 is an unknown value
stack at sp + 5 slots: {method} {0x0000019bd9806350} 'destroyPlatformWindows' '()V' in 'imgui/ImGui'
stack at sp + 6 slots: 0x0000019bd98a5018 is pointing into metadata
stack at sp + 7 slots: 0x0000019b8745ce0b is at code_begin+1067 in an Interpreter codelet
native method entry point (kind = native)  [0x0000019b8745c9e0, 0x0000019b8745d508]  2856 bytes


---------------  P R O C E S S  ---------------

Threads class SMR info:
_java_thread_list=0x0000019bebcffaf0, length=15, elements={
0x0000019bee9d3a30, 0x0000019bd8027850, 0x0000019bd8028770, 0x0000019bd802abc0,
0x0000019bd802ed30, 0x0000019bd802ff30, 0x0000019bd8031260, 0x0000019bd8039080,
0x0000019bd803c790, 0x0000019bfbbdf4e0, 0x0000019bd803b9f0, 0x0000019bd803c0c0,
0x0000019bd803dc00, 0x0000019bd85dcf30, 0x0000019bd8571eb0
}

Java Threads: ( => current thread )
=>0x0000019bee9d3a30 JavaThread "main"                              [_thread_in_native, id=3084, stack(0x0000005ab6c00000,0x0000005ab6d00000) (1024K)]
  0x0000019bd8027850 JavaThread "Reference Handler"          daemon [_thread_blocked, id=19312, stack(0x0000005ab7400000,0x0000005ab7500000) (1024K)]
  0x0000019bd8028770 JavaThread "Finalizer"                  daemon [_thread_blocked, id=16608, stack(0x0000005ab7500000,0x0000005ab7600000) (1024K)]
  0x0000019bd802abc0 JavaThread "Signal Dispatcher"          daemon [_thread_blocked, id=9480, stack(0x0000005ab7600000,0x0000005ab7700000) (1024K)]
  0x0000019bd802ed30 JavaThread "Attach Listener"            daemon [_thread_blocked, id=5028, stack(0x0000005ab7700000,0x0000005ab7800000) (1024K)]
  0x0000019bd802ff30 JavaThread "Service Thread"             daemon [_thread_blocked, id=3372, stack(0x0000005ab7800000,0x0000005ab7900000) (1024K)]
  0x0000019bd8031260 JavaThread "Monitor Deflation Thread"   daemon [_thread_blocked, id=26080, stack(0x0000005ab7900000,0x0000005ab7a00000) (1024K)]
  0x0000019bd8039080 JavaThread "C2 CompilerThread0"         daemon [_thread_blocked, id=28140, stack(0x0000005ab7a00000,0x0000005ab7b00000) (1024K)]
  0x0000019bd803c790 JavaThread "C1 CompilerThread0"         daemon [_thread_blocked, id=16800, stack(0x0000005ab7b00000,0x0000005ab7c00000) (1024K)]
  0x0000019bfbbdf4e0 JavaThread "Common-Cleaner"             daemon [_thread_blocked, id=4836, stack(0x0000005ab7c00000,0x0000005ab7d00000) (1024K)]
  0x0000019bd803b9f0 JavaThread "C1 CompilerThread1"         daemon [_thread_blocked, id=25692, stack(0x0000005ab7d00000,0x0000005ab7e00000) (1024K)]
  0x0000019bd803c0c0 JavaThread "C1 CompilerThread2"         daemon [_thread_blocked, id=8240, stack(0x0000005ab7e00000,0x0000005ab7f00000) (1024K)]
  0x0000019bd803dc00 JavaThread "C1 CompilerThread3"         daemon [_thread_blocked, id=16984, stack(0x0000005ab7f00000,0x0000005ab8000000) (1024K)]
  0x0000019bd85dcf30 JavaThread "Monitor Ctrl-Break"         daemon [_thread_in_native, id=27360, stack(0x0000005ab8000000,0x0000005ab8100000) (1024K)]
  0x0000019bd8571eb0 JavaThread "Notification Thread"        daemon [_thread_blocked, id=26824, stack(0x0000005ab8100000,0x0000005ab8200000) (1024K)]
Total: 15

Other Threads:
  0x0000019bd80099a0 VMThread "VM Thread"                           [id=8156, stack(0x0000005ab7300000,0x0000005ab7400000) (1024K)]
  0x0000019bfbbde500 WatcherThread "VM Periodic Task Thread"        [id=20240, stack(0x0000005ab7200000,0x0000005ab7300000) (1024K)]
  0x0000019bf0c92690 WorkerThread "GC Thread#0"                     [id=11284, stack(0x0000005ab6d00000,0x0000005ab6e00000) (1024K)]
  0x0000019bec26e750 WorkerThread "GC Thread#1"                     [id=1960, stack(0x0000005ab8e00000,0x0000005ab8f00000) (1024K)]
  0x0000019c006aca40 WorkerThread "GC Thread#2"                     [id=15716, stack(0x0000005ab8f00000,0x0000005ab9000000) (1024K)]
  0x0000019c006ad810 WorkerThread "GC Thread#3"                     [id=4580, stack(0x0000005ab9000000,0x0000005ab9100000) (1024K)]
  0x0000019bffb2fc40 WorkerThread "GC Thread#4"                     [id=1444, stack(0x0000005ab9100000,0x0000005ab9200000) (1024K)]
  0x0000019bffdcbaa0 WorkerThread "GC Thread#5"                     [id=24488, stack(0x0000005ab9200000,0x0000005ab9300000) (1024K)]
  0x0000019bffdcce70 WorkerThread "GC Thread#6"                     [id=9548, stack(0x0000005ab9300000,0x0000005ab9400000) (1024K)]
  0x0000019bffdd20f0 WorkerThread "GC Thread#7"                     [id=3740, stack(0x0000005ab9400000,0x0000005ab9500000) (1024K)]
  0x0000019bffdf5220 WorkerThread "GC Thread#8"                     [id=10260, stack(0x0000005ab9500000,0x0000005ab9600000) (1024K)]
  0x0000019bffdf60f0 WorkerThread "GC Thread#9"                     [id=28548, stack(0x0000005ab9600000,0x0000005ab9700000) (1024K)]
  0x0000019bffdf6bd0 WorkerThread "GC Thread#10"                    [id=6608, stack(0x0000005ab9700000,0x0000005ab9800000) (1024K)]
  0x0000019bffdf6490 WorkerThread "GC Thread#11"                    [id=5952, stack(0x0000005ab9800000,0x0000005ab9900000) (1024K)]
  0x0000019bffdf5d50 WorkerThread "GC Thread#12"                    [id=4456, stack(0x0000005ab9900000,0x0000005ab9a00000) (1024K)]
  0x0000019bf0ca3680 ConcurrentGCThread "G1 Main Marker"            [id=13600, stack(0x0000005ab6e00000,0x0000005ab6f00000) (1024K)]
  0x0000019bf0ca4920 WorkerThread "G1 Conc#0"                       [id=3240, stack(0x0000005ab6f00000,0x0000005ab7000000) (1024K)]
  0x0000019bfbaa5fe0 ConcurrentGCThread "G1 Refine#0"               [id=26668, stack(0x0000005ab7000000,0x0000005ab7100000) (1024K)]
  0x0000019bfbaa6b50 ConcurrentGCThread "G1 Service"                [id=21928, stack(0x0000005ab7100000,0x0000005ab7200000) (1024K)]
Total: 19

Threads with active compile tasks:
Total: 0

VM state: not at safepoint (normal execution)

VM Mutex/Monitor currently owned by a thread: None

Heap address: 0x0000000601400000, size: 8172 MB, Compressed Oops mode: Zero based, Oop shift amount: 3

CDS archive(s) mapped at: [0x0000019b97000000-0x0000019b97c90000-0x0000019b97c90000), size 13172736, SharedBaseAddress: 0x0000019b97000000, ArchiveRelocationMode: 1.
Compressed class space mapped at: 0x0000019b98000000-0x0000019bd8000000, reserved size: 1073741824
Narrow klass base: 0x0000019b97000000, Narrow klass shift: 0, Narrow klass range: 0x100000000

GC Precious Log:
 CardTable entry size: 512
 Card Set container configuration: InlinePtr #cards 4 size 8 Array Of Cards #cards 32 size 80 Howl #buckets 8 coarsen threshold 7372 Howl Bitmap #cards 1024 size 144 coarsen threshold 921 Card regions per heap region 1 cards per card region 8192
 CPUs: 16 total, 16 available
 Memory: 32682M
 Large Page Support: Disabled
 NUMA Support: Disabled
 Compressed Oops: Enabled (Zero based)
 Heap Region Size: 4M
 Heap Min Capacity: 8M
 Heap Initial Capacity: 512M
 Heap Max Capacity: 8172M
 Pre-touch: Disabled
 Parallel Workers: 13
 Concurrent Workers: 3
 Concurrent Refinement Workers: 13
 Periodic GC: Disabled

Heap:
 garbage-first heap   total 1167360K, used 75822K [0x0000000601400000, 0x0000000800000000)
  region size 4096K, 18 young (73728K), 13 survivors (53248K)
 Metaspace       used 8186K, committed 8448K, reserved 1114112K
  class space    used 524K, committed 640K, reserved 1048576K

Heap Regions: E=young(eden), S=young(survivor), O=old, HS=humongous(starts), HC=humongous(continues), CS=collection set, F=free, TAMS=top-at-mark-start, PB=parsable bottom
|   0|0x0000000601400000, 0x0000000601800000, 0x0000000601800000|100%|HS|  |TAMS 0x0000000601400000| PB 0x0000000601400000| Complete 
|   1|0x0000000601800000, 0x0000000601c00000, 0x0000000601c00000|100%|HC|  |TAMS 0x0000000601800000| PB 0x0000000601800000| Complete 
|   2|0x0000000601c00000, 0x0000000601c00000, 0x0000000602000000|  0%| F|  |TAMS 0x0000000601c00000| PB 0x0000000601c00000| Untracked 
|   3|0x0000000602000000, 0x0000000602000000, 0x0000000602400000|  0%| F|  |TAMS 0x0000000602000000| PB 0x0000000602000000| Untracked 
|   4|0x0000000602400000, 0x0000000602400000, 0x0000000602800000|  0%| F|  |TAMS 0x0000000602400000| PB 0x0000000602400000| Untracked 
|   5|0x0000000602800000, 0x0000000602800000, 0x0000000602c00000|  0%| F|  |TAMS 0x0000000602800000| PB 0x0000000602800000| Untracked 
|   6|0x0000000602c00000, 0x0000000602c00000, 0x0000000603000000|  0%| F|  |TAMS 0x0000000602c00000| PB 0x0000000602c00000| Untracked 
|   7|0x0000000603000000, 0x0000000603000000, 0x0000000603400000|  0%| F|  |TAMS 0x0000000603000000| PB 0x0000000603000000| Untracked 
|   8|0x0000000603400000, 0x0000000603400000, 0x0000000603800000|  0%| F|  |TAMS 0x0000000603400000| PB 0x0000000603400000| Untracked 
|   9|0x0000000603800000, 0x0000000603800000, 0x0000000603c00000|  0%| F|  |TAMS 0x0000000603800000| PB 0x0000000603800000| Untracked 
|  10|0x0000000603c00000, 0x0000000603c00000, 0x0000000604000000|  0%| F|  |TAMS 0x0000000603c00000| PB 0x0000000603c00000| Untracked 
|  11|0x0000000604000000, 0x0000000604000000, 0x0000000604400000|  0%| F|  |TAMS 0x0000000604000000| PB 0x0000000604000000| Untracked 
|  12|0x0000000604400000, 0x0000000604400000, 0x0000000604800000|  0%| F|  |TAMS 0x0000000604400000| PB 0x0000000604400000| Untracked 
|  13|0x0000000604800000, 0x0000000604800000, 0x0000000604c00000|  0%| F|  |TAMS 0x0000000604800000| PB 0x0000000604800000| Untracked 
|  14|0x0000000604c00000, 0x0000000604c00000, 0x0000000605000000|  0%| F|  |TAMS 0x0000000604c00000| PB 0x0000000604c00000| Untracked 
|  15|0x0000000605000000, 0x0000000605000000, 0x0000000605400000|  0%| F|  |TAMS 0x0000000605000000| PB 0x0000000605000000| Untracked 
|  16|0x0000000605400000, 0x0000000605400000, 0x0000000605800000|  0%| F|  |TAMS 0x0000000605400000| PB 0x0000000605400000| Untracked 
|  17|0x0000000605800000, 0x0000000605800000, 0x0000000605c00000|  0%| F|  |TAMS 0x0000000605800000| PB 0x0000000605800000| Untracked 
|  18|0x0000000605c00000, 0x0000000605c00000, 0x0000000606000000|  0%| F|  |TAMS 0x0000000605c00000| PB 0x0000000605c00000| Untracked 
|  19|0x0000000606000000, 0x0000000606000000, 0x0000000606400000|  0%| F|  |TAMS 0x0000000606000000| PB 0x0000000606000000| Untracked 
|  20|0x0000000606400000, 0x0000000606400000, 0x0000000606800000|  0%| F|  |TAMS 0x0000000606400000| PB 0x0000000606400000| Untracked 
|  21|0x0000000606800000, 0x0000000606800000, 0x0000000606c00000|  0%| F|  |TAMS 0x0000000606800000| PB 0x0000000606800000| Untracked 
|  22|0x0000000606c00000, 0x0000000606c00000, 0x0000000607000000|  0%| F|  |TAMS 0x0000000606c00000| PB 0x0000000606c00000| Untracked 
|  23|0x0000000607000000, 0x0000000607000000, 0x0000000607400000|  0%| F|  |TAMS 0x0000000607000000| PB 0x0000000607000000| Untracked 
|  24|0x0000000607400000, 0x0000000607400000, 0x0000000607800000|  0%| F|  |TAMS 0x0000000607400000| PB 0x0000000607400000| Untracked 
|  25|0x0000000607800000, 0x0000000607800000, 0x0000000607c00000|  0%| F|  |TAMS 0x0000000607800000| PB 0x0000000607800000| Untracked 
|  26|0x0000000607c00000, 0x0000000607c00000, 0x0000000608000000|  0%| F|  |TAMS 0x0000000607c00000| PB 0x0000000607c00000| Untracked 
|  27|0x0000000608000000, 0x0000000608000000, 0x0000000608400000|  0%| F|  |TAMS 0x0000000608000000| PB 0x0000000608000000| Untracked 
|  28|0x0000000608400000, 0x0000000608400000, 0x0000000608800000|  0%| F|  |TAMS 0x0000000608400000| PB 0x0000000608400000| Untracked 
|  29|0x0000000608800000, 0x0000000608800000, 0x0000000608c00000|  0%| F|  |TAMS 0x0000000608800000| PB 0x0000000608800000| Untracked 
|  30|0x0000000608c00000, 0x0000000608c00000, 0x0000000609000000|  0%| F|  |TAMS 0x0000000608c00000| PB 0x0000000608c00000| Untracked 
|  31|0x0000000609000000, 0x0000000609000000, 0x0000000609400000|  0%| F|  |TAMS 0x0000000609000000| PB 0x0000000609000000| Untracked 
|  32|0x0000000609400000, 0x0000000609400000, 0x0000000609800000|  0%| F|  |TAMS 0x0000000609400000| PB 0x0000000609400000| Untracked 
|  33|0x0000000609800000, 0x0000000609800000, 0x0000000609c00000|  0%| F|  |TAMS 0x0000000609800000| PB 0x0000000609800000| Untracked 
|  34|0x0000000609c00000, 0x0000000609c00000, 0x000000060a000000|  0%| F|  |TAMS 0x0000000609c00000| PB 0x0000000609c00000| Untracked 
|  35|0x000000060a000000, 0x000000060a000000, 0x000000060a400000|  0%| F|  |TAMS 0x000000060a000000| PB 0x000000060a000000| Untracked 
|  36|0x000000060a400000, 0x000000060a400000, 0x000000060a800000|  0%| F|  |TAMS 0x000000060a400000| PB 0x000000060a400000| Untracked 
|  37|0x000000060a800000, 0x000000060a800000, 0x000000060ac00000|  0%| F|  |TAMS 0x000000060a800000| PB 0x000000060a800000| Untracked 
|  38|0x000000060ac00000, 0x000000060ac00000, 0x000000060b000000|  0%| F|  |TAMS 0x000000060ac00000| PB 0x000000060ac00000| Untracked 
|  39|0x000000060b000000, 0x000000060b000000, 0x000000060b400000|  0%| F|  |TAMS 0x000000060b000000| PB 0x000000060b000000| Untracked 
|  40|0x000000060b400000, 0x000000060b400000, 0x000000060b800000|  0%| F|  |TAMS 0x000000060b400000| PB 0x000000060b400000| Untracked 
|  41|0x000000060b800000, 0x000000060b800000, 0x000000060bc00000|  0%| F|  |TAMS 0x000000060b800000| PB 0x000000060b800000| Untracked 
|  42|0x000000060bc00000, 0x000000060bc00000, 0x000000060c000000|  0%| F|  |TAMS 0x000000060bc00000| PB 0x000000060bc00000| Untracked 
|  43|0x000000060c000000, 0x000000060c000000, 0x000000060c400000|  0%| F|  |TAMS 0x000000060c000000| PB 0x000000060c000000| Untracked 
|  44|0x000000060c400000, 0x000000060c400000, 0x000000060c800000|  0%| F|  |TAMS 0x000000060c400000| PB 0x000000060c400000| Untracked 
|  45|0x000000060c800000, 0x000000060c800000, 0x000000060cc00000|  0%| F|  |TAMS 0x000000060c800000| PB 0x000000060c800000| Untracked 
|  46|0x000000060cc00000, 0x000000060cc00000, 0x000000060d000000|  0%| F|  |TAMS 0x000000060cc00000| PB 0x000000060cc00000| Untracked 
|  47|0x000000060d000000, 0x000000060d000000, 0x000000060d400000|  0%| F|  |TAMS 0x000000060d000000| PB 0x000000060d000000| Untracked 
|  48|0x000000060d400000, 0x000000060d400000, 0x000000060d800000|  0%| F|  |TAMS 0x000000060d400000| PB 0x000000060d400000| Untracked 
|  49|0x000000060d800000, 0x000000060d800000, 0x000000060dc00000|  0%| F|  |TAMS 0x000000060d800000| PB 0x000000060d800000| Untracked 
|  50|0x000000060dc00000, 0x000000060dc00000, 0x000000060e000000|  0%| F|  |TAMS 0x000000060dc00000| PB 0x000000060dc00000| Untracked 
|  51|0x000000060e000000, 0x000000060e000000, 0x000000060e400000|  0%| F|  |TAMS 0x000000060e000000| PB 0x000000060e000000| Untracked 
|  52|0x000000060e400000, 0x000000060e400000, 0x000000060e800000|  0%| F|  |TAMS 0x000000060e400000| PB 0x000000060e400000| Untracked 
|  53|0x000000060e800000, 0x000000060e800000, 0x000000060ec00000|  0%| F|  |TAMS 0x000000060e800000| PB 0x000000060e800000| Untracked 
|  54|0x000000060ec00000, 0x000000060ec00000, 0x000000060f000000|  0%| F|  |TAMS 0x000000060ec00000| PB 0x000000060ec00000| Untracked 
|  55|0x000000060f000000, 0x000000060f000000, 0x000000060f400000|  0%| F|  |TAMS 0x000000060f000000| PB 0x000000060f000000| Untracked 
|  56|0x000000060f400000, 0x000000060f400000, 0x000000060f800000|  0%| F|  |TAMS 0x000000060f400000| PB 0x000000060f400000| Untracked 
|  57|0x000000060f800000, 0x000000060f800000, 0x000000060fc00000|  0%| F|  |TAMS 0x000000060f800000| PB 0x000000060f800000| Untracked 
|  58|0x000000060fc00000, 0x000000060fc00000, 0x0000000610000000|  0%| F|  |TAMS 0x000000060fc00000| PB 0x000000060fc00000| Untracked 
|  59|0x0000000610000000, 0x0000000610000000, 0x0000000610400000|  0%| F|  |TAMS 0x0000000610000000| PB 0x0000000610000000| Untracked 
|  60|0x0000000610400000, 0x0000000610400000, 0x0000000610800000|  0%| F|  |TAMS 0x0000000610400000| PB 0x0000000610400000| Untracked 
|  61|0x0000000610800000, 0x0000000610800000, 0x0000000610c00000|  0%| F|  |TAMS 0x0000000610800000| PB 0x0000000610800000| Untracked 
|  62|0x0000000610c00000, 0x0000000610c00000, 0x0000000611000000|  0%| F|  |TAMS 0x0000000610c00000| PB 0x0000000610c00000| Untracked 
|  63|0x0000000611000000, 0x0000000611000000, 0x0000000611400000|  0%| F|  |TAMS 0x0000000611000000| PB 0x0000000611000000| Untracked 
|  64|0x0000000611400000, 0x0000000611400000, 0x0000000611800000|  0%| F|  |TAMS 0x0000000611400000| PB 0x0000000611400000| Untracked 
|  65|0x0000000611800000, 0x0000000611800000, 0x0000000611c00000|  0%| F|  |TAMS 0x0000000611800000| PB 0x0000000611800000| Untracked 
|  66|0x0000000611c00000, 0x0000000611c00000, 0x0000000612000000|  0%| F|  |TAMS 0x0000000611c00000| PB 0x0000000611c00000| Untracked 
|  67|0x0000000612000000, 0x0000000612000000, 0x0000000612400000|  0%| F|  |TAMS 0x0000000612000000| PB 0x0000000612000000| Untracked 
|  68|0x0000000612400000, 0x0000000612400000, 0x0000000612800000|  0%| F|  |TAMS 0x0000000612400000| PB 0x0000000612400000| Untracked 
|  69|0x0000000612800000, 0x0000000612800000, 0x0000000612c00000|  0%| F|  |TAMS 0x0000000612800000| PB 0x0000000612800000| Untracked 
|  70|0x0000000612c00000, 0x0000000612c00000, 0x0000000613000000|  0%| F|  |TAMS 0x0000000612c00000| PB 0x0000000612c00000| Untracked 
|  71|0x0000000613000000, 0x0000000613000000, 0x0000000613400000|  0%| F|  |TAMS 0x0000000613000000| PB 0x0000000613000000| Untracked 
|  72|0x0000000613400000, 0x0000000613400000, 0x0000000613800000|  0%| F|  |TAMS 0x0000000613400000| PB 0x0000000613400000| Untracked 
|  73|0x0000000613800000, 0x0000000613800000, 0x0000000613c00000|  0%| F|  |TAMS 0x0000000613800000| PB 0x0000000613800000| Untracked 
|  74|0x0000000613c00000, 0x0000000613c00000, 0x0000000614000000|  0%| F|  |TAMS 0x0000000613c00000| PB 0x0000000613c00000| Untracked 
|  75|0x0000000614000000, 0x0000000614000000, 0x0000000614400000|  0%| F|  |TAMS 0x0000000614000000| PB 0x0000000614000000| Untracked 
|  76|0x0000000614400000, 0x0000000614400000, 0x0000000614800000|  0%| F|  |TAMS 0x0000000614400000| PB 0x0000000614400000| Untracked 
|  77|0x0000000614800000, 0x0000000614800000, 0x0000000614c00000|  0%| F|  |TAMS 0x0000000614800000| PB 0x0000000614800000| Untracked 
|  78|0x0000000614c00000, 0x0000000614c00000, 0x0000000615000000|  0%| F|  |TAMS 0x0000000614c00000| PB 0x0000000614c00000| Untracked 
|  79|0x0000000615000000, 0x0000000615000000, 0x0000000615400000|  0%| F|  |TAMS 0x0000000615000000| PB 0x0000000615000000| Untracked 
|  80|0x0000000615400000, 0x0000000615400000, 0x0000000615800000|  0%| F|  |TAMS 0x0000000615400000| PB 0x0000000615400000| Untracked 
|  81|0x0000000615800000, 0x0000000615800000, 0x0000000615c00000|  0%| F|  |TAMS 0x0000000615800000| PB 0x0000000615800000| Untracked 
|  82|0x0000000615c00000, 0x0000000615c00000, 0x0000000616000000|  0%| F|  |TAMS 0x0000000615c00000| PB 0x0000000615c00000| Untracked 
|  83|0x0000000616000000, 0x0000000616000000, 0x0000000616400000|  0%| F|  |TAMS 0x0000000616000000| PB 0x0000000616000000| Untracked 
|  84|0x0000000616400000, 0x0000000616400000, 0x0000000616800000|  0%| F|  |TAMS 0x0000000616400000| PB 0x0000000616400000| Untracked 
|  85|0x0000000616800000, 0x0000000616800000, 0x0000000616c00000|  0%| F|  |TAMS 0x0000000616800000| PB 0x0000000616800000| Untracked 
|  86|0x0000000616c00000, 0x0000000616c00000, 0x0000000617000000|  0%| F|  |TAMS 0x0000000616c00000| PB 0x0000000616c00000| Untracked 
|  87|0x0000000617000000, 0x0000000617000000, 0x0000000617400000|  0%| F|  |TAMS 0x0000000617000000| PB 0x0000000617000000| Untracked 
|  88|0x0000000617400000, 0x0000000617400000, 0x0000000617800000|  0%| F|  |TAMS 0x0000000617400000| PB 0x0000000617400000| Untracked 
|  89|0x0000000617800000, 0x0000000617800000, 0x0000000617c00000|  0%| F|  |TAMS 0x0000000617800000| PB 0x0000000617800000| Untracked 
|  90|0x0000000617c00000, 0x0000000617c00000, 0x0000000618000000|  0%| F|  |TAMS 0x0000000617c00000| PB 0x0000000617c00000| Untracked 
|  91|0x0000000618000000, 0x0000000618000000, 0x0000000618400000|  0%| F|  |TAMS 0x0000000618000000| PB 0x0000000618000000| Untracked 
|  92|0x0000000618400000, 0x0000000618400000, 0x0000000618800000|  0%| F|  |TAMS 0x0000000618400000| PB 0x0000000618400000| Untracked 
|  93|0x0000000618800000, 0x0000000618800000, 0x0000000618c00000|  0%| F|  |TAMS 0x0000000618800000| PB 0x0000000618800000| Untracked 
|  94|0x0000000618c00000, 0x0000000618c00000, 0x0000000619000000|  0%| F|  |TAMS 0x0000000618c00000| PB 0x0000000618c00000| Untracked 
|  95|0x0000000619000000, 0x0000000619000000, 0x0000000619400000|  0%| F|  |TAMS 0x0000000619000000| PB 0x0000000619000000| Untracked 
|  96|0x0000000619400000, 0x0000000619400000, 0x0000000619800000|  0%| F|  |TAMS 0x0000000619400000| PB 0x0000000619400000| Untracked 
|  97|0x0000000619800000, 0x0000000619800000, 0x0000000619c00000|  0%| F|  |TAMS 0x0000000619800000| PB 0x0000000619800000| Untracked 
|  98|0x0000000619c00000, 0x0000000619c00000, 0x000000061a000000|  0%| F|  |TAMS 0x0000000619c00000| PB 0x0000000619c00000| Untracked 
|  99|0x000000061a000000, 0x000000061a000000, 0x000000061a400000|  0%| F|  |TAMS 0x000000061a000000| PB 0x000000061a000000| Untracked 
| 100|0x000000061a400000, 0x000000061a400000, 0x000000061a800000|  0%| F|  |TAMS 0x000000061a400000| PB 0x000000061a400000| Untracked 
| 101|0x000000061a800000, 0x000000061aa0bb10, 0x000000061ac00000| 51%| S|CS|TAMS 0x000000061a800000| PB 0x000000061a800000| Complete 
| 102|0x000000061ac00000, 0x000000061b000000, 0x000000061b000000|100%| S|CS|TAMS 0x000000061ac00000| PB 0x000000061ac00000| Complete 
| 103|0x000000061b000000, 0x000000061b400000, 0x000000061b400000|100%| S|CS|TAMS 0x000000061b000000| PB 0x000000061b000000| Complete 
| 104|0x000000061b400000, 0x000000061b800000, 0x000000061b800000|100%| S|CS|TAMS 0x000000061b400000| PB 0x000000061b400000| Complete 
| 105|0x000000061b800000, 0x000000061bc00000, 0x000000061bc00000|100%| S|CS|TAMS 0x000000061b800000| PB 0x000000061b800000| Complete 
| 106|0x000000061bc00000, 0x000000061c000000, 0x000000061c000000|100%| S|CS|TAMS 0x000000061bc00000| PB 0x000000061bc00000| Complete 
| 107|0x000000061c000000, 0x000000061c400000, 0x000000061c400000|100%| S|CS|TAMS 0x000000061c000000| PB 0x000000061c000000| Complete 
| 108|0x000000061c400000, 0x000000061c800000, 0x000000061c800000|100%| S|CS|TAMS 0x000000061c400000| PB 0x000000061c400000| Complete 
| 109|0x000000061c800000, 0x000000061cc00000, 0x000000061cc00000|100%| S|CS|TAMS 0x000000061c800000| PB 0x000000061c800000| Complete 
| 110|0x000000061cc00000, 0x000000061d000000, 0x000000061d000000|100%| S|CS|TAMS 0x000000061cc00000| PB 0x000000061cc00000| Complete 
| 111|0x000000061d000000, 0x000000061d400000, 0x000000061d400000|100%| S|CS|TAMS 0x000000061d000000| PB 0x000000061d000000| Complete 
| 112|0x000000061d400000, 0x000000061d800000, 0x000000061d800000|100%| S|CS|TAMS 0x000000061d400000| PB 0x000000061d400000| Complete 
| 113|0x000000061d800000, 0x000000061dc00000, 0x000000061dc00000|100%| S|CS|TAMS 0x000000061d800000| PB 0x000000061d800000| Complete 
| 114|0x000000061dc00000, 0x000000061dc00000, 0x000000061e000000|  0%| F|  |TAMS 0x000000061dc00000| PB 0x000000061dc00000| Untracked 
| 115|0x000000061e000000, 0x000000061e000000, 0x000000061e400000|  0%| F|  |TAMS 0x000000061e000000| PB 0x000000061e000000| Untracked 
| 116|0x000000061e400000, 0x000000061e400000, 0x000000061e800000|  0%| F|  |TAMS 0x000000061e400000| PB 0x000000061e400000| Untracked 
| 117|0x000000061e800000, 0x000000061e800000, 0x000000061ec00000|  0%| F|  |TAMS 0x000000061e800000| PB 0x000000061e800000| Untracked 
| 118|0x000000061ec00000, 0x000000061ec00000, 0x000000061f000000|  0%| F|  |TAMS 0x000000061ec00000| PB 0x000000061ec00000| Untracked 
| 119|0x000000061f000000, 0x000000061f000000, 0x000000061f400000|  0%| F|  |TAMS 0x000000061f000000| PB 0x000000061f000000| Untracked 
| 120|0x000000061f400000, 0x000000061f400000, 0x000000061f800000|  0%| F|  |TAMS 0x000000061f400000| PB 0x000000061f400000| Untracked 
| 121|0x000000061f800000, 0x000000061f800000, 0x000000061fc00000|  0%| F|  |TAMS 0x000000061f800000| PB 0x000000061f800000| Untracked 
| 122|0x000000061fc00000, 0x000000061fc00000, 0x0000000620000000|  0%| F|  |TAMS 0x000000061fc00000| PB 0x000000061fc00000| Untracked 
| 123|0x0000000620000000, 0x0000000620000000, 0x0000000620400000|  0%| F|  |TAMS 0x0000000620000000| PB 0x0000000620000000| Untracked 
| 124|0x0000000620400000, 0x0000000620400000, 0x0000000620800000|  0%| F|  |TAMS 0x0000000620400000| PB 0x0000000620400000| Untracked 
| 125|0x0000000620800000, 0x0000000620800000, 0x0000000620c00000|  0%| F|  |TAMS 0x0000000620800000| PB 0x0000000620800000| Untracked 
| 126|0x0000000620c00000, 0x0000000620c00000, 0x0000000621000000|  0%| F|  |TAMS 0x0000000620c00000| PB 0x0000000620c00000| Untracked 
| 127|0x0000000621000000, 0x0000000621000000, 0x0000000621400000|  0%| F|  |TAMS 0x0000000621000000| PB 0x0000000621000000| Untracked 
| 128|0x0000000621400000, 0x0000000621400000, 0x0000000621800000|  0%| F|  |TAMS 0x0000000621400000| PB 0x0000000621400000| Untracked 
| 129|0x0000000621800000, 0x0000000621800000, 0x0000000621c00000|  0%| F|  |TAMS 0x0000000621800000| PB 0x0000000621800000| Untracked 
| 130|0x0000000621c00000, 0x0000000621c00000, 0x0000000622000000|  0%| F|  |TAMS 0x0000000621c00000| PB 0x0000000621c00000| Untracked 
| 131|0x0000000622000000, 0x0000000622000000, 0x0000000622400000|  0%| F|  |TAMS 0x0000000622000000| PB 0x0000000622000000| Untracked 
| 132|0x0000000622400000, 0x0000000622400000, 0x0000000622800000|  0%| F|  |TAMS 0x0000000622400000| PB 0x0000000622400000| Untracked 
| 133|0x0000000622800000, 0x0000000622800000, 0x0000000622c00000|  0%| F|  |TAMS 0x0000000622800000| PB 0x0000000622800000| Untracked 
| 134|0x0000000622c00000, 0x0000000622c00000, 0x0000000623000000|  0%| F|  |TAMS 0x0000000622c00000| PB 0x0000000622c00000| Untracked 
| 135|0x0000000623000000, 0x0000000623000000, 0x0000000623400000|  0%| F|  |TAMS 0x0000000623000000| PB 0x0000000623000000| Untracked 
| 136|0x0000000623400000, 0x0000000623400000, 0x0000000623800000|  0%| F|  |TAMS 0x0000000623400000| PB 0x0000000623400000| Untracked 
| 137|0x0000000623800000, 0x0000000623800000, 0x0000000623c00000|  0%| F|  |TAMS 0x0000000623800000| PB 0x0000000623800000| Untracked 
| 138|0x0000000623c00000, 0x0000000623c00000, 0x0000000624000000|  0%| F|  |TAMS 0x0000000623c00000| PB 0x0000000623c00000| Untracked 
| 139|0x0000000624000000, 0x0000000624000000, 0x0000000624400000|  0%| F|  |TAMS 0x0000000624000000| PB 0x0000000624000000| Untracked 
| 140|0x0000000624400000, 0x0000000624400000, 0x0000000624800000|  0%| F|  |TAMS 0x0000000624400000| PB 0x0000000624400000| Untracked 
| 141|0x0000000624800000, 0x0000000624800000, 0x0000000624c00000|  0%| F|  |TAMS 0x0000000624800000| PB 0x0000000624800000| Untracked 
| 142|0x0000000624c00000, 0x0000000624c00000, 0x0000000625000000|  0%| F|  |TAMS 0x0000000624c00000| PB 0x0000000624c00000| Untracked 
| 143|0x0000000625000000, 0x0000000625000000, 0x0000000625400000|  0%| F|  |TAMS 0x0000000625000000| PB 0x0000000625000000| Untracked 
| 144|0x0000000625400000, 0x0000000625400000, 0x0000000625800000|  0%| F|  |TAMS 0x0000000625400000| PB 0x0000000625400000| Untracked 
| 145|0x0000000625800000, 0x0000000625800000, 0x0000000625c00000|  0%| F|  |TAMS 0x0000000625800000| PB 0x0000000625800000| Untracked 
| 146|0x0000000625c00000, 0x0000000625c00000, 0x0000000626000000|  0%| F|  |TAMS 0x0000000625c00000| PB 0x0000000625c00000| Untracked 
| 147|0x0000000626000000, 0x0000000626000000, 0x0000000626400000|  0%| F|  |TAMS 0x0000000626000000| PB 0x0000000626000000| Untracked 
| 148|0x0000000626400000, 0x0000000626400000, 0x0000000626800000|  0%| F|  |TAMS 0x0000000626400000| PB 0x0000000626400000| Untracked 
| 149|0x0000000626800000, 0x0000000626800000, 0x0000000626c00000|  0%| F|  |TAMS 0x0000000626800000| PB 0x0000000626800000| Untracked 
| 150|0x0000000626c00000, 0x0000000626c00000, 0x0000000627000000|  0%| F|  |TAMS 0x0000000626c00000| PB 0x0000000626c00000| Untracked 
| 151|0x0000000627000000, 0x0000000627000000, 0x0000000627400000|  0%| F|  |TAMS 0x0000000627000000| PB 0x0000000627000000| Untracked 
| 152|0x0000000627400000, 0x0000000627400000, 0x0000000627800000|  0%| F|  |TAMS 0x0000000627400000| PB 0x0000000627400000| Untracked 
| 153|0x0000000627800000, 0x0000000627800000, 0x0000000627c00000|  0%| F|  |TAMS 0x0000000627800000| PB 0x0000000627800000| Untracked 
| 154|0x0000000627c00000, 0x0000000627c00000, 0x0000000628000000|  0%| F|  |TAMS 0x0000000627c00000| PB 0x0000000627c00000| Untracked 
| 155|0x0000000628000000, 0x0000000628000000, 0x0000000628400000|  0%| F|  |TAMS 0x0000000628000000| PB 0x0000000628000000| Untracked 
| 156|0x0000000628400000, 0x0000000628400000, 0x0000000628800000|  0%| F|  |TAMS 0x0000000628400000| PB 0x0000000628400000| Untracked 
| 157|0x0000000628800000, 0x0000000628800000, 0x0000000628c00000|  0%| F|  |TAMS 0x0000000628800000| PB 0x0000000628800000| Untracked 
| 158|0x0000000628c00000, 0x0000000628c00000, 0x0000000629000000|  0%| F|  |TAMS 0x0000000628c00000| PB 0x0000000628c00000| Untracked 
| 159|0x0000000629000000, 0x0000000629000000, 0x0000000629400000|  0%| F|  |TAMS 0x0000000629000000| PB 0x0000000629000000| Untracked 
| 160|0x0000000629400000, 0x0000000629400000, 0x0000000629800000|  0%| F|  |TAMS 0x0000000629400000| PB 0x0000000629400000| Untracked 
| 161|0x0000000629800000, 0x0000000629800000, 0x0000000629c00000|  0%| F|  |TAMS 0x0000000629800000| PB 0x0000000629800000| Untracked 
| 162|0x0000000629c00000, 0x0000000629c00000, 0x000000062a000000|  0%| F|  |TAMS 0x0000000629c00000| PB 0x0000000629c00000| Untracked 
| 163|0x000000062a000000, 0x000000062a000000, 0x000000062a400000|  0%| F|  |TAMS 0x000000062a000000| PB 0x000000062a000000| Untracked 
| 164|0x000000062a400000, 0x000000062a400000, 0x000000062a800000|  0%| F|  |TAMS 0x000000062a400000| PB 0x000000062a400000| Untracked 
| 165|0x000000062a800000, 0x000000062a800000, 0x000000062ac00000|  0%| F|  |TAMS 0x000000062a800000| PB 0x000000062a800000| Untracked 
| 166|0x000000062ac00000, 0x000000062ac00000, 0x000000062b000000|  0%| F|  |TAMS 0x000000062ac00000| PB 0x000000062ac00000| Untracked 
| 167|0x000000062b000000, 0x000000062b000000, 0x000000062b400000|  0%| F|  |TAMS 0x000000062b000000| PB 0x000000062b000000| Untracked 
| 168|0x000000062b400000, 0x000000062b400000, 0x000000062b800000|  0%| F|  |TAMS 0x000000062b400000| PB 0x000000062b400000| Untracked 
| 169|0x000000062b800000, 0x000000062b800000, 0x000000062bc00000|  0%| F|  |TAMS 0x000000062b800000| PB 0x000000062b800000| Untracked 
| 170|0x000000062bc00000, 0x000000062bc00000, 0x000000062c000000|  0%| F|  |TAMS 0x000000062bc00000| PB 0x000000062bc00000| Untracked 
| 171|0x000000062c000000, 0x000000062c000000, 0x000000062c400000|  0%| F|  |TAMS 0x000000062c000000| PB 0x000000062c000000| Untracked 
| 172|0x000000062c400000, 0x000000062c400000, 0x000000062c800000|  0%| F|  |TAMS 0x000000062c400000| PB 0x000000062c400000| Untracked 
| 173|0x000000062c800000, 0x000000062c800000, 0x000000062cc00000|  0%| F|  |TAMS 0x000000062c800000| PB 0x000000062c800000| Untracked 
| 174|0x000000062cc00000, 0x000000062cc00000, 0x000000062d000000|  0%| F|  |TAMS 0x000000062cc00000| PB 0x000000062cc00000| Untracked 
| 175|0x000000062d000000, 0x000000062d000000, 0x000000062d400000|  0%| F|  |TAMS 0x000000062d000000| PB 0x000000062d000000| Untracked 
| 176|0x000000062d400000, 0x000000062d400000, 0x000000062d800000|  0%| F|  |TAMS 0x000000062d400000| PB 0x000000062d400000| Untracked 
| 177|0x000000062d800000, 0x000000062d800000, 0x000000062dc00000|  0%| F|  |TAMS 0x000000062d800000| PB 0x000000062d800000| Untracked 
| 178|0x000000062dc00000, 0x000000062dc00000, 0x000000062e000000|  0%| F|  |TAMS 0x000000062dc00000| PB 0x000000062dc00000| Untracked 
| 179|0x000000062e000000, 0x000000062e000000, 0x000000062e400000|  0%| F|  |TAMS 0x000000062e000000| PB 0x000000062e000000| Untracked 
| 180|0x000000062e400000, 0x000000062e400000, 0x000000062e800000|  0%| F|  |TAMS 0x000000062e400000| PB 0x000000062e400000| Untracked 
| 181|0x000000062e800000, 0x000000062e800000, 0x000000062ec00000|  0%| F|  |TAMS 0x000000062e800000| PB 0x000000062e800000| Untracked 
| 182|0x000000062ec00000, 0x000000062ec00000, 0x000000062f000000|  0%| F|  |TAMS 0x000000062ec00000| PB 0x000000062ec00000| Untracked 
| 183|0x000000062f000000, 0x000000062f000000, 0x000000062f400000|  0%| F|  |TAMS 0x000000062f000000| PB 0x000000062f000000| Untracked 
| 184|0x000000062f400000, 0x000000062f400000, 0x000000062f800000|  0%| F|  |TAMS 0x000000062f400000| PB 0x000000062f400000| Untracked 
| 185|0x000000062f800000, 0x000000062f800000, 0x000000062fc00000|  0%| F|  |TAMS 0x000000062f800000| PB 0x000000062f800000| Untracked 
| 186|0x000000062fc00000, 0x000000062fc00000, 0x0000000630000000|  0%| F|  |TAMS 0x000000062fc00000| PB 0x000000062fc00000| Untracked 
| 187|0x0000000630000000, 0x0000000630000000, 0x0000000630400000|  0%| F|  |TAMS 0x0000000630000000| PB 0x0000000630000000| Untracked 
| 188|0x0000000630400000, 0x0000000630400000, 0x0000000630800000|  0%| F|  |TAMS 0x0000000630400000| PB 0x0000000630400000| Untracked 
| 189|0x0000000630800000, 0x0000000630800000, 0x0000000630c00000|  0%| F|  |TAMS 0x0000000630800000| PB 0x0000000630800000| Untracked 
| 190|0x0000000630c00000, 0x0000000630c00000, 0x0000000631000000|  0%| F|  |TAMS 0x0000000630c00000| PB 0x0000000630c00000| Untracked 
| 191|0x0000000631000000, 0x0000000631000000, 0x0000000631400000|  0%| F|  |TAMS 0x0000000631000000| PB 0x0000000631000000| Untracked 
| 192|0x0000000631400000, 0x0000000631400000, 0x0000000631800000|  0%| F|  |TAMS 0x0000000631400000| PB 0x0000000631400000| Untracked 
| 193|0x0000000631800000, 0x0000000631800000, 0x0000000631c00000|  0%| F|  |TAMS 0x0000000631800000| PB 0x0000000631800000| Untracked 
| 194|0x0000000631c00000, 0x0000000631c00000, 0x0000000632000000|  0%| F|  |TAMS 0x0000000631c00000| PB 0x0000000631c00000| Untracked 
| 195|0x0000000632000000, 0x0000000632000000, 0x0000000632400000|  0%| F|  |TAMS 0x0000000632000000| PB 0x0000000632000000| Untracked 
| 196|0x0000000632400000, 0x0000000632400000, 0x0000000632800000|  0%| F|  |TAMS 0x0000000632400000| PB 0x0000000632400000| Untracked 
| 197|0x0000000632800000, 0x0000000632800000, 0x0000000632c00000|  0%| F|  |TAMS 0x0000000632800000| PB 0x0000000632800000| Untracked 
| 198|0x0000000632c00000, 0x0000000632c00000, 0x0000000633000000|  0%| F|  |TAMS 0x0000000632c00000| PB 0x0000000632c00000| Untracked 
| 199|0x0000000633000000, 0x0000000633000000, 0x0000000633400000|  0%| F|  |TAMS 0x0000000633000000| PB 0x0000000633000000| Untracked 
| 200|0x0000000633400000, 0x0000000633400000, 0x0000000633800000|  0%| F|  |TAMS 0x0000000633400000| PB 0x0000000633400000| Untracked 
| 201|0x0000000633800000, 0x0000000633800000, 0x0000000633c00000|  0%| F|  |TAMS 0x0000000633800000| PB 0x0000000633800000| Untracked 
| 202|0x0000000633c00000, 0x0000000633c00000, 0x0000000634000000|  0%| F|  |TAMS 0x0000000633c00000| PB 0x0000000633c00000| Untracked 
| 203|0x0000000634000000, 0x0000000634000000, 0x0000000634400000|  0%| F|  |TAMS 0x0000000634000000| PB 0x0000000634000000| Untracked 
| 204|0x0000000634400000, 0x0000000634400000, 0x0000000634800000|  0%| F|  |TAMS 0x0000000634400000| PB 0x0000000634400000| Untracked 
| 205|0x0000000634800000, 0x0000000634800000, 0x0000000634c00000|  0%| F|  |TAMS 0x0000000634800000| PB 0x0000000634800000| Untracked 
| 206|0x0000000634c00000, 0x0000000634c00000, 0x0000000635000000|  0%| F|  |TAMS 0x0000000634c00000| PB 0x0000000634c00000| Untracked 
| 207|0x0000000635000000, 0x0000000635000000, 0x0000000635400000|  0%| F|  |TAMS 0x0000000635000000| PB 0x0000000635000000| Untracked 
| 208|0x0000000635400000, 0x0000000635400000, 0x0000000635800000|  0%| F|  |TAMS 0x0000000635400000| PB 0x0000000635400000| Untracked 
| 209|0x0000000635800000, 0x0000000635800000, 0x0000000635c00000|  0%| F|  |TAMS 0x0000000635800000| PB 0x0000000635800000| Untracked 
| 210|0x0000000635c00000, 0x0000000635c00000, 0x0000000636000000|  0%| F|  |TAMS 0x0000000635c00000| PB 0x0000000635c00000| Untracked 
| 211|0x0000000636000000, 0x0000000636000000, 0x0000000636400000|  0%| F|  |TAMS 0x0000000636000000| PB 0x0000000636000000| Untracked 
| 212|0x0000000636400000, 0x0000000636400000, 0x0000000636800000|  0%| F|  |TAMS 0x0000000636400000| PB 0x0000000636400000| Untracked 
| 213|0x0000000636800000, 0x0000000636800000, 0x0000000636c00000|  0%| F|  |TAMS 0x0000000636800000| PB 0x0000000636800000| Untracked 
| 214|0x0000000636c00000, 0x0000000636c00000, 0x0000000637000000|  0%| F|  |TAMS 0x0000000636c00000| PB 0x0000000636c00000| Untracked 
| 215|0x0000000637000000, 0x0000000637000000, 0x0000000637400000|  0%| F|  |TAMS 0x0000000637000000| PB 0x0000000637000000| Untracked 
| 216|0x0000000637400000, 0x0000000637400000, 0x0000000637800000|  0%| F|  |TAMS 0x0000000637400000| PB 0x0000000637400000| Untracked 
| 217|0x0000000637800000, 0x0000000637800000, 0x0000000637c00000|  0%| F|  |TAMS 0x0000000637800000| PB 0x0000000637800000| Untracked 
| 218|0x0000000637c00000, 0x0000000637c00000, 0x0000000638000000|  0%| F|  |TAMS 0x0000000637c00000| PB 0x0000000637c00000| Untracked 
| 219|0x0000000638000000, 0x0000000638000000, 0x0000000638400000|  0%| F|  |TAMS 0x0000000638000000| PB 0x0000000638000000| Untracked 
| 220|0x0000000638400000, 0x0000000638400000, 0x0000000638800000|  0%| F|  |TAMS 0x0000000638400000| PB 0x0000000638400000| Untracked 
| 221|0x0000000638800000, 0x0000000638800000, 0x0000000638c00000|  0%| F|  |TAMS 0x0000000638800000| PB 0x0000000638800000| Untracked 
| 222|0x0000000638c00000, 0x0000000638c00000, 0x0000000639000000|  0%| F|  |TAMS 0x0000000638c00000| PB 0x0000000638c00000| Untracked 
| 223|0x0000000639000000, 0x0000000639000000, 0x0000000639400000|  0%| F|  |TAMS 0x0000000639000000| PB 0x0000000639000000| Untracked 
| 224|0x0000000639400000, 0x0000000639400000, 0x0000000639800000|  0%| F|  |TAMS 0x0000000639400000| PB 0x0000000639400000| Untracked 
| 225|0x0000000639800000, 0x0000000639800000, 0x0000000639c00000|  0%| F|  |TAMS 0x0000000639800000| PB 0x0000000639800000| Untracked 
| 226|0x0000000639c00000, 0x0000000639c00000, 0x000000063a000000|  0%| F|  |TAMS 0x0000000639c00000| PB 0x0000000639c00000| Untracked 
| 227|0x000000063a000000, 0x000000063a000000, 0x000000063a400000|  0%| F|  |TAMS 0x000000063a000000| PB 0x000000063a000000| Untracked 
| 228|0x000000063a400000, 0x000000063a400000, 0x000000063a800000|  0%| F|  |TAMS 0x000000063a400000| PB 0x000000063a400000| Untracked 
| 229|0x000000063a800000, 0x000000063a800000, 0x000000063ac00000|  0%| F|  |TAMS 0x000000063a800000| PB 0x000000063a800000| Untracked 
| 230|0x000000063ac00000, 0x000000063ac00000, 0x000000063b000000|  0%| F|  |TAMS 0x000000063ac00000| PB 0x000000063ac00000| Untracked 
| 231|0x000000063b000000, 0x000000063b000000, 0x000000063b400000|  0%| F|  |TAMS 0x000000063b000000| PB 0x000000063b000000| Untracked 
| 232|0x000000063b400000, 0x000000063b400000, 0x000000063b800000|  0%| F|  |TAMS 0x000000063b400000| PB 0x000000063b400000| Untracked 
| 233|0x000000063b800000, 0x000000063b800000, 0x000000063bc00000|  0%| F|  |TAMS 0x000000063b800000| PB 0x000000063b800000| Untracked 
| 234|0x000000063bc00000, 0x000000063bc00000, 0x000000063c000000|  0%| F|  |TAMS 0x000000063bc00000| PB 0x000000063bc00000| Untracked 
| 235|0x000000063c000000, 0x000000063c000000, 0x000000063c400000|  0%| F|  |TAMS 0x000000063c000000| PB 0x000000063c000000| Untracked 
| 236|0x000000063c400000, 0x000000063c400000, 0x000000063c800000|  0%| F|  |TAMS 0x000000063c400000| PB 0x000000063c400000| Untracked 
| 237|0x000000063c800000, 0x000000063c800000, 0x000000063cc00000|  0%| F|  |TAMS 0x000000063c800000| PB 0x000000063c800000| Untracked 
| 238|0x000000063cc00000, 0x000000063cc00000, 0x000000063d000000|  0%| F|  |TAMS 0x000000063cc00000| PB 0x000000063cc00000| Untracked 
| 239|0x000000063d000000, 0x000000063d000000, 0x000000063d400000|  0%| F|  |TAMS 0x000000063d000000| PB 0x000000063d000000| Untracked 
| 240|0x000000063d400000, 0x000000063d400000, 0x000000063d800000|  0%| F|  |TAMS 0x000000063d400000| PB 0x000000063d400000| Untracked 
| 241|0x000000063d800000, 0x000000063d800000, 0x000000063dc00000|  0%| F|  |TAMS 0x000000063d800000| PB 0x000000063d800000| Untracked 
| 242|0x000000063dc00000, 0x000000063dc00000, 0x000000063e000000|  0%| F|  |TAMS 0x000000063dc00000| PB 0x000000063dc00000| Untracked 
| 243|0x000000063e000000, 0x000000063e000000, 0x000000063e400000|  0%| F|  |TAMS 0x000000063e000000| PB 0x000000063e000000| Untracked 
| 244|0x000000063e400000, 0x000000063e400000, 0x000000063e800000|  0%| F|  |TAMS 0x000000063e400000| PB 0x000000063e400000| Untracked 
| 245|0x000000063e800000, 0x000000063e800000, 0x000000063ec00000|  0%| F|  |TAMS 0x000000063e800000| PB 0x000000063e800000| Untracked 
| 246|0x000000063ec00000, 0x000000063ec00000, 0x000000063f000000|  0%| F|  |TAMS 0x000000063ec00000| PB 0x000000063ec00000| Untracked 
| 247|0x000000063f000000, 0x000000063f000000, 0x000000063f400000|  0%| F|  |TAMS 0x000000063f000000| PB 0x000000063f000000| Untracked 
| 248|0x000000063f400000, 0x000000063f400000, 0x000000063f800000|  0%| F|  |TAMS 0x000000063f400000| PB 0x000000063f400000| Untracked 
| 249|0x000000063f800000, 0x000000063f800000, 0x000000063fc00000|  0%| F|  |TAMS 0x000000063f800000| PB 0x000000063f800000| Untracked 
| 250|0x000000063fc00000, 0x000000063fc00000, 0x0000000640000000|  0%| F|  |TAMS 0x000000063fc00000| PB 0x000000063fc00000| Untracked 
| 251|0x0000000640000000, 0x0000000640000000, 0x0000000640400000|  0%| F|  |TAMS 0x0000000640000000| PB 0x0000000640000000| Untracked 
| 252|0x0000000640400000, 0x0000000640400000, 0x0000000640800000|  0%| F|  |TAMS 0x0000000640400000| PB 0x0000000640400000| Untracked 
| 253|0x0000000640800000, 0x0000000640800000, 0x0000000640c00000|  0%| F|  |TAMS 0x0000000640800000| PB 0x0000000640800000| Untracked 
| 254|0x0000000640c00000, 0x0000000640c00000, 0x0000000641000000|  0%| F|  |TAMS 0x0000000640c00000| PB 0x0000000640c00000| Untracked 
| 255|0x0000000641000000, 0x0000000641000000, 0x0000000641400000|  0%| F|  |TAMS 0x0000000641000000| PB 0x0000000641000000| Untracked 
| 256|0x0000000641400000, 0x0000000641400000, 0x0000000641800000|  0%| F|  |TAMS 0x0000000641400000| PB 0x0000000641400000| Untracked 
| 257|0x0000000641800000, 0x0000000641800000, 0x0000000641c00000|  0%| F|  |TAMS 0x0000000641800000| PB 0x0000000641800000| Untracked 
| 258|0x0000000641c00000, 0x0000000641c00000, 0x0000000642000000|  0%| F|  |TAMS 0x0000000641c00000| PB 0x0000000641c00000| Untracked 
| 259|0x0000000642000000, 0x0000000642000000, 0x0000000642400000|  0%| F|  |TAMS 0x0000000642000000| PB 0x0000000642000000| Untracked 
| 260|0x0000000642400000, 0x0000000642400000, 0x0000000642800000|  0%| F|  |TAMS 0x0000000642400000| PB 0x0000000642400000| Untracked 
| 261|0x0000000642800000, 0x0000000642800000, 0x0000000642c00000|  0%| F|  |TAMS 0x0000000642800000| PB 0x0000000642800000| Untracked 
| 262|0x0000000642c00000, 0x0000000642c00000, 0x0000000643000000|  0%| F|  |TAMS 0x0000000642c00000| PB 0x0000000642c00000| Untracked 
| 263|0x0000000643000000, 0x0000000643000000, 0x0000000643400000|  0%| F|  |TAMS 0x0000000643000000| PB 0x0000000643000000| Untracked 
| 264|0x0000000643400000, 0x0000000643400000, 0x0000000643800000|  0%| F|  |TAMS 0x0000000643400000| PB 0x0000000643400000| Untracked 
| 265|0x0000000643800000, 0x0000000643800000, 0x0000000643c00000|  0%| F|  |TAMS 0x0000000643800000| PB 0x0000000643800000| Untracked 
| 266|0x0000000643c00000, 0x0000000643c00000, 0x0000000644000000|  0%| F|  |TAMS 0x0000000643c00000| PB 0x0000000643c00000| Untracked 
| 267|0x0000000644000000, 0x0000000644000000, 0x0000000644400000|  0%| F|  |TAMS 0x0000000644000000| PB 0x0000000644000000| Untracked 
| 268|0x0000000644400000, 0x0000000644400000, 0x0000000644800000|  0%| F|  |TAMS 0x0000000644400000| PB 0x0000000644400000| Untracked 
| 269|0x0000000644800000, 0x0000000644800000, 0x0000000644c00000|  0%| F|  |TAMS 0x0000000644800000| PB 0x0000000644800000| Untracked 
| 270|0x0000000644c00000, 0x0000000644c00000, 0x0000000645000000|  0%| F|  |TAMS 0x0000000644c00000| PB 0x0000000644c00000| Untracked 
| 271|0x0000000645000000, 0x0000000645000000, 0x0000000645400000|  0%| F|  |TAMS 0x0000000645000000| PB 0x0000000645000000| Untracked 
| 272|0x0000000645400000, 0x0000000645400000, 0x0000000645800000|  0%| F|  |TAMS 0x0000000645400000| PB 0x0000000645400000| Untracked 
| 273|0x0000000645800000, 0x0000000645800000, 0x0000000645c00000|  0%| F|  |TAMS 0x0000000645800000| PB 0x0000000645800000| Untracked 
| 274|0x0000000645c00000, 0x0000000645c00000, 0x0000000646000000|  0%| F|  |TAMS 0x0000000645c00000| PB 0x0000000645c00000| Untracked 
| 275|0x0000000646000000, 0x0000000646000000, 0x0000000646400000|  0%| F|  |TAMS 0x0000000646000000| PB 0x0000000646000000| Untracked 
| 276|0x0000000646400000, 0x0000000646400000, 0x0000000646800000|  0%| F|  |TAMS 0x0000000646400000| PB 0x0000000646400000| Untracked 
| 277|0x0000000646800000, 0x0000000646800000, 0x0000000646c00000|  0%| F|  |TAMS 0x0000000646800000| PB 0x0000000646800000| Untracked 
| 278|0x0000000646c00000, 0x0000000646c00000, 0x0000000647000000|  0%| F|  |TAMS 0x0000000646c00000| PB 0x0000000646c00000| Untracked 
| 279|0x0000000647000000, 0x0000000647000000, 0x0000000647400000|  0%| F|  |TAMS 0x0000000647000000| PB 0x0000000647000000| Untracked 
| 280|0x0000000647400000, 0x0000000647600800, 0x0000000647800000| 50%| E|  |TAMS 0x0000000647400000| PB 0x0000000647400000| Complete 
| 281|0x0000000647800000, 0x0000000647c00000, 0x0000000647c00000|100%| E|CS|TAMS 0x0000000647800000| PB 0x0000000647800000| Complete 
| 282|0x0000000647c00000, 0x0000000648000000, 0x0000000648000000|100%| E|CS|TAMS 0x0000000647c00000| PB 0x0000000647c00000| Complete 
| 283|0x0000000648000000, 0x0000000648400000, 0x0000000648400000|100%| E|CS|TAMS 0x0000000648000000| PB 0x0000000648000000| Complete 
| 284|0x0000000648400000, 0x0000000648800000, 0x0000000648800000|100%| E|CS|TAMS 0x0000000648400000| PB 0x0000000648400000| Complete 

Card table byte_map: [0x0000019bfa920000,0x0000019bfb920000] _byte_map_base: 0x0000019bf7916000

Marking Bits: (CMBitMap*) 0x0000019bf0c92ca0
 Bits: [0x0000019b8f000000, 0x0000019b96fb0000)

Polling page: 0x0000019beec20000

Metaspace:

Usage:
  Non-class:      7.48 MB used.
      Class:    524.25 KB used.
       Both:      7.99 MB used.

Virtual space:
  Non-class space:       64.00 MB reserved,       7.62 MB ( 12%) committed,  1 nodes.
      Class space:        1.00 GB reserved,     640.00 KB ( <1%) committed,  1 nodes.
             Both:        1.06 GB reserved,       8.25 MB ( <1%) committed. 

Chunk freelists:
   Non-Class:  7.36 MB
       Class:  15.41 MB
        Both:  22.77 MB

MaxMetaspaceSize: unlimited
CompressedClassSpaceSize: 1.00 GB
Initial GC threshold: 21.00 MB
Current GC threshold: 21.00 MB
CDS: on
 - commit_granule_bytes: 65536.
 - commit_granule_words: 8192.
 - virtual_space_node_default_size: 8388608.
 - enlarge_chunks_in_place: 1.
 - use_allocation_guard: 0.


Internal statistics:

num_allocs_failed_limit: 0.
num_arena_births: 180.
num_arena_deaths: 0.
num_vsnodes_births: 2.
num_vsnodes_deaths: 0.
num_space_committed: 130.
num_space_uncommitted: 0.
num_chunks_returned_to_freelist: 0.
num_chunks_taken_from_freelist: 398.
num_chunk_merges: 0.
num_chunk_splits: 270.
num_chunks_enlarged: 197.
num_inconsistent_stats: 0.

CodeHeap 'non-profiled nmethods': size=119168Kb used=752Kb max_used=752Kb free=118415Kb
 bounds [0x0000019b87ba0000, 0x0000019b87e10000, 0x0000019b8f000000]
CodeHeap 'profiled nmethods': size=119104Kb used=2854Kb max_used=2854Kb free=116249Kb
 bounds [0x0000019b80000000, 0x0000019b802d0000, 0x0000019b87450000]
CodeHeap 'non-nmethods': size=7488Kb used=4176Kb max_used=4212Kb free=3311Kb
 bounds [0x0000019b87450000, 0x0000019b87880000, 0x0000019b87ba0000]
 total_blobs=3133 nmethods=1742 adapters=1293
 compilation: enabled
              stopped_count=0, restarted_count=0
 full_count=0

Compilation events (20 events):
Event: 2.530 Thread 0x0000019bd803dc00 nmethod 1731 0x0000019b802c4a90 code [0x0000019b802c4c20, 0x0000019b802c4d48]
Event: 2.530 Thread 0x0000019bd803c790 nmethod 1732 0x0000019b802c4e10 code [0x0000019b802c4fa0, 0x0000019b802c50c8]
Event: 2.530 Thread 0x0000019bd803dc00 1733       3       jdk.internal.math.DoubleToDecimal::toChars (161 bytes)
Event: 2.530 Thread 0x0000019bd803c790 1734       3       java.lang.Long::numberOfLeadingZeros (26 bytes)
Event: 2.530 Thread 0x0000019bd803c0c0 nmethod 1736 0x0000019b802c5190 code [0x0000019b802c5340, 0x0000019b802c5528]
Event: 2.530 Thread 0x0000019bd803c0c0 1735       3       jdk.internal.math.FormattedFPDecimal::set (17 bytes)
Event: 2.530 Thread 0x0000019bd803c790 nmethod 1734 0x0000019b802c5610 code [0x0000019b802c57e0, 0x0000019b802c5998]
Event: 2.530 Thread 0x0000019bd803c0c0 nmethod 1735 0x0000019b802c5a90 code [0x0000019b802c5c20, 0x0000019b802c5d38]
Event: 2.530 Thread 0x0000019bd803c790 1737       3       org.lwjgl.opengl.GL30::glBindVertexArray (5 bytes)
Event: 2.530 Thread 0x0000019bd803c0c0 1739       3       org.lwjgl.opengl.GL20::glUseProgram (5 bytes)
Event: 2.530 Thread 0x0000019bd803c790 nmethod 1737 0x0000019b802c5e10 code [0x0000019b802c5fc0, 0x0000019b802c60d8]
Event: 2.530 Thread 0x0000019bd803c0c0 nmethod 1739 0x0000019b802c6190 code [0x0000019b802c6340, 0x0000019b802c6458]
Event: 2.530 Thread 0x0000019bd803c790 1741       3       org.lwjgl.opengl.GL13::glActiveTexture (5 bytes)
Event: 2.530 Thread 0x0000019bd803c0c0 1743       3       org.lwjgl.opengl.GL14::glBlendFuncSeparate (8 bytes)
Event: 2.530 Thread 0x0000019bd803c790 nmethod 1741 0x0000019b802c6510 code [0x0000019b802c66c0, 0x0000019b802c67d8]
Event: 2.530 Thread 0x0000019bd803c0c0 nmethod 1743 0x0000019b802c6890 code [0x0000019b802c6a40, 0x0000019b802c6b58]
Event: 2.530 Thread 0x0000019bd803b9f0 nmethod 1729 0x0000019b802c6c10 code [0x0000019b802c6e80, 0x0000019b802c7a98]
Event: 2.530 Thread 0x0000019bd803dc00 nmethod 1733 0x0000019b802c8010 code [0x0000019b802c82c0, 0x0000019b802c8dc0]
Event: 2.536 Thread 0x0000019bd803b9f0 1745       3       jdk.internal.math.FormattedFPDecimal::plainCharsPureFraction (65 bytes)
Event: 2.536 Thread 0x0000019bd803b9f0 nmethod 1745 0x0000019b802c9290 code [0x0000019b802c9460, 0x0000019b802c9848]

GC Heap History (16 events):
Event: 0.836 GC heap before
{Heap before GC invocations=0 (full 0):
 garbage-first heap   total 524288K, used 28672K [0x0000000601400000, 0x0000000800000000)
  region size 4096K, 6 young (24576K), 0 survivors (0K)
 Metaspace       used 7334K, committed 7488K, reserved 1114112K
  class space    used 458K, committed 512K, reserved 1048576K
}
Event: 0.838 GC heap after
{Heap after GC invocations=1 (full 0):
 garbage-first heap   total 524288K, used 11122K [0x0000000601400000, 0x0000000800000000)
  region size 4096K, 1 young (4096K), 1 survivors (4096K)
 Metaspace       used 7334K, committed 7488K, reserved 1114112K
  class space    used 458K, committed 512K, reserved 1048576K
}
Event: 0.853 GC heap before
{Heap before GC invocations=1 (full 0):
 garbage-first heap   total 524288K, used 43890K [0x0000000601400000, 0x0000000800000000)
  region size 4096K, 9 young (36864K), 1 survivors (4096K)
 Metaspace       used 7344K, committed 7488K, reserved 1114112K
  class space    used 459K, committed 512K, reserved 1048576K
}
Event: 0.855 GC heap after
{Heap after GC invocations=2 (full 0):
 garbage-first heap   total 524288K, used 11388K [0x0000000601400000, 0x0000000800000000)
  region size 4096K, 1 young (4096K), 1 survivors (4096K)
 Metaspace       used 7344K, committed 7488K, reserved 1114112K
  class space    used 459K, committed 512K, reserved 1048576K
}
Event: 0.991 GC heap before
{Heap before GC invocations=2 (full 0):
 garbage-first heap   total 524288K, used 318588K [0x0000000601400000, 0x0000000800000000)
  region size 4096K, 76 young (311296K), 1 survivors (4096K)
 Metaspace       used 7344K, committed 7488K, reserved 1114112K
  class space    used 459K, committed 512K, reserved 1048576K
}
Event: 1.000 GC heap after
{Heap after GC invocations=3 (full 0):
 garbage-first heap   total 524288K, used 15897K [0x0000000601400000, 0x0000000800000000)
  region size 4096K, 2 young (8192K), 2 survivors (8192K)
 Metaspace       used 7344K, committed 7488K, reserved 1114112K
  class space    used 459K, committed 512K, reserved 1048576K
}
Event: 1.056 GC heap before
{Heap before GC invocations=3 (full 0):
 garbage-first heap   total 524288K, used 319001K [0x0000000601400000, 0x0000000800000000)
  region size 4096K, 76 young (311296K), 2 survivors (8192K)
 Metaspace       used 7346K, committed 7488K, reserved 1114112K
  class space    used 459K, committed 512K, reserved 1048576K
}
Event: 1.072 GC heap after
{Heap after GC invocations=4 (full 0):
 garbage-first heap   total 524288K, used 20840K [0x0000000601400000, 0x0000000800000000)
  region size 4096K, 4 young (16384K), 4 survivors (16384K)
 Metaspace       used 7346K, committed 7488K, reserved 1114112K
  class space    used 459K, committed 512K, reserved 1048576K
}
Event: 1.128 GC heap before
{Heap before GC invocations=4 (full 0):
 garbage-first heap   total 524288K, used 315752K [0x0000000601400000, 0x0000000800000000)
  region size 4096K, 76 young (311296K), 4 survivors (16384K)
 Metaspace       used 7346K, committed 7488K, reserved 1114112K
  class space    used 459K, committed 512K, reserved 1048576K
}
Event: 1.150 GC heap after
{Heap after GC invocations=5 (full 0):
 garbage-first heap   total 524288K, used 25555K [0x0000000601400000, 0x0000000800000000)
  region size 4096K, 5 young (20480K), 5 survivors (20480K)
 Metaspace       used 7346K, committed 7488K, reserved 1114112K
  class space    used 459K, committed 512K, reserved 1048576K
}
Event: 1.204 GC heap before
{Heap before GC invocations=5 (full 0):
 garbage-first heap   total 524288K, used 316371K [0x0000000601400000, 0x0000000800000000)
  region size 4096K, 76 young (311296K), 5 survivors (20480K)
 Metaspace       used 7728K, committed 7936K, reserved 1114112K
  class space    used 490K, committed 576K, reserved 1048576K
}
Event: 1.233 GC heap after
{Heap after GC invocations=6 (full 0):
 garbage-first heap   total 1167360K, used 31275K [0x0000000601400000, 0x0000000800000000)
  region size 4096K, 6 young (24576K), 6 survivors (24576K)
 Metaspace       used 7728K, committed 7936K, reserved 1114112K
  class space    used 490K, committed 576K, reserved 1048576K
}
Event: 1.483 GC heap before
{Heap before GC invocations=6 (full 0):
 garbage-first heap   total 1167360K, used 612907K [0x0000000601400000, 0x0000000800000000)
  region size 4096K, 148 young (606208K), 6 survivors (24576K)
 Metaspace       used 7728K, committed 7936K, reserved 1114112K
  class space    used 490K, committed 576K, reserved 1048576K
}
Event: 1.528 GC heap after
{Heap after GC invocations=7 (full 0):
 garbage-first heap   total 1167360K, used 41541K [0x0000000601400000, 0x0000000800000000)
  region size 4096K, 9 young (36864K), 9 survivors (36864K)
 Metaspace       used 7728K, committed 7936K, reserved 1114112K
  class space    used 490K, committed 576K, reserved 1048576K
}
Event: 1.698 GC heap before
{Heap before GC invocations=7 (full 0):
 garbage-first heap   total 1167360K, used 705093K [0x0000000601400000, 0x0000000800000000)
  region size 4096K, 171 young (700416K), 9 survivors (36864K)
 Metaspace       used 7790K, committed 7936K, reserved 1114112K
  class space    used 495K, committed 576K, reserved 1048576K
}
Event: 1.713 GC heap after
{Heap after GC invocations=8 (full 0):
 garbage-first heap   total 1167360K, used 59438K [0x0000000601400000, 0x0000000800000000)
  region size 4096K, 13 young (53248K), 13 survivors (53248K)
 Metaspace       used 7790K, committed 7936K, reserved 1114112K
  class space    used 495K, committed 576K, reserved 1048576K
}

Dll operation events (16 events):
Event: 0.007 Loaded shared library C:\Users\Dimitri Velovski\.jdks\openjdk-21.0.2\bin\java.dll
Event: 0.025 Loaded shared library C:\Users\Dimitri Velovski\.jdks\openjdk-21.0.2\bin\jsvml.dll
Event: 0.074 Loaded shared library C:\Users\Dimitri Velovski\.jdks\openjdk-21.0.2\bin\zip.dll
Event: 0.076 Loaded shared library C:\Users\Dimitri Velovski\.jdks\openjdk-21.0.2\bin\instrument.dll
Event: 0.080 Loaded shared library C:\Users\Dimitri Velovski\.jdks\openjdk-21.0.2\bin\net.dll
Event: 0.082 Loaded shared library C:\Users\Dimitri Velovski\.jdks\openjdk-21.0.2\bin\nio.dll
Event: 0.085 Loaded shared library C:\Users\Dimitri Velovski\.jdks\openjdk-21.0.2\bin\zip.dll
Event: 0.112 Loaded shared library C:\Program Files\JetBrains\IntelliJ IDEA Community Edition 2023.2.5\bin\breakgen64.dll
Event: 0.119 Loaded shared library C:\Users\Dimitri Velovski\.jdks\openjdk-21.0.2\bin\extnet.dll
Event: 0.127 Loaded shared library C:\Users\Dimitri Velovski\.jdks\openjdk-21.0.2\bin\jimage.dll
Event: 0.155 Loaded shared library C:\Users\Dimitri Velovski\.jdks\openjdk-21.0.2\bin\verify.dll
Event: 0.195 Loaded shared library C:\Users\Dimitri Velovski\AppData\Local\Temp\lwjgl_Dimitri Velovski\3.3.3+5\x64\lwjgl.dll
Event: 0.441 Loaded shared library C:\Users\Dimitri Velovski\AppData\Local\Temp\lwjgl_Dimitri Velovski\3.3.3+5\x64\lwjgl_stb.dll
Event: 0.452 Loaded shared library C:\Users\Dimitri Velovski\AppData\Local\Temp\lwjgl_Dimitri Velovski\3.3.3+5\x64\lwjgl_opengl.dll
Event: 0.744 Loaded shared library C:\Users\Dimitri Velovski\AppData\Local\Temp\imgui-java-natives\1.86.11\imgui-java64.dll
Event: 0.786 Loaded shared library C:\Users\Dimitri Velovski\AppData\Local\Temp\lwjgl_Dimitri Velovski\3.3.3+5\x64\lwjgl_nanovg.dll

Deoptimization events (20 events):
Event: 1.755 Thread 0x0000019bee9d3a30 Uncommon trap: trap_request=0xffffff45 fr.pc=0x0000019b87c1ce74 relative=0x0000000000000054
Event: 1.755 Thread 0x0000019bee9d3a30 Uncommon trap: reason=unstable_if action=reinterpret pc=0x0000019b87c1ce74 method=java.lang.CharacterData.of(I)Ljava/lang/CharacterData; @ 4 c2
Event: 1.755 Thread 0x0000019bee9d3a30 DEOPT PACKING pc=0x0000019b87c1ce74 sp=0x0000005ab6cfe210
Event: 1.755 Thread 0x0000019bee9d3a30 DEOPT UNPACKING pc=0x0000019b874a46a2 sp=0x0000005ab6cfe1b0 mode 2
Event: 1.757 Thread 0x0000019bee9d3a30 Uncommon trap: trap_request=0xffffffde fr.pc=0x0000019b87c186d8 relative=0x00000000000005b8
Event: 1.757 Thread 0x0000019bee9d3a30 Uncommon trap: reason=class_check action=maybe_recompile pc=0x0000019b87c186d8 method=java.util.regex.Pattern$Start.match(Ljava/util/regex/Matcher;ILjava/lang/CharSequence;)Z @ 44 c2
Event: 1.757 Thread 0x0000019bee9d3a30 DEOPT PACKING pc=0x0000019b87c186d8 sp=0x0000005ab6cfec50
Event: 1.757 Thread 0x0000019bee9d3a30 DEOPT UNPACKING pc=0x0000019b874a46a2 sp=0x0000005ab6cfeba0 mode 2
Event: 1.757 Thread 0x0000019bee9d3a30 Uncommon trap: trap_request=0xffffffc6 fr.pc=0x0000019b87c12da0 relative=0x0000000000000740
Event: 1.757 Thread 0x0000019bee9d3a30 Uncommon trap: reason=bimorphic_or_optimized_type_check action=maybe_recompile pc=0x0000019b87c12da0 method=java.util.regex.Pattern$GroupTail.match(Ljava/util/regex/Matcher;ILjava/lang/CharSequence;)Z @ 70 c2
Event: 1.757 Thread 0x0000019bee9d3a30 DEOPT PACKING pc=0x0000019b87c12da0 sp=0x0000005ab6cfe8e0
Event: 1.757 Thread 0x0000019bee9d3a30 DEOPT UNPACKING pc=0x0000019b874a46a2 sp=0x0000005ab6cfe880 mode 2
Event: 1.765 Thread 0x0000019bee9d3a30 Uncommon trap: trap_request=0xffffffde fr.pc=0x0000019b87c186d8 relative=0x00000000000005b8
Event: 1.765 Thread 0x0000019bee9d3a30 Uncommon trap: reason=class_check action=maybe_recompile pc=0x0000019b87c186d8 method=java.util.regex.Pattern$Start.match(Ljava/util/regex/Matcher;ILjava/lang/CharSequence;)Z @ 44 c2
Event: 1.765 Thread 0x0000019bee9d3a30 DEOPT PACKING pc=0x0000019b87c186d8 sp=0x0000005ab6cfec50
Event: 1.765 Thread 0x0000019bee9d3a30 DEOPT UNPACKING pc=0x0000019b874a46a2 sp=0x0000005ab6cfeba0 mode 2
Event: 1.765 Thread 0x0000019bee9d3a30 Uncommon trap: trap_request=0xffffffde fr.pc=0x0000019b87c186d8 relative=0x00000000000005b8
Event: 1.765 Thread 0x0000019bee9d3a30 Uncommon trap: reason=class_check action=maybe_recompile pc=0x0000019b87c186d8 method=java.util.regex.Pattern$Start.match(Ljava/util/regex/Matcher;ILjava/lang/CharSequence;)Z @ 44 c2
Event: 1.765 Thread 0x0000019bee9d3a30 DEOPT PACKING pc=0x0000019b87c186d8 sp=0x0000005ab6cfec50
Event: 1.765 Thread 0x0000019bee9d3a30 DEOPT UNPACKING pc=0x0000019b874a46a2 sp=0x0000005ab6cfeba0 mode 2

Classes loaded (20 events):
Event: 1.166 Loading class sun/util/resources/TimeZoneNames_en
Event: 1.166 Loading class sun/util/resources/TimeZoneNames_en done
Event: 1.655 Loading class java/util/Stack
Event: 1.655 Loading class java/util/Vector
Event: 1.655 Loading class java/util/Vector done
Event: 1.655 Loading class java/util/Stack done
Event: 1.751 Loading class jdk/internal/math/FormattedFPDecimal
Event: 1.751 Loading class jdk/internal/math/FormattedFPDecimal done
Event: 1.752 Loading class sun/util/resources/LocaleData$CommonResourceBundleProvider
Event: 1.752 Loading class sun/util/resources/LocaleData$LocaleDataResourceBundleProvider
Event: 1.752 Loading class java/util/spi/ResourceBundleProvider
Event: 1.752 Loading class java/util/spi/ResourceBundleProvider done
Event: 1.752 Loading class sun/util/resources/LocaleData$LocaleDataResourceBundleProvider done
Event: 1.752 Loading class sun/util/resources/LocaleData$CommonResourceBundleProvider done
Event: 1.752 Loading class java/util/ArrayList$SubList$1
Event: 1.753 Loading class java/util/ArrayList$SubList$1 done
Event: 1.753 Loading class sun/text/resources/cldr/FormatData_en
Event: 1.753 Loading class sun/text/resources/cldr/FormatData_en done
Event: 1.753 Loading class sun/util/resources/Bundles$2
Event: 1.753 Loading class sun/util/resources/Bundles$2 done

Classes unloaded (0 events):
No events

Classes redefined (0 events):
No events

Internal exceptions (20 events):
Event: 0.429 Thread 0x0000019bee9d3a30 Exception <a 'java/lang/NoSuchMethodError'{0x0000000620bc3178}: 'java.lang.Object java.lang.invoke.DirectMethodHandle$Holder.invokeStatic(java.lang.Object, java.lang.Object, java.lang.Object, java.lang.Object, int)'> (0x0000000620bc3178) 
thrown [s\open\src\hotspot\share\interpreter\linkResolver.cpp, line 773]
Event: 0.430 Thread 0x0000019bee9d3a30 Exception <a 'java/lang/NoSuchMethodError'{0x0000000620bcab58}: 'long java.lang.invoke.DirectMethodHandle$Holder.invokeStatic(java.lang.Object, java.lang.Object, int)'> (0x0000000620bcab58) 
thrown [s\open\src\hotspot\share\interpreter\linkResolver.cpp, line 773]
Event: 0.430 Thread 0x0000019bee9d3a30 Exception <a 'java/lang/NoSuchMethodError'{0x0000000620bd5df8}: 'java.lang.Object java.lang.invoke.DelegatingMethodHandle$Holder.reinvoke_L(java.lang.Object, int, long, java.lang.Object, java.lang.Object, int, java.lang.Object)'> (0x0000000620bd5df8) 
thrown [s\open\src\hotspot\share\interpreter\linkResolver.cpp, line 773]
Event: 0.435 Thread 0x0000019bee9d3a30 Exception <a 'java/lang/NoSuchMethodError'{0x000000062041f700}: 'void java.lang.System.load(java.lang.String, java.lang.Class)'> (0x000000062041f700) 
thrown [s\open\src\hotspot\share\interpreter\linkResolver.cpp, line 773]
Event: 0.435 Thread 0x0000019bee9d3a30 Exception <a 'java/lang/NoSuchMethodError'{0x00000006204220a0}: 'void java.lang.System.loadLibrary(java.lang.String, java.lang.Class)'> (0x00000006204220a0) 
thrown [s\open\src\hotspot\share\interpreter\linkResolver.cpp, line 773]
Event: 0.440 Thread 0x0000019bee9d3a30 Exception <a 'sun/nio/fs/WindowsException'{0x0000000620432f38}> (0x0000000620432f38) 
thrown [s\open\src\hotspot\share\prims\jni.cpp, line 520]
Event: 0.440 Thread 0x0000019bee9d3a30 Exception <a 'sun/nio/fs/WindowsException'{0x0000000620433308}> (0x0000000620433308) 
thrown [s\open\src\hotspot\share\prims\jni.cpp, line 520]
Event: 0.447 Thread 0x0000019bee9d3a30 Exception <a 'java/lang/NoSuchMethodError'{0x0000000620456708}: 'void java.lang.System.load(java.lang.String, java.lang.Class)'> (0x0000000620456708) 
thrown [s\open\src\hotspot\share\interpreter\linkResolver.cpp, line 773]
Event: 0.448 Thread 0x0000019bee9d3a30 Exception <a 'java/lang/NoSuchMethodError'{0x00000006204590a8}: 'void java.lang.System.loadLibrary(java.lang.String, java.lang.Class)'> (0x00000006204590a8) 
thrown [s\open\src\hotspot\share\interpreter\linkResolver.cpp, line 773]
Event: 0.451 Thread 0x0000019bee9d3a30 Exception <a 'sun/nio/fs/WindowsException'{0x0000000620469b78}> (0x0000000620469b78) 
thrown [s\open\src\hotspot\share\prims\jni.cpp, line 520]
Event: 0.451 Thread 0x0000019bee9d3a30 Exception <a 'sun/nio/fs/WindowsException'{0x0000000620469f68}> (0x0000000620469f68) 
thrown [s\open\src\hotspot\share\prims\jni.cpp, line 520]
Event: 0.454 Thread 0x0000019bee9d3a30 Exception <a 'sun/nio/fs/WindowsException'{0x00000006204747b0}> (0x00000006204747b0) 
thrown [s\open\src\hotspot\share\prims\jni.cpp, line 520]
Event: 0.454 Thread 0x0000019bee9d3a30 Exception <a 'sun/nio/fs/WindowsException'{0x0000000620474ae0}> (0x0000000620474ae0) 
thrown [s\open\src\hotspot\share\prims\jni.cpp, line 520]
Event: 0.651 Thread 0x0000019bee9d3a30 Exception <a 'java/lang/NoSuchMethodError'{0x00000006205875d8}: 'void java.lang.invoke.DirectMethodHandle$Holder.invokeVirtual(java.lang.Object, java.lang.Object)'> (0x00000006205875d8) 
thrown [s\open\src\hotspot\share\interpreter\linkResolver.cpp, line 773]
Event: 0.780 Thread 0x0000019bee9d3a30 Exception <a 'java/lang/NoSuchMethodError'{0x000000062025d160}: 'void java.lang.System.load(java.lang.String, java.lang.Class)'> (0x000000062025d160) 
thrown [s\open\src\hotspot\share\interpreter\linkResolver.cpp, line 773]
Event: 0.781 Thread 0x0000019bee9d3a30 Exception <a 'java/lang/NoSuchMethodError'{0x000000062025fb28}: 'void java.lang.System.loadLibrary(java.lang.String, java.lang.Class)'> (0x000000062025fb28) 
thrown [s\open\src\hotspot\share\interpreter\linkResolver.cpp, line 773]
Event: 0.784 Thread 0x0000019bee9d3a30 Exception <a 'sun/nio/fs/WindowsException'{0x0000000620270238}> (0x0000000620270238) 
thrown [s\open\src\hotspot\share\prims\jni.cpp, line 520]
Event: 0.784 Thread 0x0000019bee9d3a30 Exception <a 'sun/nio/fs/WindowsException'{0x0000000620270628}> (0x0000000620270628) 
thrown [s\open\src\hotspot\share\prims\jni.cpp, line 520]
Event: 1.167 Thread 0x0000019bd802ed30 Exception <a 'java/lang/NoSuchMethodError'{0x00000006212fafa0}: 'java.lang.Object java.lang.invoke.Invokers$Holder.invokeExact_MT(java.lang.Object, java.lang.Object, java.lang.Object, java.lang.Object, java.lang.Object, java.lang.Object)'> (0x00000006212fafa0) 
thrown [s\open\src\hotspot\share\interpreter\linkResolver.cpp, line 773]
Event: 1.727 Thread 0x0000019bee9d3a30 Exception <a 'java/lang/NoSuchMethodError'{0x0000000647ed3530}: 'void java.lang.invoke.DirectMethodHandle$Holder.invokeStatic(java.lang.Object, java.lang.Object, java.lang.Object, java.lang.Object)'> (0x0000000647ed3530) 
thrown [s\open\src\hotspot\share\interpreter\linkResolver.cpp, line 773]

ZGC Phase Switch (0 events):
No events

VM Operations (20 events):
Event: 0.835 Executing VM operation: G1CollectForAllocation (G1 Evacuation Pause)
Event: 0.838 Executing VM operation: G1CollectForAllocation (G1 Evacuation Pause) done
Event: 0.853 Executing VM operation: G1CollectForAllocation (G1 Evacuation Pause)
Event: 0.855 Executing VM operation: G1CollectForAllocation (G1 Evacuation Pause) done
Event: 0.991 Executing VM operation: G1CollectForAllocation (G1 Evacuation Pause)
Event: 1.000 Executing VM operation: G1CollectForAllocation (G1 Evacuation Pause) done
Event: 1.056 Executing VM operation: G1CollectForAllocation (G1 Evacuation Pause)
Event: 1.072 Executing VM operation: G1CollectForAllocation (G1 Evacuation Pause) done
Event: 1.128 Executing VM operation: G1CollectForAllocation (G1 Evacuation Pause)
Event: 1.150 Executing VM operation: G1CollectForAllocation (G1 Evacuation Pause) done
Event: 1.155 Executing VM operation: HandshakeAllThreads (Deoptimize)
Event: 1.155 Executing VM operation: HandshakeAllThreads (Deoptimize) done
Event: 1.204 Executing VM operation: G1CollectForAllocation (G1 Evacuation Pause)
Event: 1.233 Executing VM operation: G1CollectForAllocation (G1 Evacuation Pause) done
Event: 1.483 Executing VM operation: G1CollectForAllocation (G1 Evacuation Pause)
Event: 1.528 Executing VM operation: G1CollectForAllocation (G1 Evacuation Pause) done
Event: 1.698 Executing VM operation: G1CollectForAllocation (G1 Evacuation Pause)
Event: 1.713 Executing VM operation: G1CollectForAllocation (G1 Evacuation Pause) done
Event: 1.756 Executing VM operation: HandshakeAllThreads (Deoptimize)
Event: 1.756 Executing VM operation: HandshakeAllThreads (Deoptimize) done

Events (20 events):
Event: 0.113 Thread 0x0000019bd85dcf30 Thread added: 0x0000019bd85dcf30
Event: 0.113 Thread 0x0000019bd8571eb0 Thread added: 0x0000019bd8571eb0
Event: 0.224 Thread 0x0000019bd803e2d0 Thread added: 0x0000019bd803e2d0
Event: 0.418 Thread 0x0000019bd803e2d0 Thread exited: 0x0000019bd803e2d0
Event: 0.831 Thread 0x0000019bd803e2d0 Thread added: 0x0000019bd803e2d0
Event: 0.831 Thread 0x0000019bd803b320 Thread added: 0x0000019bd803b320
Event: 0.838 Thread 0x0000019bebb378a0 Thread added: 0x0000019bebb378a0
Event: 1.150 Thread 0x0000019bebb378a0 Thread exited: 0x0000019bebb378a0
Event: 1.150 Thread 0x0000019bd803b320 Thread exited: 0x0000019bd803b320
Event: 1.151 Thread 0x0000019bd803e2d0 Thread exited: 0x0000019bd803e2d0
Event: 1.162 Thread 0x0000019bd803e2d0 Thread added: 0x0000019bd803e2d0
Event: 1.163 Thread 0x0000019bd803b320 Thread added: 0x0000019bd803b320
Event: 1.657 Thread 0x0000019bd803b320 Thread exited: 0x0000019bd803b320
Event: 1.657 Thread 0x0000019bd803e2d0 Thread exited: 0x0000019bd803e2d0
Event: 1.661 Thread 0x0000019bd803e2d0 Thread added: 0x0000019bd803e2d0
Event: 1.662 Thread 0x0000019bd803b320 Thread added: 0x0000019bd803b320
Event: 1.662 Thread 0x0000019bffe036a0 Thread added: 0x0000019bffe036a0
Event: 1.942 Thread 0x0000019bffe036a0 Thread exited: 0x0000019bffe036a0
Event: 1.942 Thread 0x0000019bd803b320 Thread exited: 0x0000019bd803b320
Event: 1.978 Thread 0x0000019bd803e2d0 Thread exited: 0x0000019bd803e2d0


Dynamic libraries:
0x00007ff7a1760000 - 0x00007ff7a176e000 	C:\Users\Dimitri Velovski\.jdks\openjdk-21.0.2\bin\java.exe
0x00007fffe8b50000 - 0x00007fffe8d67000 	C:\Windows\SYSTEM32\ntdll.dll
0x00007fffe7470000 - 0x00007fffe7534000 	C:\Windows\System32\KERNEL32.DLL
0x00007fffe6390000 - 0x00007fffe673c000 	C:\Windows\System32\KERNELBASE.dll
0x00007fffe60b0000 - 0x00007fffe61c1000 	C:\Windows\System32\ucrtbase.dll
0x00007fffcba90000 - 0x00007fffcbaa8000 	C:\Users\Dimitri Velovski\.jdks\openjdk-21.0.2\bin\jli.dll
0x00007fffe0f40000 - 0x00007fffe0f5b000 	C:\Users\Dimitri Velovski\.jdks\openjdk-21.0.2\bin\VCRUNTIME140.dll
0x00007fffe7210000 - 0x00007fffe73be000 	C:\Windows\System32\USER32.dll
0x00007fffe6240000 - 0x00007fffe6266000 	C:\Windows\System32\win32u.dll
0x00007fffe80d0000 - 0x00007fffe80f9000 	C:\Windows\System32\GDI32.dll
0x00007fffe6270000 - 0x00007fffe6389000 	C:\Windows\System32\gdi32full.dll
0x00007fffe67f0000 - 0x00007fffe688a000 	C:\Windows\System32\msvcp_win.dll
0x00007fffcded0000 - 0x00007fffce163000 	C:\Windows\WinSxS\amd64_microsoft.windows.common-controls_6595b64144ccf1df_6.0.22621.3672_none_2713b9d173822955\COMCTL32.dll
0x00007fffe6890000 - 0x00007fffe6937000 	C:\Windows\System32\msvcrt.dll
0x00007fffe8610000 - 0x00007fffe8641000 	C:\Windows\System32\IMM32.DLL
0x00007fffe2c60000 - 0x00007fffe2c6c000 	C:\Users\Dimitri Velovski\.jdks\openjdk-21.0.2\bin\vcruntime140_1.dll
0x00007fffc7270000 - 0x00007fffc72fe000 	C:\Users\Dimitri Velovski\.jdks\openjdk-21.0.2\bin\msvcp140.dll
0x00007fffa7cf0000 - 0x00007fffa8a07000 	C:\Users\Dimitri Velovski\.jdks\openjdk-21.0.2\bin\server\jvm.dll
0x00007fffe87a0000 - 0x00007fffe8852000 	C:\Windows\System32\ADVAPI32.dll
0x00007fffe73c0000 - 0x00007fffe7468000 	C:\Windows\System32\sechost.dll
0x00007fffe6740000 - 0x00007fffe6768000 	C:\Windows\System32\bcrypt.dll
0x00007fffe8910000 - 0x00007fffe8a25000 	C:\Windows\System32\RPCRT4.dll
0x00007fffe7170000 - 0x00007fffe71e1000 	C:\Windows\System32\WS2_32.dll
0x00007fffe4d10000 - 0x00007fffe4d5d000 	C:\Windows\SYSTEM32\POWRPROF.dll
0x00007fffde870000 - 0x00007fffde8a4000 	C:\Windows\SYSTEM32\WINMM.dll
0x00007fffd6f10000 - 0x00007fffd6f1a000 	C:\Windows\SYSTEM32\VERSION.dll
0x00007fffe4cf0000 - 0x00007fffe4d03000 	C:\Windows\SYSTEM32\UMPDC.dll
0x00007fffe4fa0000 - 0x00007fffe4fb8000 	C:\Windows\SYSTEM32\kernel.appcore.dll
0x00007fffe2c00000 - 0x00007fffe2c0a000 	C:\Users\Dimitri Velovski\.jdks\openjdk-21.0.2\bin\jimage.dll
0x00007fffe3710000 - 0x00007fffe3942000 	C:\Windows\SYSTEM32\DBGHELP.DLL
0x00007fffe6960000 - 0x00007fffe6ce8000 	C:\Windows\System32\combase.dll
0x00007fffe86b0000 - 0x00007fffe8787000 	C:\Windows\System32\OLEAUT32.dll
0x00007fffbe1b0000 - 0x00007fffbe1e2000 	C:\Windows\SYSTEM32\dbgcore.DLL
0x00007fffe6770000 - 0x00007fffe67eb000 	C:\Windows\System32\bcryptPrimitives.dll
0x00007fffe0ef0000 - 0x00007fffe0eff000 	C:\Users\Dimitri Velovski\.jdks\openjdk-21.0.2\bin\instrument.dll
0x00007fffcba70000 - 0x00007fffcba8f000 	C:\Users\Dimitri Velovski\.jdks\openjdk-21.0.2\bin\java.dll
0x00007fffe7870000 - 0x00007fffe80cc000 	C:\Windows\System32\SHELL32.dll
0x00007fffe3dd0000 - 0x00007fffe46c7000 	C:\Windows\SYSTEM32\windows.storage.dll
0x00007fffe3c90000 - 0x00007fffe3dcf000 	C:\Windows\SYSTEM32\wintypes.dll
0x00007fffe83b0000 - 0x00007fffe84a4000 	C:\Windows\System32\SHCORE.dll
0x00007fffe7800000 - 0x00007fffe785e000 	C:\Windows\System32\shlwapi.dll
0x00007fffe5db0000 - 0x00007fffe5dd1000 	C:\Windows\SYSTEM32\profapi.dll
0x00007fffc7190000 - 0x00007fffc7267000 	C:\Users\Dimitri Velovski\.jdks\openjdk-21.0.2\bin\jsvml.dll
0x00007fffc9e90000 - 0x00007fffc9ea8000 	C:\Users\Dimitri Velovski\.jdks\openjdk-21.0.2\bin\zip.dll
0x00007fffe0f30000 - 0x00007fffe0f40000 	C:\Users\Dimitri Velovski\.jdks\openjdk-21.0.2\bin\net.dll
0x00007fffdfa90000 - 0x00007fffdfbc6000 	C:\Windows\SYSTEM32\WINHTTP.dll
0x00007fffe5410000 - 0x00007fffe5479000 	C:\Windows\system32\mswsock.dll
0x00007fffca5f0000 - 0x00007fffca606000 	C:\Users\Dimitri Velovski\.jdks\openjdk-21.0.2\bin\nio.dll
0x00007fffc9960000 - 0x00007fffc997a000 	C:\Program Files\JetBrains\IntelliJ IDEA Community Edition 2023.2.5\bin\breakgen64.dll
0x00007fffcb7c0000 - 0x00007fffcb7c9000 	C:\Users\Dimitri Velovski\.jdks\openjdk-21.0.2\bin\extnet.dll
0x00007fffcacc0000 - 0x00007fffcacd0000 	C:\Users\Dimitri Velovski\.jdks\openjdk-21.0.2\bin\verify.dll
0x00007fffc7110000 - 0x00007fffc718b000 	C:\Users\Dimitri Velovski\AppData\Local\Temp\lwjgl_Dimitri Velovski\3.3.3+5\x64\lwjgl.dll
0x00007fffc6d50000 - 0x00007fffc6dd2000 	C:\Users\DIMITR~1\AppData\Local\Temp\lwjgl_Dimitri Velovski\3.3.3+5\x64\glfw.dll
0x00007fffc6410000 - 0x00007fffc6456000 	C:\Windows\SYSTEM32\dinput8.dll
0x00007fffc70f0000 - 0x00007fffc7101000 	C:\Windows\SYSTEM32\xinput1_4.dll
0x00007fffe5b80000 - 0x00007fffe5bce000 	C:\Windows\SYSTEM32\cfgmgr32.dll
0x00007fffe5b30000 - 0x00007fffe5b5c000 	C:\Windows\SYSTEM32\DEVOBJ.dll
0x00007fffe3160000 - 0x00007fffe318b000 	C:\Windows\SYSTEM32\dwmapi.dll
0x00007fffd0600000 - 0x00007fffd080c000 	C:\Windows\SYSTEM32\inputhost.dll
0x00007fffe2940000 - 0x00007fffe2a73000 	C:\Windows\SYSTEM32\CoreMessaging.dll
0x00007fffe2f00000 - 0x00007fffe2faa000 	C:\Windows\system32\uxtheme.dll
0x00007fffe5690000 - 0x00007fffe569c000 	C:\Windows\SYSTEM32\CRYPTBASE.DLL
0x00007fffe84b0000 - 0x00007fffe8603000 	C:\Windows\System32\MSCTF.dll
0x00007fff81470000 - 0x00007fff81570000 	C:\Windows\SYSTEM32\opengl32.dll
0x00007fffca4f0000 - 0x00007fffca51d000 	C:\Windows\SYSTEM32\GLU32.dll
0x00007fffe3010000 - 0x00007fffe3049000 	C:\Windows\SYSTEM32\dxcore.dll
0x00007fffe8860000 - 0x00007fffe8910000 	C:\Windows\System32\clbcatq.dll
0x00007fff82370000 - 0x00007fff8239e000 	C:\Windows\System32\DriverStore\FileRepository\u0402593.inf_amd64_66758692e35a2906\B402774\atig6pxx.dll
0x00007fff343e0000 - 0x00007fff38003000 	C:\Windows\System32\DriverStore\FileRepository\u0402593.inf_amd64_66758692e35a2906\B402774\atio6axx.dll
0x00007fffe6cf0000 - 0x00007fffe7164000 	C:\Windows\System32\SETUPAPI.dll
0x00007fffe61d0000 - 0x00007fffe623b000 	C:\Windows\System32\WINTRUST.dll
0x00007fffe5f40000 - 0x00007fffe60a7000 	C:\Windows\System32\CRYPT32.dll
0x00007fffe56d0000 - 0x00007fffe56e2000 	C:\Windows\SYSTEM32\MSASN1.dll
0x00007fffd6a40000 - 0x00007fffd6a77000 	C:\Windows\System32\DriverStore\FileRepository\u0402593.inf_amd64_66758692e35a2906\B402774\amdihk64.dll
0x00007fffcc3a0000 - 0x00007fffcc4ed000 	C:\Windows\SYSTEM32\textinputframework.dll
0x00007fffdeaa0000 - 0x00007fffdee0d000 	C:\Windows\SYSTEM32\CoreUIComponents.dll
0x00007fffbd570000 - 0x00007fffbd5f2000 	C:\Users\Dimitri Velovski\AppData\Local\Temp\lwjgl_Dimitri Velovski\3.3.3+5\x64\lwjgl_stb.dll
0x00007fffdb290000 - 0x00007fffdb34c000 	C:\Windows\SYSTEM32\mscms.dll
0x00007fffdb360000 - 0x00007fffdb3a9000 	C:\Windows\SYSTEM32\icm32.dll
0x00007fffc2b10000 - 0x00007fffc2b6e000 	C:\Users\Dimitri Velovski\AppData\Local\Temp\lwjgl_Dimitri Velovski\3.3.3+5\x64\lwjgl_opengl.dll
0x00007fff2cd60000 - 0x00007fff2dabd000 	C:\Users\Dimitri Velovski\AppData\Local\Temp\imgui-java-natives\1.86.11\imgui-java64.dll
0x00007fffbd4d0000 - 0x00007fffbd563000 	C:\Users\Dimitri Velovski\AppData\Local\Temp\lwjgl_Dimitri Velovski\3.3.3+5\x64\lwjgl_nanovg.dll

dbghelp: loaded successfully - version: 4.0.5 - missing functions: none
symbol engine: initialized successfully - sym options: 0x614 - pdb path: .;C:\Users\Dimitri Velovski\.jdks\openjdk-21.0.2\bin;C:\Windows\SYSTEM32;C:\Windows\WinSxS\amd64_microsoft.windows.common-controls_6595b64144ccf1df_6.0.22621.3672_none_2713b9d173822955;C:\Users\Dimitri Velovski\.jdks\openjdk-21.0.2\bin\server;C:\Program Files\JetBrains\IntelliJ IDEA Community Edition 2023.2.5\bin;C:\Users\Dimitri Velovski\AppData\Local\Temp\lwjgl_Dimitri Velovski\3.3.3+5\x64;C:\Users\DIMITR~1\AppData\Local\Temp\lwjgl_Dimitri Velovski\3.3.3+5\x64;C:\Windows\System32\DriverStore\FileRepository\u0402593.inf_amd64_66758692e35a2906\B402774;C:\Users\Dimitri Velovski\AppData\Local\Temp\imgui-java-natives\1.86.11

VM Arguments:
jvm_args: -javaagent:C:\Program Files\JetBrains\IntelliJ IDEA Community Edition 2023.2.5\lib\idea_rt.jar=53688:C:\Program Files\JetBrains\IntelliJ IDEA Community Edition 2023.2.5\bin -Dfile.encoding=UTF-8 -Dsun.stdout.encoding=UTF-8 -Dsun.stderr.encoding=UTF-8 
java_command: manncobot.MCBMain
java_class_path (initial): C:\Users\Dimitri Velovski\OneDrive - The University Of Newcastle\manncobot\target\classes;C:\Users\Dimitri Velovski\OneDrive - The University Of Newcastle\hyphengl\target\classes;C:\Users\Dimitri Velovski\.m2\repository\org\lwjgl\lwjgl\3.3.3\lwjgl-3.3.3.jar;C:\Users\Dimitri Velovski\.m2\repository\org\lwjgl\lwjgl-assimp\3.3.3\lwjgl-assimp-3.3.3.jar;C:\Users\Dimitri Velovski\.m2\repository\org\lwjgl\lwjgl-bgfx\3.3.3\lwjgl-bgfx-3.3.3.jar;C:\Users\Dimitri Velovski\.m2\repository\org\lwjgl\lwjgl-glfw\3.3.3\lwjgl-glfw-3.3.3.jar;C:\Users\Dimitri Velovski\.m2\repository\org\lwjgl\lwjgl-nanovg\3.3.3\lwjgl-nanovg-3.3.3.jar;C:\Users\Dimitri Velovski\.m2\repository\org\lwjgl\lwjgl-nuklear\3.3.3\lwjgl-nuklear-3.3.3.jar;C:\Users\Dimitri Velovski\.m2\repository\org\lwjgl\lwjgl-openal\3.3.3\lwjgl-openal-3.3.3.jar;C:\Users\Dimitri Velovski\.m2\repository\org\lwjgl\lwjgl-opengl\3.3.3\lwjgl-opengl-3.3.3.jar;C:\Users\Dimitri Velovski\.m2\repository\org\lwjgl\lwjgl-par\3.3.3\lwjgl-par-3.3.3.jar;C:\Users\Dimitri Velovski\.m2\repository\org\lwjgl\lwjgl-stb\3.3.3\lwjgl-stb-3.3.3.jar;C:\Users\Dimitri Velovski\.m2\repository\org\lwjgl\lwjgl-vulkan\3.3.3\lwjgl-vulkan-3.3.3.jar;C:\Users\Dimitri Velovski\.m2\repository\org\lwjgl\lwjgl\3.3.3\lwjgl-3.3.3-natives-windows.jar;C:\Users\Dimitri Velovski\.m2\repository\org\lwjgl\lwjgl-assimp\3.3.3\lwjgl-assimp-3.3.3-natives-windows.jar;C:\Users\Dimitri Velovski\.m2\repository\org\lwjgl\lwjgl-bgfx\3.3.3\lwjgl-bgfx-3.3.3-natives-windows.jar;C:\Users\Dimitri Velovski\.m2\repository\org\lwjgl\lwjgl-glfw\3.3.3\lwjgl-glfw-3.3.3-natives-windows.jar;C:\Users\Dimitri Velovski\.m2\repository\org\lwjgl\lwjgl-nanovg\3.3.3\lwjgl-nanovg-3.3.3-natives-windows.jar;C:\Users\Dimitri Velovski\.m2\repository\org\lwjgl\lwjgl-nuklear\3.3.3\lwjgl-nuklear-3.3.3-natives-windows.jar;C:\Users\Dimitri Velovski\.m2\repository\org\lwjgl\lwjgl-openal\3.3.3\lwjgl-openal-3.3.3-natives-windows.jar;C:\Users\Dimitri Velovski\.m2\repository\org\lwjgl\lwjgl-opengl\3.3.3\lwjgl-opengl-3.3.3-natives-windows.jar;C:\Users\Dimitri Velovski\.m2\repository\org\lwjgl\lwjgl-par\3.3.3\lwjgl-par-3.3.3-natives-windows.jar;C:\Users\Dimitri Velovski\.m2\repository\org\lwjgl\lwjgl-stb\3.3.3\lwjgl-stb-3.3.3-natives-windows.jar;C:\Users\Dimitri Velovski\.m2\repository\org\joml\joml\1.10.5\joml-1.10.5.jar;C:\Users\Dimitri Velovski\.m2\repository\commons-io\commons-io\2.15.1\commons-io-2.15.1.jar;C:\Users\Dimitri Velovski\.m2\repository\org\apache\commons\commons-lang3\3.14.0\commons-lang3-3.14.0.jar;C:\Users\Dimitri Velovski\.m2\repository\org\tukaani\xz\1.9\xz-1.9.jar;C:\Users\Dimitri Velovski\.m2\repository\org\jcommander\jcommander\1.83\jcommander-1.83.jar;C:\Users\Dimitri Velovski\.m2\repository\io\github\spair\imgui-java-binding\1.86.11\imgui-java-binding-1.86.11.jar;C:\Users\Dimitri Velovski\.m2\repository\io\github\spair\imgui-java-lwjgl3\1.86.11\imgui-java-lwjgl3-1.86.11.jar;C:\Users\Dimitri Velovski\.m2\repository\io\github\spair\imgui-java-natives-windows\1.86.11\imgui-java-natives-windows-1.86.11.jar;C:\Users\Dimitri Velovski\.m2\repository\io\github\spair\imgui-java-natives-macos\1.86.11\imgui-java-natives-macos-1.86.11.jar;C:\Users\Dimitri Velovski\.m2\repository\org\jetbrains\annotations\24.1.0\annotations-24.1.0.jar
Launcher Type: SUN_STANDARD

[Global flags]
     intx CICompilerCount                          = 12                                        {product} {ergonomic}
     uint ConcGCThreads                            = 3                                         {product} {ergonomic}
     uint G1ConcRefinementThreads                  = 13                                        {product} {ergonomic}
   size_t G1HeapRegionSize                         = 4194304                                   {product} {ergonomic}
    uintx GCDrainStackTargetSize                   = 64                                        {product} {ergonomic}
   size_t InitialHeapSize                          = 536870912                                 {product} {ergonomic}
   size_t MarkStackSize                            = 4194304                                   {product} {ergonomic}
   size_t MaxHeapSize                              = 8568963072                                {product} {ergonomic}
   size_t MaxNewSize                               = 5138022400                                {product} {ergonomic}
   size_t MinHeapDeltaBytes                        = 4194304                                   {product} {ergonomic}
   size_t MinHeapSize                              = 8388608                                   {product} {ergonomic}
    uintx NonNMethodCodeHeapSize                   = 7602480                                {pd product} {ergonomic}
    uintx NonProfiledCodeHeapSize                  = 122027880                              {pd product} {ergonomic}
    uintx ProfiledCodeHeapSize                     = 122027880                              {pd product} {ergonomic}
    uintx ReservedCodeCacheSize                    = 251658240                              {pd product} {ergonomic}
     bool SegmentedCodeCache                       = true                                      {product} {ergonomic}
   size_t SoftMaxHeapSize                          = 8568963072                             {manageable} {ergonomic}
     bool UseCompressedOops                        = true                           {product lp64_product} {ergonomic}
     bool UseG1GC                                  = true                                      {product} {ergonomic}
     bool UseLargePagesIndividualAllocation        = false                                  {pd product} {ergonomic}

Logging:
Log output configuration:
 #0: stdout all=warning uptime,level,tags foldmultilines=false
 #1: stderr all=off uptime,level,tags foldmultilines=false

Environment Variables:
PATH=C:\Program Files\Python311\Scripts\;C:\Program Files\Python311\;C:\Windows\system32;C:\Windows;C:\Windows\System32\Wbem;C:\Windows\System32\WindowsPowerShell\v1.0\;C:\Windows\System32\OpenSSH\;C:\Program Files\dotnet\;C:\Program Files\Microsoft VS Code\bin;C:\Program Files (x86)\Windows Kits\10\Windows Performance Toolkit\;C:\Program Files\Git\cmd;C:\Users\Dimitri Velovski\AppData\Local\Microsoft\WindowsApps;;C:\Program Files\JetBrains\IntelliJ IDEA 2023.1.1\bin;
USERNAME=Dimitri Velovski
OS=Windows_NT
PROCESSOR_IDENTIFIER=AMD64 Family 25 Model 33 Stepping 2, AuthenticAMD
TMP=C:\Users\DIMITR~1\AppData\Local\Temp
TEMP=C:\Users\DIMITR~1\AppData\Local\Temp




Periodic native trim disabled

---------------  S Y S T E M  ---------------

OS:
 Windows 11 , 64 bit Build 22621 (10.0.22621.3672)
OS uptime: 0 days 8:58 hours

CPU: total 16 (initial active 16) (16 cores per cpu, 2 threads per core) family 25 model 33 stepping 2 microcode 0x0, cx8, cmov, fxsr, ht, mmx, 3dnowpref, sse, sse2, sse3, ssse3, sse4a, sse4.1, sse4.2, popcnt, lzcnt, tsc, tscinvbit, avx, avx2, aes, erms, clmul, bmi1, bmi2, adx, sha, fma, vzeroupper, clflush, clflushopt, rdtscp, rdpid, fsrm, f16c, pku, cet_ss
Processor Information for all 16 processors :
  Max Mhz: 3401, Current Mhz: 3401, Mhz Limit: 3401

Memory: 4k page, system-wide physical 32682M (18362M free)
TotalPageFile size 37546M (AvailPageFile size 16961M)
current process WorkingSet (physical memory assigned to process): 1071M, peak: 1115M
current process commit charge ("private bytes"): 1415M, peak: 1479M

vm_info: OpenJDK 64-Bit Server VM (21.0.2+13-58) for windows-amd64 JRE (21.0.2+13-58), built on 2024-01-05T18:32:24Z by "mach5one" with MS VC++ 17.1 (VS2022)

END.
