#
# A fatal error has been detected by the Java Runtime Environment:
#
#  EXCEPTION_ACCESS_VIOLATION (0xc0000005) at pc=0x00007fff2cdc394d, pid=26756, tid=19592
#
# JRE version: OpenJDK Runtime Environment (21.0.2+13) (build 21.0.2+13-58)
# Java VM: OpenJDK 64-Bit Server VM (21.0.2+13-58, mixed mode, sharing, tiered, compressed oops, compressed class ptrs, g1 gc, windows-amd64)
# Problematic frame:
# C  [imgui-java64.dll+0x6394d]
#
# No core dump will be written. Minidumps are not enabled by default on client versions of Windows
#
# If you would like to submit a bug report, please visit:
#   https://bugreport.java.com/bugreport/crash.jsp
# The crash happened outside the Java Virtual Machine in native code.
# See problematic frame for where to report the bug.
#

---------------  S U M M A R Y ------------

Command Line: -javaagent:C:\Program Files\JetBrains\IntelliJ IDEA Community Edition 2023.2.5\lib\idea_rt.jar=53676:C:\Program Files\JetBrains\IntelliJ IDEA Community Edition 2023.2.5\bin -Dfile.encoding=UTF-8 -Dsun.stdout.encoding=UTF-8 -Dsun.stderr.encoding=UTF-8 manncobot.MCBMain

Host: AMD Ryzen 7 5800X3D 8-Core Processor           , 16 cores, 31G,  Windows 11 , 64 bit Build 22621 (10.0.22621.3672)
Time: Sat Jun  1 22:10:44 2024 AUS Eastern Standard Time elapsed time: 4.082897 seconds (0d 0h 0m 4s)

---------------  T H R E A D  ---------------

Current thread (0x00000200153d39a0):  JavaThread "main"             [_thread_in_native, id=19592, stack(0x0000001d68400000,0x0000001d68500000) (1024K)]

Stack: [0x0000001d68400000,0x0000001d68500000],  sp=0x0000001d684ff580,  free space=1021k
Native frames: (J=compiled Java code, j=interpreted, Vv=VM code, C=native code)
C  [imgui-java64.dll+0x6394d]

Java frames: (J=compiled Java code, j=interpreted, Vv=VM code)
j  imgui.ImGui.destroyPlatformWindows()V+0
j  imgui.gl3.ImGuiImplGl3.shutdownPlatformInterface()V+0
j  imgui.gl3.ImGuiImplGl3.dispose()V+51
j  org.cstr24.hyphengl.engine.Engine.destroyImGUI()V+24
j  org.cstr24.hyphengl.engine.Engine.exit(Z)V+63
j  org.cstr24.hyphengl.engine.Engine.startApplication(Lorg/cstr24/hyphengl/engine/Application;[Ljava/lang/String;)V+82
j  manncobot.MCBMain.main([Ljava/lang/String;)V+10
v  ~StubRoutines::call_stub 0x0000020026f1100d

siginfo: EXCEPTION_ACCESS_VIOLATION (0xc0000005), reading address 0x0000000000001f40


Registers:
RAX=0x00007fff2ce07500, RBX=0x0000020000806348, RCX=0x00000200153d3d58, RDX=0x0000001d684ff638
RSP=0x0000001d684ff580, RBP=0x0000001d684ff628, RSI=0x0000000000000000, RDI=0x0000000000000130
R8 =0x0000000000000002, R9 =0x0000000000000002, R10=0x0000020026f1cddc, R11=0x000000061f373378
R12=0x0000000000000000, R13=0x0000020000806348, R14=0x0000001d684ff640, R15=0x00000200153d39a0
RIP=0x00007fff2cdc394d, EFLAGS=0x0000000000010202


Register to memory mapping:

RAX=0x00007fff2ce07500 imgui-java64.dll
RBX={method} {0x0000020000806350} 'destroyPlatformWindows' '()V' in 'imgui/ImGui'
RCX=0x00000200153d3d58 points into unknown readable memory: 0x000002003c9703e0 | e0 03 97 3c 00 02 00 00
RDX=0x0000001d684ff638 is pointing into the stack for thread: 0x00000200153d39a0
RSP=0x0000001d684ff580 is pointing into the stack for thread: 0x00000200153d39a0
RBP=0x0000001d684ff628 is pointing into the stack for thread: 0x00000200153d39a0
RSI=0x0 is null
RDI=0x0000000000000130 is an unknown value
R8 =0x0000000000000002 is an unknown value
R9 =0x0000000000000002 is an unknown value
R10=0x0000020026f1cddc is at code_begin+1020 in an Interpreter codelet
native method entry point (kind = native)  [0x0000020026f1c9e0, 0x0000020026f1d508]  2856 bytes
R11=0x000000061f373378 is an oop: java.lang.Class 
{0x000000061f373378} - klass: 'java/lang/Class'
 - ---- fields (total size 24 words):
 - private volatile transient 'classRedefinedCount' 'I' @12  0 (0x00000000)
 - injected 'klass' 'J' @16  2200063697376 (0x000002003e03e1e0)
 - injected 'array_klass' 'J' @24  0 (0x0000000000000000)
 - injected 'oop_size' 'I' @32  24 (0x00000018)
 - injected 'static_oop_field_count' 'I' @36  19 (0x00000013)
 - private volatile transient 'cachedConstructor' 'Ljava/lang/reflect/Constructor;' @40  null (0x00000000)
 - private transient 'name' 'Ljava/lang/String;' @44  "imgui.ImGui"{0x000000061f373718} (0xc3e6e6e3)
 - private transient 'module' 'Ljava/lang/Module;' @48  a 'java/lang/Module'{0x000000061f04e210} (0xc3e09c42)
 - private final 'classLoader' 'Ljava/lang/ClassLoader;' @52  a 'jdk/internal/loader/ClassLoaders$AppClassLoader'{0x000000061f124258} (0xc3e2484b)
 - private transient 'classData' 'Ljava/lang/Object;' @56  null (0x00000000)
 - private transient 'packageName' 'Ljava/lang/String;' @60  "imgui"{0x000000061f373750} (0xc3e6e6ea)
 - private final 'componentType' 'Ljava/lang/Class;' @64  null (0x00000000)
 - private volatile transient 'reflectionData' 'Ljava/lang/ref/SoftReference;' @68  null (0x00000000)
 - private volatile transient 'genericInfo' 'Lsun/reflect/generics/repository/ClassRepository;' @72  null (0x00000000)
 - private volatile transient 'enumConstants' '[Ljava/lang/Object;' @76  null (0x00000000)
 - private volatile transient 'enumConstantDirectory' 'Ljava/util/Map;' @80  null (0x00000000)
 - private volatile transient 'annotationData' 'Ljava/lang/Class$AnnotationData;' @84  null (0x00000000)
 - private volatile transient 'annotationType' 'Lsun/reflect/annotation/AnnotationType;' @88  null (0x00000000)
 - transient 'classValueMap' 'Ljava/lang/ClassValue$ClassValueMap;' @92  null (0x00000000)
 - injected 'protection_domain' 'Ljava/lang/Object;' @96  a 'java/security/ProtectionDomain'{0x000000061f3722c8} (0xc3e6e459)
 - injected 'signers_name' 'Ljava/lang/Object;' @100  null (0x00000000)
 - injected 'source_file' 'Ljava/lang/Object;' @104  null (0x00000000)
 - signature: Limgui/ImGui;
 - ---- static fields (19):
 - private static final 'LIB_PATH_PROP' 'Ljava/lang/String;' @112  "imgui.library.path"{0x000000061f3736d8} (0xc3e6e6db)
 - private static final 'LIB_NAME_PROP' 'Ljava/lang/String;' @116  "imgui.library.name"{0x000000061f373698} (0xc3e6e6d3)
 - private static final 'LIB_NAME_DEFAULT' 'Ljava/lang/String;' @120  "imgui-java64"{0x000000061f373660} (0xc3e6e6cc)
 - private static final 'LIB_TMP_DIR_PREFIX' 'Ljava/lang/String;' @124  "imgui-java-natives"{0x000000061f373620} (0xc3e6e6c4)
 - private static final 'IMGUI_CONTEXT' 'Limgui/internal/ImGuiContext;' @128  a 'imgui/internal/ImGuiContext'{0x000000061f373608} (0xc3e6e6c1)
 - private static final 'IMGUI_IO' 'Limgui/ImGuiIO;' @132  a 'imgui/ImGuiIO'{0x000000061f373590} (0xc3e6e6b2)
 - private static final 'WINDOW_DRAW_LIST' 'Limgui/ImDrawList;' @136  a 'imgui/ImDrawList'{0x000000061f373578} (0xc3e6e6af)
 - private static final 'BACKGROUND_DRAW_LIST' 'Limgui/ImDrawList;' @140  a 'imgui/ImDrawList'{0x000000061f373560} (0xc3e6e6ac)
 - private static final 'FOREGROUND_DRAW_LIST' 'Limgui/ImDrawList;' @144  a 'imgui/ImDrawList'{0x000000061f373548} (0xc3e6e6a9)
 - private static final 'IMGUI_STORAGE' 'Limgui/ImGuiStorage;' @148  a 'imgui/ImGuiStorage'{0x000000061f373530} (0xc3e6e6a6)
 - private static final 'WINDOW_VIEWPORT' 'Limgui/ImGuiViewport;' @152  a 'imgui/ImGuiViewport'{0x000000061f373518} (0xc3e6e6a3)
 - private static final 'FIND_VIEWPORT' 'Limgui/ImGuiViewport;' @156  a 'imgui/ImGuiViewport'{0x000000061f373500} (0xc3e6e6a0)
 - private static final 'DRAW_DATA' 'Limgui/ImDrawData;' @160  a 'imgui/ImDrawData'{0x000000061f3734e8} (0xc3e6e69d)
 - private static final 'FONT' 'Limgui/ImFont;' @164  a 'imgui/ImFont'{0x000000061f373498} (0xc3e6e693)
 - private static final 'STYLE' 'Limgui/ImGuiStyle;' @168  a 'imgui/ImGuiStyle'{0x000000061f373480} (0xc3e6e690)
 - private static final 'MAIN_VIEWPORT' 'Limgui/ImGuiViewport;' @172  a 'imgui/ImGuiViewport'{0x000000061f373468} (0xc3e6e68d)
 - private static final 'PLATFORM_IO' 'Limgui/ImGuiPlatformIO;' @176  a 'imgui/ImGuiPlatformIO'{0x000000061f373450} (0xc3e6e68a)
 - private static 'payloadRef' 'Ljava/lang/ref/WeakReference;' @180  null (0x00000000)
 - private static final 'PAYLOAD_PLACEHOLDER_DATA' '[B' @184  [B{0x000000061f373438} (0xc3e6e687)
R12=0x0 is null
R13={method} {0x0000020000806350} 'destroyPlatformWindows' '()V' in 'imgui/ImGui'
R14=0x0000001d684ff640 is pointing into the stack for thread: 0x00000200153d39a0
R15=0x00000200153d39a0 is a thread

Top of Stack: (sp=0x0000001d684ff580)
0x0000001d684ff580:   0000000000000130 0000020026f1cc7c
0x0000001d684ff590:   0000020000806348 0000020000806348
0x0000001d684ff5a0:   0000000000000130 0000020000806348
0x0000001d684ff5b0:   000002000089bb08 0000020026f1ce0b
0x0000001d684ff5c0:   000002000089bb08 0000001d684ff5c8
0x0000001d684ff5d0:   0000020000838ac8 0000020026f1ca9f
0x0000001d684ff5e0:   0000001d684ff5e0 0000020000806348
0x0000001d684ff5f0:   0000000000000003 0000020000808000
0x0000001d684ff600:   0000000000000000 000000061f373378
0x0000001d684ff610:   0000020000806348 0000000000000000
0x0000001d684ff620:   0000001d684ff648 0000001d684ff690
0x0000001d684ff630:   0000020026f18846 000000061f373378
0x0000001d684ff640:   0000020026f1a397 0000001d684ff648
0x0000001d684ff650:   0000020000838ab0 0000000000000002
0x0000001d684ff660:   0000020000839820 0000000000000000
0x0000001d684ff670:   000000061f32f818 0000020000838ac8
0x0000001d684ff680:   0000001d684ff648 0000001d684ff6a0
0x0000001d684ff690:   0000001d684ff6f0 0000020026f18846
0x0000001d684ff6a0:   000000061f04e9a0 0000001d684ff6a8
0x0000001d684ff6b0:   0000020000837b63 0000000000000002
0x0000001d684ff6c0:   0000020000839820 0000000000000000
0x0000001d684ff6d0:   000000061f32f818 0000020000837b88
0x0000001d684ff6e0:   0000001d684ff6a0 0000001d684ff700
0x0000001d684ff6f0:   0000001d684ff750 0000020026f18846
0x0000001d684ff700:   000000061f04e9a0 0000001d684ff708
0x0000001d684ff710:   000002000045d350 0000000000000001
0x0000001d684ff720:   0000020000464d68 0000000000000000
0x0000001d684ff730:   000000061f049510 000002000045d360
0x0000001d684ff740:   0000001d684ff700 0000001d684ff760
0x0000001d684ff750:   0000001d684ff7a8 0000020026f18846
0x0000001d684ff760:   0000001d684ff760 000002000045d22f
0x0000001d684ff770:   0000000000000005 0000020000464d68 

Instructions: (pc=0x00007fff2cdc394d)
0x00007fff2cdc384d:   44 00 00 e8 4b 11 16 00 84 c0 0f 85 83 00 00 00
0x00007fff2cdc385d:   8b 96 a8 1c 00 00 39 96 ac 1c 00 00 0f 84 7f fb
0x00007fff2cdc386d:   ff ff 48 8d 15 6a f7 41 00 41 b8 80 31 00 00 48
0x00007fff2cdc387d:   8d 0d 4d 24 42 00 ff 15 df 1d cf 00 8b 96 a8 1c
0x00007fff2cdc388d:   00 00 39 96 b0 1c 00 00 0f 8c 5f fb ff ff 0f 1f
0x00007fff2cdc389d:   44 00 00 e8 fb 10 16 00 84 c0 75 5a 8b 96 a8 1c
0x00007fff2cdc38ad:   00 00 39 96 b0 1c 00 00 0f 8c 3f fb ff ff 48 8d
0x00007fff2cdc38bd:   15 1e f7 41 00 41 b8 81 31 00 00 48 8d 0d 71 24
0x00007fff2cdc38cd:   42 00 ff 15 93 1d cf 00 8b 96 a8 1c 00 00 e9 1a
0x00007fff2cdc38dd:   fb ff ff ba 80 31 00 00 4c 8d 05 f4 f6 41 00 48
0x00007fff2cdc38ed:   8d 0d dd 23 42 00 e8 c8 0f 16 00 8b 96 a8 1c 00
0x00007fff2cdc38fd:   00 e9 eb fa ff ff ba 81 31 00 00 4c 8d 05 d1 f6
0x00007fff2cdc390d:   41 00 48 8d 0d 2a 24 42 00 e8 a5 0f 16 00 8b 96
0x00007fff2cdc391d:   a8 1c 00 00 e9 d4 fa ff ff 48 c7 c3 ff ff ff ff
0x00007fff2cdc392d:   e9 fe fc ff ff 66 66 2e 0f 1f 84 00 00 00 00 00
0x00007fff2cdc393d:   0f 1f 00 56 53 48 83 ec 28 48 8b 35 fb 37 4a 00
0x00007fff2cdc394d:   8b 86 40 1f 00 00 85 c0 7e 25 31 db 0f 1f 80 00
0x00007fff2cdc395d:   00 00 00 48 8b 86 48 1f 00 00 48 8b 0c d8 48 83
0x00007fff2cdc396d:   c3 01 e8 cc f8 ff ff 39 9e 40 1f 00 00 7f e4 48
0x00007fff2cdc397d:   83 c4 28 5b 5e c3 66 66 2e 0f 1f 84 00 00 00 00
0x00007fff2cdc398d:   00 66 90 57 56 53 48 83 ec 70 48 8d 05 cb 23 42
0x00007fff2cdc399d:   00 ba ff ff ff ff 4c 8d 15 56 6d 42 00 4c 8d 40
0x00007fff2cdc39ad:   02 48 89 44 24 20 48 89 cb b8 44 00 00 00 b9 6f
0x00007fff2cdc39bd:   00 00 00 48 c7 44 24 28 00 00 00 00 48 c7 44 24
0x00007fff2cdc39cd:   30 00 00 00 00 48 c7 44 24 58 00 00 00 00 48 c7
0x00007fff2cdc39dd:   44 24 60 00 00 00 00 eb 2e 66 2e 0f 1f 84 00 00
0x00007fff2cdc39ed:   00 00 00 31 d0 41 89 d1 0f b6 c0 41 c1 e9 08 41
0x00007fff2cdc39fd:   8b 14 82 44 31 ca 84 c9 74 39 45 0f b6 08 89 c8
0x00007fff2cdc3a0d:   49 83 c0 01 44 89 c9 3c 23 75 d8 80 f9 23 75 d3
0x00007fff2cdc3a1d:   41 80 38 23 0f 84 79 01 00 00 41 89 d1 0f b6 c2
0x00007fff2cdc3a2d:   41 c1 e9 08 83 f0 23 41 8b 14 82 44 31 ca eb ca
0x00007fff2cdc3a3d:   0f 1f 00 89 d0 f7 d0 89 44 24 28 48 8d 05 11 c8 


Stack slot to memory mapping:

stack at sp + 0 slots: 0x0000000000000130 is an unknown value
stack at sp + 1 slots: 0x0000020026f1cc7c is at code_begin+668 in an Interpreter codelet
native method entry point (kind = native)  [0x0000020026f1c9e0, 0x0000020026f1d508]  2856 bytes
stack at sp + 2 slots: {method} {0x0000020000806350} 'destroyPlatformWindows' '()V' in 'imgui/ImGui'
stack at sp + 3 slots: {method} {0x0000020000806350} 'destroyPlatformWindows' '()V' in 'imgui/ImGui'
stack at sp + 4 slots: 0x0000000000000130 is an unknown value
stack at sp + 5 slots: {method} {0x0000020000806350} 'destroyPlatformWindows' '()V' in 'imgui/ImGui'
stack at sp + 6 slots: 0x000002000089bb08 is pointing into metadata
stack at sp + 7 slots: 0x0000020026f1ce0b is at code_begin+1067 in an Interpreter codelet
native method entry point (kind = native)  [0x0000020026f1c9e0, 0x0000020026f1d508]  2856 bytes


---------------  P R O C E S S  ---------------

Threads class SMR info:
_java_thread_list=0x0000020010bc1f80, length=14, elements={
0x00000200153d39a0, 0x000002003c307740, 0x000002003c308660, 0x000002003c309b70,
0x000002003c30b940, 0x000002003c30c3a0, 0x000002003c30ce00, 0x000002003c31a190,
0x000002003c326d20, 0x000002003c42d760, 0x000002003c873910, 0x000002003c860000,
0x000002003c435d30, 0x000002003c44b240
}

Java Threads: ( => current thread )
=>0x00000200153d39a0 JavaThread "main"                              [_thread_in_native, id=19592, stack(0x0000001d68400000,0x0000001d68500000) (1024K)]
  0x000002003c307740 JavaThread "Reference Handler"          daemon [_thread_blocked, id=19420, stack(0x0000001d68c00000,0x0000001d68d00000) (1024K)]
  0x000002003c308660 JavaThread "Finalizer"                  daemon [_thread_blocked, id=196, stack(0x0000001d68d00000,0x0000001d68e00000) (1024K)]
  0x000002003c309b70 JavaThread "Signal Dispatcher"          daemon [_thread_blocked, id=27200, stack(0x0000001d68e00000,0x0000001d68f00000) (1024K)]
  0x000002003c30b940 JavaThread "Attach Listener"            daemon [_thread_blocked, id=10256, stack(0x0000001d68f00000,0x0000001d69000000) (1024K)]
  0x000002003c30c3a0 JavaThread "Service Thread"             daemon [_thread_blocked, id=26736, stack(0x0000001d69000000,0x0000001d69100000) (1024K)]
  0x000002003c30ce00 JavaThread "Monitor Deflation Thread"   daemon [_thread_blocked, id=27944, stack(0x0000001d69100000,0x0000001d69200000) (1024K)]
  0x000002003c31a190 JavaThread "C2 CompilerThread0"         daemon [_thread_blocked, id=6948, stack(0x0000001d69200000,0x0000001d69300000) (1024K)]
  0x000002003c326d20 JavaThread "C1 CompilerThread0"         daemon [_thread_blocked, id=12952, stack(0x0000001d69300000,0x0000001d69400000) (1024K)]
  0x000002003c42d760 JavaThread "Common-Cleaner"             daemon [_thread_blocked, id=3528, stack(0x0000001d69400000,0x0000001d69500000) (1024K)]
  0x000002003c873910 JavaThread "Monitor Ctrl-Break"         daemon [_thread_in_native, id=3860, stack(0x0000001d69800000,0x0000001d69900000) (1024K)]
  0x000002003c860000 JavaThread "Notification Thread"        daemon [_thread_blocked, id=27796, stack(0x0000001d69900000,0x0000001d69a00000) (1024K)]
  0x000002003c435d30 JavaThread "C1 CompilerThread1"         daemon [_thread_blocked, id=11104, stack(0x0000001d69500000,0x0000001d69600000) (1024K)]
  0x000002003c44b240 JavaThread "C1 CompilerThread2"         daemon [_thread_blocked, id=28068, stack(0x0000001d69600000,0x0000001d69700000) (1024K)]
Total: 14

Other Threads:
  0x00000200394f9e10 VMThread "VM Thread"                           [id=18116, stack(0x0000001d68b00000,0x0000001d68c00000) (1024K)]
  0x00000200394df300 WatcherThread "VM Periodic Task Thread"        [id=21940, stack(0x0000001d68a00000,0x0000001d68b00000) (1024K)]
  0x00000200176d26a0 WorkerThread "GC Thread#0"                     [id=11844, stack(0x0000001d68500000,0x0000001d68600000) (1024K)]
  0x0000020010c16db0 WorkerThread "GC Thread#1"                     [id=400, stack(0x0000001d6a600000,0x0000001d6a700000) (1024K)]
  0x0000020010c17150 WorkerThread "GC Thread#2"                     [id=26628, stack(0x0000001d6a700000,0x0000001d6a800000) (1024K)]
  0x0000020080229660 WorkerThread "GC Thread#3"                     [id=10448, stack(0x0000001d6a800000,0x0000001d6a900000) (1024K)]
  0x0000020080229a00 WorkerThread "GC Thread#4"                     [id=7712, stack(0x0000001d6a900000,0x0000001d6aa00000) (1024K)]
  0x000002008020d770 WorkerThread "GC Thread#5"                     [id=7860, stack(0x0000001d6aa00000,0x0000001d6ab00000) (1024K)]
  0x000002008020db10 WorkerThread "GC Thread#6"                     [id=8060, stack(0x0000001d6ab00000,0x0000001d6ac00000) (1024K)]
  0x0000020080229da0 WorkerThread "GC Thread#7"                     [id=6844, stack(0x0000001d6ac00000,0x0000001d6ad00000) (1024K)]
  0x000002008022a140 WorkerThread "GC Thread#8"                     [id=28544, stack(0x0000001d6ad00000,0x0000001d6ae00000) (1024K)]
  0x00000200115699d0 WorkerThread "GC Thread#9"                     [id=27528, stack(0x0000001d6ae00000,0x0000001d6af00000) (1024K)]
  0x00000200115687b0 WorkerThread "GC Thread#10"                    [id=2924, stack(0x0000001d6af00000,0x0000001d6b000000) (1024K)]
  0x0000020011569d70 WorkerThread "GC Thread#11"                    [id=27208, stack(0x0000001d6b000000,0x0000001d6b100000) (1024K)]
  0x0000020011569290 WorkerThread "GC Thread#12"                    [id=8196, stack(0x0000001d6b100000,0x0000001d6b200000) (1024K)]
  0x00000200176e3690 ConcurrentGCThread "G1 Main Marker"            [id=27148, stack(0x0000001d68600000,0x0000001d68700000) (1024K)]
  0x00000200176e4930 WorkerThread "G1 Conc#0"                       [id=13048, stack(0x0000001d68700000,0x0000001d68800000) (1024K)]
  0x00000200393a5d20 ConcurrentGCThread "G1 Refine#0"               [id=20884, stack(0x0000001d68800000,0x0000001d68900000) (1024K)]
  0x00000200393a6890 ConcurrentGCThread "G1 Service"                [id=12376, stack(0x0000001d68900000,0x0000001d68a00000) (1024K)]
Total: 19

Threads with active compile tasks:
Total: 0

VM state: not at safepoint (normal execution)

VM Mutex/Monitor currently owned by a thread: None

Heap address: 0x0000000601400000, size: 8172 MB, Compressed Oops mode: Zero based, Oop shift amount: 3

CDS archive(s) mapped at: [0x000002003d000000-0x000002003dc90000-0x000002003dc90000), size 13172736, SharedBaseAddress: 0x000002003d000000, ArchiveRelocationMode: 1.
Compressed class space mapped at: 0x000002003e000000-0x000002007e000000, reserved size: 1073741824
Narrow klass base: 0x000002003d000000, Narrow klass shift: 0, Narrow klass range: 0x100000000

GC Precious Log:
 CardTable entry size: 512
 Card Set container configuration: InlinePtr #cards 4 size 8 Array Of Cards #cards 32 size 80 Howl #buckets 8 coarsen threshold 7372 Howl Bitmap #cards 1024 size 144 coarsen threshold 921 Card regions per heap region 1 cards per card region 8192
 CPUs: 16 total, 16 available
 Memory: 32682M
 Large Page Support: Disabled
 NUMA Support: Disabled
 Compressed Oops: Enabled (Zero based)
 Heap Region Size: 4M
 Heap Min Capacity: 8M
 Heap Initial Capacity: 512M
 Heap Max Capacity: 8172M
 Pre-touch: Disabled
 Parallel Workers: 13
 Concurrent Workers: 3
 Concurrent Refinement Workers: 13
 Periodic GC: Disabled

Heap:
 garbage-first heap   total 1159168K, used 636632K [0x0000000601400000, 0x0000000800000000)
  region size 4096K, 155 young (634880K), 9 survivors (36864K)
 Metaspace       used 8298K, committed 8512K, reserved 1114112K
  class space    used 524K, committed 640K, reserved 1048576K

Heap Regions: E=young(eden), S=young(survivor), O=old, HS=humongous(starts), HC=humongous(continues), CS=collection set, F=free, TAMS=top-at-mark-start, PB=parsable bottom
|   0|0x0000000601400000, 0x0000000601800000, 0x0000000601800000|100%|HS|  |TAMS 0x0000000601400000| PB 0x0000000601400000| Complete 
|   1|0x0000000601800000, 0x0000000601c00000, 0x0000000601c00000|100%|HC|  |TAMS 0x0000000601800000| PB 0x0000000601800000| Complete 
|   2|0x0000000601c00000, 0x0000000601c00000, 0x0000000602000000|  0%| F|  |TAMS 0x0000000601c00000| PB 0x0000000601c00000| Untracked 
|   3|0x0000000602000000, 0x0000000602000000, 0x0000000602400000|  0%| F|  |TAMS 0x0000000602000000| PB 0x0000000602000000| Untracked 
|   4|0x0000000602400000, 0x0000000602400000, 0x0000000602800000|  0%| F|  |TAMS 0x0000000602400000| PB 0x0000000602400000| Untracked 
|   5|0x0000000602800000, 0x0000000602800000, 0x0000000602c00000|  0%| F|  |TAMS 0x0000000602800000| PB 0x0000000602800000| Untracked 
|   6|0x0000000602c00000, 0x0000000602c00000, 0x0000000603000000|  0%| F|  |TAMS 0x0000000602c00000| PB 0x0000000602c00000| Untracked 
|   7|0x0000000603000000, 0x0000000603000000, 0x0000000603400000|  0%| F|  |TAMS 0x0000000603000000| PB 0x0000000603000000| Untracked 
|   8|0x0000000603400000, 0x0000000603400000, 0x0000000603800000|  0%| F|  |TAMS 0x0000000603400000| PB 0x0000000603400000| Untracked 
|   9|0x0000000603800000, 0x0000000603800000, 0x0000000603c00000|  0%| F|  |TAMS 0x0000000603800000| PB 0x0000000603800000| Untracked 
|  10|0x0000000603c00000, 0x0000000603c00000, 0x0000000604000000|  0%| F|  |TAMS 0x0000000603c00000| PB 0x0000000603c00000| Untracked 
|  11|0x0000000604000000, 0x0000000604000000, 0x0000000604400000|  0%| F|  |TAMS 0x0000000604000000| PB 0x0000000604000000| Untracked 
|  12|0x0000000604400000, 0x0000000604400000, 0x0000000604800000|  0%| F|  |TAMS 0x0000000604400000| PB 0x0000000604400000| Untracked 
|  13|0x0000000604800000, 0x0000000604800000, 0x0000000604c00000|  0%| F|  |TAMS 0x0000000604800000| PB 0x0000000604800000| Untracked 
|  14|0x0000000604c00000, 0x0000000604c00000, 0x0000000605000000|  0%| F|  |TAMS 0x0000000604c00000| PB 0x0000000604c00000| Untracked 
|  15|0x0000000605000000, 0x0000000605000000, 0x0000000605400000|  0%| F|  |TAMS 0x0000000605000000| PB 0x0000000605000000| Untracked 
|  16|0x0000000605400000, 0x0000000605400000, 0x0000000605800000|  0%| F|  |TAMS 0x0000000605400000| PB 0x0000000605400000| Untracked 
|  17|0x0000000605800000, 0x0000000605800000, 0x0000000605c00000|  0%| F|  |TAMS 0x0000000605800000| PB 0x0000000605800000| Untracked 
|  18|0x0000000605c00000, 0x0000000605c00000, 0x0000000606000000|  0%| F|  |TAMS 0x0000000605c00000| PB 0x0000000605c00000| Untracked 
|  19|0x0000000606000000, 0x0000000606000000, 0x0000000606400000|  0%| F|  |TAMS 0x0000000606000000| PB 0x0000000606000000| Untracked 
|  20|0x0000000606400000, 0x0000000606400000, 0x0000000606800000|  0%| F|  |TAMS 0x0000000606400000| PB 0x0000000606400000| Untracked 
|  21|0x0000000606800000, 0x0000000606800000, 0x0000000606c00000|  0%| F|  |TAMS 0x0000000606800000| PB 0x0000000606800000| Untracked 
|  22|0x0000000606c00000, 0x0000000606c00000, 0x0000000607000000|  0%| F|  |TAMS 0x0000000606c00000| PB 0x0000000606c00000| Untracked 
|  23|0x0000000607000000, 0x0000000607000000, 0x0000000607400000|  0%| F|  |TAMS 0x0000000607000000| PB 0x0000000607000000| Untracked 
|  24|0x0000000607400000, 0x0000000607400000, 0x0000000607800000|  0%| F|  |TAMS 0x0000000607400000| PB 0x0000000607400000| Untracked 
|  25|0x0000000607800000, 0x0000000607800000, 0x0000000607c00000|  0%| F|  |TAMS 0x0000000607800000| PB 0x0000000607800000| Untracked 
|  26|0x0000000607c00000, 0x0000000607c00000, 0x0000000608000000|  0%| F|  |TAMS 0x0000000607c00000| PB 0x0000000607c00000| Untracked 
|  27|0x0000000608000000, 0x0000000608000000, 0x0000000608400000|  0%| F|  |TAMS 0x0000000608000000| PB 0x0000000608000000| Untracked 
|  28|0x0000000608400000, 0x0000000608400000, 0x0000000608800000|  0%| F|  |TAMS 0x0000000608400000| PB 0x0000000608400000| Untracked 
|  29|0x0000000608800000, 0x0000000608800000, 0x0000000608c00000|  0%| F|  |TAMS 0x0000000608800000| PB 0x0000000608800000| Untracked 
|  30|0x0000000608c00000, 0x0000000608c00000, 0x0000000609000000|  0%| F|  |TAMS 0x0000000608c00000| PB 0x0000000608c00000| Untracked 
|  31|0x0000000609000000, 0x0000000609000000, 0x0000000609400000|  0%| F|  |TAMS 0x0000000609000000| PB 0x0000000609000000| Untracked 
|  32|0x0000000609400000, 0x0000000609400000, 0x0000000609800000|  0%| F|  |TAMS 0x0000000609400000| PB 0x0000000609400000| Untracked 
|  33|0x0000000609800000, 0x0000000609800000, 0x0000000609c00000|  0%| F|  |TAMS 0x0000000609800000| PB 0x0000000609800000| Untracked 
|  34|0x0000000609c00000, 0x0000000609c00000, 0x000000060a000000|  0%| F|  |TAMS 0x0000000609c00000| PB 0x0000000609c00000| Untracked 
|  35|0x000000060a000000, 0x000000060a000000, 0x000000060a400000|  0%| F|  |TAMS 0x000000060a000000| PB 0x000000060a000000| Untracked 
|  36|0x000000060a400000, 0x000000060a400000, 0x000000060a800000|  0%| F|  |TAMS 0x000000060a400000| PB 0x000000060a400000| Untracked 
|  37|0x000000060a800000, 0x000000060a800000, 0x000000060ac00000|  0%| F|  |TAMS 0x000000060a800000| PB 0x000000060a800000| Untracked 
|  38|0x000000060ac00000, 0x000000060ac00000, 0x000000060b000000|  0%| F|  |TAMS 0x000000060ac00000| PB 0x000000060ac00000| Untracked 
|  39|0x000000060b000000, 0x000000060b000000, 0x000000060b400000|  0%| F|  |TAMS 0x000000060b000000| PB 0x000000060b000000| Untracked 
|  40|0x000000060b400000, 0x000000060b400000, 0x000000060b800000|  0%| F|  |TAMS 0x000000060b400000| PB 0x000000060b400000| Untracked 
|  41|0x000000060b800000, 0x000000060b800000, 0x000000060bc00000|  0%| F|  |TAMS 0x000000060b800000| PB 0x000000060b800000| Untracked 
|  42|0x000000060bc00000, 0x000000060bc00000, 0x000000060c000000|  0%| F|  |TAMS 0x000000060bc00000| PB 0x000000060bc00000| Untracked 
|  43|0x000000060c000000, 0x000000060c000000, 0x000000060c400000|  0%| F|  |TAMS 0x000000060c000000| PB 0x000000060c000000| Untracked 
|  44|0x000000060c400000, 0x000000060c400000, 0x000000060c800000|  0%| F|  |TAMS 0x000000060c400000| PB 0x000000060c400000| Untracked 
|  45|0x000000060c800000, 0x000000060c800000, 0x000000060cc00000|  0%| F|  |TAMS 0x000000060c800000| PB 0x000000060c800000| Untracked 
|  46|0x000000060cc00000, 0x000000060cc00000, 0x000000060d000000|  0%| F|  |TAMS 0x000000060cc00000| PB 0x000000060cc00000| Untracked 
|  47|0x000000060d000000, 0x000000060d000000, 0x000000060d400000|  0%| F|  |TAMS 0x000000060d000000| PB 0x000000060d000000| Untracked 
|  48|0x000000060d400000, 0x000000060d400000, 0x000000060d800000|  0%| F|  |TAMS 0x000000060d400000| PB 0x000000060d400000| Untracked 
|  49|0x000000060d800000, 0x000000060d800000, 0x000000060dc00000|  0%| F|  |TAMS 0x000000060d800000| PB 0x000000060d800000| Untracked 
|  50|0x000000060dc00000, 0x000000060dc00000, 0x000000060e000000|  0%| F|  |TAMS 0x000000060dc00000| PB 0x000000060dc00000| Untracked 
|  51|0x000000060e000000, 0x000000060e000000, 0x000000060e400000|  0%| F|  |TAMS 0x000000060e000000| PB 0x000000060e000000| Untracked 
|  52|0x000000060e400000, 0x000000060e400000, 0x000000060e800000|  0%| F|  |TAMS 0x000000060e400000| PB 0x000000060e400000| Untracked 
|  53|0x000000060e800000, 0x000000060e800000, 0x000000060ec00000|  0%| F|  |TAMS 0x000000060e800000| PB 0x000000060e800000| Untracked 
|  54|0x000000060ec00000, 0x000000060ec00000, 0x000000060f000000|  0%| F|  |TAMS 0x000000060ec00000| PB 0x000000060ec00000| Untracked 
|  55|0x000000060f000000, 0x000000060f000000, 0x000000060f400000|  0%| F|  |TAMS 0x000000060f000000| PB 0x000000060f000000| Untracked 
|  56|0x000000060f400000, 0x000000060f400000, 0x000000060f800000|  0%| F|  |TAMS 0x000000060f400000| PB 0x000000060f400000| Untracked 
|  57|0x000000060f800000, 0x000000060f800000, 0x000000060fc00000|  0%| F|  |TAMS 0x000000060f800000| PB 0x000000060f800000| Untracked 
|  58|0x000000060fc00000, 0x000000060fc00000, 0x0000000610000000|  0%| F|  |TAMS 0x000000060fc00000| PB 0x000000060fc00000| Untracked 
|  59|0x0000000610000000, 0x0000000610000000, 0x0000000610400000|  0%| F|  |TAMS 0x0000000610000000| PB 0x0000000610000000| Untracked 
|  60|0x0000000610400000, 0x0000000610400000, 0x0000000610800000|  0%| F|  |TAMS 0x0000000610400000| PB 0x0000000610400000| Untracked 
|  61|0x0000000610800000, 0x0000000610800000, 0x0000000610c00000|  0%| F|  |TAMS 0x0000000610800000| PB 0x0000000610800000| Untracked 
|  62|0x0000000610c00000, 0x0000000610c00000, 0x0000000611000000|  0%| F|  |TAMS 0x0000000610c00000| PB 0x0000000610c00000| Untracked 
|  63|0x0000000611000000, 0x0000000611000000, 0x0000000611400000|  0%| F|  |TAMS 0x0000000611000000| PB 0x0000000611000000| Untracked 
|  64|0x0000000611400000, 0x0000000611400000, 0x0000000611800000|  0%| F|  |TAMS 0x0000000611400000| PB 0x0000000611400000| Untracked 
|  65|0x0000000611800000, 0x0000000611800000, 0x0000000611c00000|  0%| F|  |TAMS 0x0000000611800000| PB 0x0000000611800000| Untracked 
|  66|0x0000000611c00000, 0x0000000611c00000, 0x0000000612000000|  0%| F|  |TAMS 0x0000000611c00000| PB 0x0000000611c00000| Untracked 
|  67|0x0000000612000000, 0x0000000612000000, 0x0000000612400000|  0%| F|  |TAMS 0x0000000612000000| PB 0x0000000612000000| Untracked 
|  68|0x0000000612400000, 0x0000000612400000, 0x0000000612800000|  0%| F|  |TAMS 0x0000000612400000| PB 0x0000000612400000| Untracked 
|  69|0x0000000612800000, 0x0000000612800000, 0x0000000612c00000|  0%| F|  |TAMS 0x0000000612800000| PB 0x0000000612800000| Untracked 
|  70|0x0000000612c00000, 0x0000000612c00000, 0x0000000613000000|  0%| F|  |TAMS 0x0000000612c00000| PB 0x0000000612c00000| Untracked 
|  71|0x0000000613000000, 0x0000000613000000, 0x0000000613400000|  0%| F|  |TAMS 0x0000000613000000| PB 0x0000000613000000| Untracked 
|  72|0x0000000613400000, 0x0000000613400000, 0x0000000613800000|  0%| F|  |TAMS 0x0000000613400000| PB 0x0000000613400000| Untracked 
|  73|0x0000000613800000, 0x0000000613800000, 0x0000000613c00000|  0%| F|  |TAMS 0x0000000613800000| PB 0x0000000613800000| Untracked 
|  74|0x0000000613c00000, 0x0000000613c00000, 0x0000000614000000|  0%| F|  |TAMS 0x0000000613c00000| PB 0x0000000613c00000| Untracked 
|  75|0x0000000614000000, 0x0000000614000000, 0x0000000614400000|  0%| F|  |TAMS 0x0000000614000000| PB 0x0000000614000000| Untracked 
|  76|0x0000000614400000, 0x0000000614400000, 0x0000000614800000|  0%| F|  |TAMS 0x0000000614400000| PB 0x0000000614400000| Untracked 
|  77|0x0000000614800000, 0x0000000614800000, 0x0000000614c00000|  0%| F|  |TAMS 0x0000000614800000| PB 0x0000000614800000| Untracked 
|  78|0x0000000614c00000, 0x0000000614c00000, 0x0000000615000000|  0%| F|  |TAMS 0x0000000614c00000| PB 0x0000000614c00000| Untracked 
|  79|0x0000000615000000, 0x0000000615000000, 0x0000000615400000|  0%| F|  |TAMS 0x0000000615000000| PB 0x0000000615000000| Untracked 
|  80|0x0000000615400000, 0x0000000615400000, 0x0000000615800000|  0%| F|  |TAMS 0x0000000615400000| PB 0x0000000615400000| Untracked 
|  81|0x0000000615800000, 0x0000000615800000, 0x0000000615c00000|  0%| F|  |TAMS 0x0000000615800000| PB 0x0000000615800000| Untracked 
|  82|0x0000000615c00000, 0x0000000615c00000, 0x0000000616000000|  0%| F|  |TAMS 0x0000000615c00000| PB 0x0000000615c00000| Untracked 
|  83|0x0000000616000000, 0x0000000616000000, 0x0000000616400000|  0%| F|  |TAMS 0x0000000616000000| PB 0x0000000616000000| Untracked 
|  84|0x0000000616400000, 0x0000000616400000, 0x0000000616800000|  0%| F|  |TAMS 0x0000000616400000| PB 0x0000000616400000| Untracked 
|  85|0x0000000616800000, 0x0000000616800000, 0x0000000616c00000|  0%| F|  |TAMS 0x0000000616800000| PB 0x0000000616800000| Untracked 
|  86|0x0000000616c00000, 0x0000000616c00000, 0x0000000617000000|  0%| F|  |TAMS 0x0000000616c00000| PB 0x0000000616c00000| Untracked 
|  87|0x0000000617000000, 0x0000000617000000, 0x0000000617400000|  0%| F|  |TAMS 0x0000000617000000| PB 0x0000000617000000| Untracked 
|  88|0x0000000617400000, 0x0000000617400000, 0x0000000617800000|  0%| F|  |TAMS 0x0000000617400000| PB 0x0000000617400000| Untracked 
|  89|0x0000000617800000, 0x0000000617800000, 0x0000000617c00000|  0%| F|  |TAMS 0x0000000617800000| PB 0x0000000617800000| Untracked 
|  90|0x0000000617c00000, 0x0000000617c00000, 0x0000000618000000|  0%| F|  |TAMS 0x0000000617c00000| PB 0x0000000617c00000| Untracked 
|  91|0x0000000618000000, 0x0000000618000000, 0x0000000618400000|  0%| F|  |TAMS 0x0000000618000000| PB 0x0000000618000000| Untracked 
|  92|0x0000000618400000, 0x0000000618400000, 0x0000000618800000|  0%| F|  |TAMS 0x0000000618400000| PB 0x0000000618400000| Untracked 
|  93|0x0000000618800000, 0x0000000618800000, 0x0000000618c00000|  0%| F|  |TAMS 0x0000000618800000| PB 0x0000000618800000| Untracked 
|  94|0x0000000618c00000, 0x0000000618c00000, 0x0000000619000000|  0%| F|  |TAMS 0x0000000618c00000| PB 0x0000000618c00000| Untracked 
|  95|0x0000000619000000, 0x0000000619000000, 0x0000000619400000|  0%| F|  |TAMS 0x0000000619000000| PB 0x0000000619000000| Untracked 
|  96|0x0000000619400000, 0x0000000619400000, 0x0000000619800000|  0%| F|  |TAMS 0x0000000619400000| PB 0x0000000619400000| Untracked 
|  97|0x0000000619800000, 0x0000000619800000, 0x0000000619c00000|  0%| F|  |TAMS 0x0000000619800000| PB 0x0000000619800000| Untracked 
|  98|0x0000000619c00000, 0x0000000619c00000, 0x000000061a000000|  0%| F|  |TAMS 0x0000000619c00000| PB 0x0000000619c00000| Untracked 
|  99|0x000000061a000000, 0x000000061a000000, 0x000000061a400000|  0%| F|  |TAMS 0x000000061a000000| PB 0x000000061a000000| Untracked 
| 100|0x000000061a400000, 0x000000061a400000, 0x000000061a800000|  0%| F|  |TAMS 0x000000061a400000| PB 0x000000061a400000| Untracked 
| 101|0x000000061a800000, 0x000000061a800000, 0x000000061ac00000|  0%| F|  |TAMS 0x000000061a800000| PB 0x000000061a800000| Untracked 
| 102|0x000000061ac00000, 0x000000061ac00000, 0x000000061b000000|  0%| F|  |TAMS 0x000000061ac00000| PB 0x000000061ac00000| Untracked 
| 103|0x000000061b000000, 0x000000061b000000, 0x000000061b400000|  0%| F|  |TAMS 0x000000061b000000| PB 0x000000061b000000| Untracked 
| 104|0x000000061b400000, 0x000000061b400000, 0x000000061b800000|  0%| F|  |TAMS 0x000000061b400000| PB 0x000000061b400000| Untracked 
| 105|0x000000061b800000, 0x000000061b800000, 0x000000061bc00000|  0%| F|  |TAMS 0x000000061b800000| PB 0x000000061b800000| Untracked 
| 106|0x000000061bc00000, 0x000000061bc00000, 0x000000061c000000|  0%| F|  |TAMS 0x000000061bc00000| PB 0x000000061bc00000| Untracked 
| 107|0x000000061c000000, 0x000000061c000000, 0x000000061c400000|  0%| F|  |TAMS 0x000000061c000000| PB 0x000000061c000000| Untracked 
| 108|0x000000061c400000, 0x000000061c400000, 0x000000061c800000|  0%| F|  |TAMS 0x000000061c400000| PB 0x000000061c400000| Untracked 
| 109|0x000000061c800000, 0x000000061c800000, 0x000000061cc00000|  0%| F|  |TAMS 0x000000061c800000| PB 0x000000061c800000| Untracked 
| 110|0x000000061cc00000, 0x000000061cc00000, 0x000000061d000000|  0%| F|  |TAMS 0x000000061cc00000| PB 0x000000061cc00000| Untracked 
| 111|0x000000061d000000, 0x000000061d1b6270, 0x000000061d400000| 42%| S|CS|TAMS 0x000000061d000000| PB 0x000000061d000000| Complete 
| 112|0x000000061d400000, 0x000000061d800000, 0x000000061d800000|100%| S|CS|TAMS 0x000000061d400000| PB 0x000000061d400000| Complete 
| 113|0x000000061d800000, 0x000000061dc00000, 0x000000061dc00000|100%| S|CS|TAMS 0x000000061d800000| PB 0x000000061d800000| Complete 
| 114|0x000000061dc00000, 0x000000061e000000, 0x000000061e000000|100%| S|CS|TAMS 0x000000061dc00000| PB 0x000000061dc00000| Complete 
| 115|0x000000061e000000, 0x000000061e400000, 0x000000061e400000|100%| S|CS|TAMS 0x000000061e000000| PB 0x000000061e000000| Complete 
| 116|0x000000061e400000, 0x000000061e800000, 0x000000061e800000|100%| S|CS|TAMS 0x000000061e400000| PB 0x000000061e400000| Complete 
| 117|0x000000061e800000, 0x000000061ec00000, 0x000000061ec00000|100%| S|CS|TAMS 0x000000061e800000| PB 0x000000061e800000| Complete 
| 118|0x000000061ec00000, 0x000000061f000000, 0x000000061f000000|100%| S|CS|TAMS 0x000000061ec00000| PB 0x000000061ec00000| Complete 
| 119|0x000000061f000000, 0x000000061f400000, 0x000000061f400000|100%| S|CS|TAMS 0x000000061f000000| PB 0x000000061f000000| Complete 
| 120|0x000000061f400000, 0x000000061f400000, 0x000000061f800000|  0%| F|  |TAMS 0x000000061f400000| PB 0x000000061f400000| Untracked 
| 121|0x000000061f800000, 0x000000061f800000, 0x000000061fc00000|  0%| F|  |TAMS 0x000000061f800000| PB 0x000000061f800000| Untracked 
| 122|0x000000061fc00000, 0x000000061fc00000, 0x0000000620000000|  0%| F|  |TAMS 0x000000061fc00000| PB 0x000000061fc00000| Untracked 
| 123|0x0000000620000000, 0x0000000620000000, 0x0000000620400000|  0%| F|  |TAMS 0x0000000620000000| PB 0x0000000620000000| Untracked 
| 124|0x0000000620400000, 0x0000000620400000, 0x0000000620800000|  0%| F|  |TAMS 0x0000000620400000| PB 0x0000000620400000| Untracked 
| 125|0x0000000620800000, 0x0000000620800000, 0x0000000620c00000|  0%| F|  |TAMS 0x0000000620800000| PB 0x0000000620800000| Untracked 
| 126|0x0000000620c00000, 0x0000000620c00000, 0x0000000621000000|  0%| F|  |TAMS 0x0000000620c00000| PB 0x0000000620c00000| Untracked 
| 127|0x0000000621000000, 0x0000000621000000, 0x0000000621400000|  0%| F|  |TAMS 0x0000000621000000| PB 0x0000000621000000| Untracked 
| 128|0x0000000621400000, 0x0000000621400000, 0x0000000621800000|  0%| F|  |TAMS 0x0000000621400000| PB 0x0000000621400000| Untracked 
| 129|0x0000000621800000, 0x0000000621800000, 0x0000000621c00000|  0%| F|  |TAMS 0x0000000621800000| PB 0x0000000621800000| Untracked 
| 130|0x0000000621c00000, 0x0000000621c00000, 0x0000000622000000|  0%| F|  |TAMS 0x0000000621c00000| PB 0x0000000621c00000| Untracked 
| 131|0x0000000622000000, 0x0000000622000000, 0x0000000622400000|  0%| F|  |TAMS 0x0000000622000000| PB 0x0000000622000000| Untracked 
| 132|0x0000000622400000, 0x0000000622400000, 0x0000000622800000|  0%| F|  |TAMS 0x0000000622400000| PB 0x0000000622400000| Untracked 
| 133|0x0000000622800000, 0x0000000622800000, 0x0000000622c00000|  0%| F|  |TAMS 0x0000000622800000| PB 0x0000000622800000| Untracked 
| 134|0x0000000622c00000, 0x0000000622c00000, 0x0000000623000000|  0%| F|  |TAMS 0x0000000622c00000| PB 0x0000000622c00000| Untracked 
| 135|0x0000000623000000, 0x0000000623000000, 0x0000000623400000|  0%| F|  |TAMS 0x0000000623000000| PB 0x0000000623000000| Untracked 
| 136|0x0000000623400000, 0x0000000623400000, 0x0000000623800000|  0%| F|  |TAMS 0x0000000623400000| PB 0x0000000623400000| Untracked 
| 137|0x0000000623800000, 0x0000000623a00800, 0x0000000623c00000| 50%| E|  |TAMS 0x0000000623800000| PB 0x0000000623800000| Complete 
| 138|0x0000000623c00000, 0x0000000624000000, 0x0000000624000000|100%| E|CS|TAMS 0x0000000623c00000| PB 0x0000000623c00000| Complete 
| 139|0x0000000624000000, 0x0000000624400000, 0x0000000624400000|100%| E|CS|TAMS 0x0000000624000000| PB 0x0000000624000000| Complete 
| 140|0x0000000624400000, 0x0000000624800000, 0x0000000624800000|100%| E|CS|TAMS 0x0000000624400000| PB 0x0000000624400000| Complete 
| 141|0x0000000624800000, 0x0000000624c00000, 0x0000000624c00000|100%| E|CS|TAMS 0x0000000624800000| PB 0x0000000624800000| Complete 
| 142|0x0000000624c00000, 0x0000000625000000, 0x0000000625000000|100%| E|CS|TAMS 0x0000000624c00000| PB 0x0000000624c00000| Complete 
| 143|0x0000000625000000, 0x0000000625400000, 0x0000000625400000|100%| E|CS|TAMS 0x0000000625000000| PB 0x0000000625000000| Complete 
| 144|0x0000000625400000, 0x0000000625800000, 0x0000000625800000|100%| E|CS|TAMS 0x0000000625400000| PB 0x0000000625400000| Complete 
| 145|0x0000000625800000, 0x0000000625c00000, 0x0000000625c00000|100%| E|CS|TAMS 0x0000000625800000| PB 0x0000000625800000| Complete 
| 146|0x0000000625c00000, 0x0000000626000000, 0x0000000626000000|100%| E|CS|TAMS 0x0000000625c00000| PB 0x0000000625c00000| Complete 
| 147|0x0000000626000000, 0x0000000626400000, 0x0000000626400000|100%| E|CS|TAMS 0x0000000626000000| PB 0x0000000626000000| Complete 
| 148|0x0000000626400000, 0x0000000626800000, 0x0000000626800000|100%| E|CS|TAMS 0x0000000626400000| PB 0x0000000626400000| Complete 
| 149|0x0000000626800000, 0x0000000626c00000, 0x0000000626c00000|100%| E|CS|TAMS 0x0000000626800000| PB 0x0000000626800000| Complete 
| 150|0x0000000626c00000, 0x0000000627000000, 0x0000000627000000|100%| E|CS|TAMS 0x0000000626c00000| PB 0x0000000626c00000| Complete 
| 151|0x0000000627000000, 0x0000000627400000, 0x0000000627400000|100%| E|CS|TAMS 0x0000000627000000| PB 0x0000000627000000| Complete 
| 152|0x0000000627400000, 0x0000000627800000, 0x0000000627800000|100%| E|CS|TAMS 0x0000000627400000| PB 0x0000000627400000| Complete 
| 153|0x0000000627800000, 0x0000000627c00000, 0x0000000627c00000|100%| E|CS|TAMS 0x0000000627800000| PB 0x0000000627800000| Complete 
| 154|0x0000000627c00000, 0x0000000628000000, 0x0000000628000000|100%| E|CS|TAMS 0x0000000627c00000| PB 0x0000000627c00000| Complete 
| 155|0x0000000628000000, 0x0000000628400000, 0x0000000628400000|100%| E|CS|TAMS 0x0000000628000000| PB 0x0000000628000000| Complete 
| 156|0x0000000628400000, 0x0000000628800000, 0x0000000628800000|100%| E|CS|TAMS 0x0000000628400000| PB 0x0000000628400000| Complete 
| 157|0x0000000628800000, 0x0000000628c00000, 0x0000000628c00000|100%| E|CS|TAMS 0x0000000628800000| PB 0x0000000628800000| Complete 
| 158|0x0000000628c00000, 0x0000000629000000, 0x0000000629000000|100%| E|CS|TAMS 0x0000000628c00000| PB 0x0000000628c00000| Complete 
| 159|0x0000000629000000, 0x0000000629400000, 0x0000000629400000|100%| E|CS|TAMS 0x0000000629000000| PB 0x0000000629000000| Complete 
| 160|0x0000000629400000, 0x0000000629800000, 0x0000000629800000|100%| E|CS|TAMS 0x0000000629400000| PB 0x0000000629400000| Complete 
| 161|0x0000000629800000, 0x0000000629c00000, 0x0000000629c00000|100%| E|CS|TAMS 0x0000000629800000| PB 0x0000000629800000| Complete 
| 162|0x0000000629c00000, 0x000000062a000000, 0x000000062a000000|100%| E|CS|TAMS 0x0000000629c00000| PB 0x0000000629c00000| Complete 
| 163|0x000000062a000000, 0x000000062a400000, 0x000000062a400000|100%| E|CS|TAMS 0x000000062a000000| PB 0x000000062a000000| Complete 
| 164|0x000000062a400000, 0x000000062a800000, 0x000000062a800000|100%| E|CS|TAMS 0x000000062a400000| PB 0x000000062a400000| Complete 
| 165|0x000000062a800000, 0x000000062ac00000, 0x000000062ac00000|100%| E|CS|TAMS 0x000000062a800000| PB 0x000000062a800000| Complete 
| 166|0x000000062ac00000, 0x000000062b000000, 0x000000062b000000|100%| E|CS|TAMS 0x000000062ac00000| PB 0x000000062ac00000| Complete 
| 167|0x000000062b000000, 0x000000062b400000, 0x000000062b400000|100%| E|CS|TAMS 0x000000062b000000| PB 0x000000062b000000| Complete 
| 168|0x000000062b400000, 0x000000062b800000, 0x000000062b800000|100%| E|CS|TAMS 0x000000062b400000| PB 0x000000062b400000| Complete 
| 169|0x000000062b800000, 0x000000062bc00000, 0x000000062bc00000|100%| E|CS|TAMS 0x000000062b800000| PB 0x000000062b800000| Complete 
| 170|0x000000062bc00000, 0x000000062c000000, 0x000000062c000000|100%| E|CS|TAMS 0x000000062bc00000| PB 0x000000062bc00000| Complete 
| 171|0x000000062c000000, 0x000000062c400000, 0x000000062c400000|100%| E|CS|TAMS 0x000000062c000000| PB 0x000000062c000000| Complete 
| 172|0x000000062c400000, 0x000000062c800000, 0x000000062c800000|100%| E|CS|TAMS 0x000000062c400000| PB 0x000000062c400000| Complete 
| 173|0x000000062c800000, 0x000000062cc00000, 0x000000062cc00000|100%| E|CS|TAMS 0x000000062c800000| PB 0x000000062c800000| Complete 
| 174|0x000000062cc00000, 0x000000062d000000, 0x000000062d000000|100%| E|CS|TAMS 0x000000062cc00000| PB 0x000000062cc00000| Complete 
| 175|0x000000062d000000, 0x000000062d400000, 0x000000062d400000|100%| E|CS|TAMS 0x000000062d000000| PB 0x000000062d000000| Complete 
| 176|0x000000062d400000, 0x000000062d800000, 0x000000062d800000|100%| E|CS|TAMS 0x000000062d400000| PB 0x000000062d400000| Complete 
| 177|0x000000062d800000, 0x000000062dc00000, 0x000000062dc00000|100%| E|CS|TAMS 0x000000062d800000| PB 0x000000062d800000| Complete 
| 178|0x000000062dc00000, 0x000000062e000000, 0x000000062e000000|100%| E|CS|TAMS 0x000000062dc00000| PB 0x000000062dc00000| Complete 
| 179|0x000000062e000000, 0x000000062e400000, 0x000000062e400000|100%| E|CS|TAMS 0x000000062e000000| PB 0x000000062e000000| Complete 
| 180|0x000000062e400000, 0x000000062e800000, 0x000000062e800000|100%| E|CS|TAMS 0x000000062e400000| PB 0x000000062e400000| Complete 
| 181|0x000000062e800000, 0x000000062ec00000, 0x000000062ec00000|100%| E|CS|TAMS 0x000000062e800000| PB 0x000000062e800000| Complete 
| 182|0x000000062ec00000, 0x000000062f000000, 0x000000062f000000|100%| E|CS|TAMS 0x000000062ec00000| PB 0x000000062ec00000| Complete 
| 183|0x000000062f000000, 0x000000062f400000, 0x000000062f400000|100%| E|CS|TAMS 0x000000062f000000| PB 0x000000062f000000| Complete 
| 184|0x000000062f400000, 0x000000062f800000, 0x000000062f800000|100%| E|CS|TAMS 0x000000062f400000| PB 0x000000062f400000| Complete 
| 185|0x000000062f800000, 0x000000062fc00000, 0x000000062fc00000|100%| E|CS|TAMS 0x000000062f800000| PB 0x000000062f800000| Complete 
| 186|0x000000062fc00000, 0x0000000630000000, 0x0000000630000000|100%| E|CS|TAMS 0x000000062fc00000| PB 0x000000062fc00000| Complete 
| 187|0x0000000630000000, 0x0000000630400000, 0x0000000630400000|100%| E|CS|TAMS 0x0000000630000000| PB 0x0000000630000000| Complete 
| 188|0x0000000630400000, 0x0000000630800000, 0x0000000630800000|100%| E|CS|TAMS 0x0000000630400000| PB 0x0000000630400000| Complete 
| 189|0x0000000630800000, 0x0000000630c00000, 0x0000000630c00000|100%| E|CS|TAMS 0x0000000630800000| PB 0x0000000630800000| Complete 
| 190|0x0000000630c00000, 0x0000000631000000, 0x0000000631000000|100%| E|CS|TAMS 0x0000000630c00000| PB 0x0000000630c00000| Complete 
| 191|0x0000000631000000, 0x0000000631400000, 0x0000000631400000|100%| E|CS|TAMS 0x0000000631000000| PB 0x0000000631000000| Complete 
| 192|0x0000000631400000, 0x0000000631800000, 0x0000000631800000|100%| E|CS|TAMS 0x0000000631400000| PB 0x0000000631400000| Complete 
| 193|0x0000000631800000, 0x0000000631c00000, 0x0000000631c00000|100%| E|CS|TAMS 0x0000000631800000| PB 0x0000000631800000| Complete 
| 194|0x0000000631c00000, 0x0000000632000000, 0x0000000632000000|100%| E|CS|TAMS 0x0000000631c00000| PB 0x0000000631c00000| Complete 
| 195|0x0000000632000000, 0x0000000632400000, 0x0000000632400000|100%| E|CS|TAMS 0x0000000632000000| PB 0x0000000632000000| Complete 
| 196|0x0000000632400000, 0x0000000632800000, 0x0000000632800000|100%| E|CS|TAMS 0x0000000632400000| PB 0x0000000632400000| Complete 
| 197|0x0000000632800000, 0x0000000632c00000, 0x0000000632c00000|100%| E|CS|TAMS 0x0000000632800000| PB 0x0000000632800000| Complete 
| 198|0x0000000632c00000, 0x0000000633000000, 0x0000000633000000|100%| E|CS|TAMS 0x0000000632c00000| PB 0x0000000632c00000| Complete 
| 199|0x0000000633000000, 0x0000000633400000, 0x0000000633400000|100%| E|CS|TAMS 0x0000000633000000| PB 0x0000000633000000| Complete 
| 200|0x0000000633400000, 0x0000000633800000, 0x0000000633800000|100%| E|CS|TAMS 0x0000000633400000| PB 0x0000000633400000| Complete 
| 201|0x0000000633800000, 0x0000000633c00000, 0x0000000633c00000|100%| E|CS|TAMS 0x0000000633800000| PB 0x0000000633800000| Complete 
| 202|0x0000000633c00000, 0x0000000634000000, 0x0000000634000000|100%| E|CS|TAMS 0x0000000633c00000| PB 0x0000000633c00000| Complete 
| 203|0x0000000634000000, 0x0000000634400000, 0x0000000634400000|100%| E|CS|TAMS 0x0000000634000000| PB 0x0000000634000000| Complete 
| 204|0x0000000634400000, 0x0000000634800000, 0x0000000634800000|100%| E|CS|TAMS 0x0000000634400000| PB 0x0000000634400000| Complete 
| 205|0x0000000634800000, 0x0000000634c00000, 0x0000000634c00000|100%| E|CS|TAMS 0x0000000634800000| PB 0x0000000634800000| Complete 
| 206|0x0000000634c00000, 0x0000000635000000, 0x0000000635000000|100%| E|CS|TAMS 0x0000000634c00000| PB 0x0000000634c00000| Complete 
| 207|0x0000000635000000, 0x0000000635400000, 0x0000000635400000|100%| E|CS|TAMS 0x0000000635000000| PB 0x0000000635000000| Complete 
| 208|0x0000000635400000, 0x0000000635800000, 0x0000000635800000|100%| E|CS|TAMS 0x0000000635400000| PB 0x0000000635400000| Complete 
| 209|0x0000000635800000, 0x0000000635c00000, 0x0000000635c00000|100%| E|CS|TAMS 0x0000000635800000| PB 0x0000000635800000| Complete 
| 210|0x0000000635c00000, 0x0000000636000000, 0x0000000636000000|100%| E|CS|TAMS 0x0000000635c00000| PB 0x0000000635c00000| Complete 
| 211|0x0000000636000000, 0x0000000636400000, 0x0000000636400000|100%| E|CS|TAMS 0x0000000636000000| PB 0x0000000636000000| Complete 
| 212|0x0000000636400000, 0x0000000636800000, 0x0000000636800000|100%| E|CS|TAMS 0x0000000636400000| PB 0x0000000636400000| Complete 
| 213|0x0000000636800000, 0x0000000636c00000, 0x0000000636c00000|100%| E|CS|TAMS 0x0000000636800000| PB 0x0000000636800000| Complete 
| 214|0x0000000636c00000, 0x0000000637000000, 0x0000000637000000|100%| E|CS|TAMS 0x0000000636c00000| PB 0x0000000636c00000| Complete 
| 215|0x0000000637000000, 0x0000000637400000, 0x0000000637400000|100%| E|CS|TAMS 0x0000000637000000| PB 0x0000000637000000| Complete 
| 216|0x0000000637400000, 0x0000000637800000, 0x0000000637800000|100%| E|CS|TAMS 0x0000000637400000| PB 0x0000000637400000| Complete 
| 217|0x0000000637800000, 0x0000000637c00000, 0x0000000637c00000|100%| E|CS|TAMS 0x0000000637800000| PB 0x0000000637800000| Complete 
| 218|0x0000000637c00000, 0x0000000638000000, 0x0000000638000000|100%| E|CS|TAMS 0x0000000637c00000| PB 0x0000000637c00000| Complete 
| 219|0x0000000638000000, 0x0000000638400000, 0x0000000638400000|100%| E|CS|TAMS 0x0000000638000000| PB 0x0000000638000000| Complete 
| 220|0x0000000638400000, 0x0000000638800000, 0x0000000638800000|100%| E|CS|TAMS 0x0000000638400000| PB 0x0000000638400000| Complete 
| 221|0x0000000638800000, 0x0000000638c00000, 0x0000000638c00000|100%| E|CS|TAMS 0x0000000638800000| PB 0x0000000638800000| Complete 
| 222|0x0000000638c00000, 0x0000000639000000, 0x0000000639000000|100%| E|CS|TAMS 0x0000000638c00000| PB 0x0000000638c00000| Complete 
| 223|0x0000000639000000, 0x0000000639400000, 0x0000000639400000|100%| E|CS|TAMS 0x0000000639000000| PB 0x0000000639000000| Complete 
| 224|0x0000000639400000, 0x0000000639800000, 0x0000000639800000|100%| E|CS|TAMS 0x0000000639400000| PB 0x0000000639400000| Complete 
| 225|0x0000000639800000, 0x0000000639c00000, 0x0000000639c00000|100%| E|CS|TAMS 0x0000000639800000| PB 0x0000000639800000| Complete 
| 226|0x0000000639c00000, 0x000000063a000000, 0x000000063a000000|100%| E|CS|TAMS 0x0000000639c00000| PB 0x0000000639c00000| Complete 
| 227|0x000000063a000000, 0x000000063a400000, 0x000000063a400000|100%| E|CS|TAMS 0x000000063a000000| PB 0x000000063a000000| Complete 
| 228|0x000000063a400000, 0x000000063a800000, 0x000000063a800000|100%| E|CS|TAMS 0x000000063a400000| PB 0x000000063a400000| Complete 
| 229|0x000000063a800000, 0x000000063ac00000, 0x000000063ac00000|100%| E|CS|TAMS 0x000000063a800000| PB 0x000000063a800000| Complete 
| 230|0x000000063ac00000, 0x000000063b000000, 0x000000063b000000|100%| E|CS|TAMS 0x000000063ac00000| PB 0x000000063ac00000| Complete 
| 231|0x000000063b000000, 0x000000063b400000, 0x000000063b400000|100%| E|CS|TAMS 0x000000063b000000| PB 0x000000063b000000| Complete 
| 232|0x000000063b400000, 0x000000063b800000, 0x000000063b800000|100%| E|CS|TAMS 0x000000063b400000| PB 0x000000063b400000| Complete 
| 233|0x000000063b800000, 0x000000063bc00000, 0x000000063bc00000|100%| E|CS|TAMS 0x000000063b800000| PB 0x000000063b800000| Complete 
| 234|0x000000063bc00000, 0x000000063c000000, 0x000000063c000000|100%| E|CS|TAMS 0x000000063bc00000| PB 0x000000063bc00000| Complete 
| 235|0x000000063c000000, 0x000000063c400000, 0x000000063c400000|100%| E|CS|TAMS 0x000000063c000000| PB 0x000000063c000000| Complete 
| 236|0x000000063c400000, 0x000000063c800000, 0x000000063c800000|100%| E|CS|TAMS 0x000000063c400000| PB 0x000000063c400000| Complete 
| 237|0x000000063c800000, 0x000000063cc00000, 0x000000063cc00000|100%| E|CS|TAMS 0x000000063c800000| PB 0x000000063c800000| Complete 
| 238|0x000000063cc00000, 0x000000063d000000, 0x000000063d000000|100%| E|CS|TAMS 0x000000063cc00000| PB 0x000000063cc00000| Complete 
| 239|0x000000063d000000, 0x000000063d400000, 0x000000063d400000|100%| E|CS|TAMS 0x000000063d000000| PB 0x000000063d000000| Complete 
| 240|0x000000063d400000, 0x000000063d800000, 0x000000063d800000|100%| E|CS|TAMS 0x000000063d400000| PB 0x000000063d400000| Complete 
| 241|0x000000063d800000, 0x000000063dc00000, 0x000000063dc00000|100%| E|CS|TAMS 0x000000063d800000| PB 0x000000063d800000| Complete 
| 242|0x000000063dc00000, 0x000000063e000000, 0x000000063e000000|100%| E|CS|TAMS 0x000000063dc00000| PB 0x000000063dc00000| Complete 
| 243|0x000000063e000000, 0x000000063e400000, 0x000000063e400000|100%| E|CS|TAMS 0x000000063e000000| PB 0x000000063e000000| Complete 
| 244|0x000000063e400000, 0x000000063e800000, 0x000000063e800000|100%| E|CS|TAMS 0x000000063e400000| PB 0x000000063e400000| Complete 
| 245|0x000000063e800000, 0x000000063ec00000, 0x000000063ec00000|100%| E|CS|TAMS 0x000000063e800000| PB 0x000000063e800000| Complete 
| 246|0x000000063ec00000, 0x000000063f000000, 0x000000063f000000|100%| E|CS|TAMS 0x000000063ec00000| PB 0x000000063ec00000| Complete 
| 247|0x000000063f000000, 0x000000063f400000, 0x000000063f400000|100%| E|CS|TAMS 0x000000063f000000| PB 0x000000063f000000| Complete 
| 248|0x000000063f400000, 0x000000063f800000, 0x000000063f800000|100%| E|CS|TAMS 0x000000063f400000| PB 0x000000063f400000| Complete 
| 249|0x000000063f800000, 0x000000063fc00000, 0x000000063fc00000|100%| E|CS|TAMS 0x000000063f800000| PB 0x000000063f800000| Complete 
| 250|0x000000063fc00000, 0x0000000640000000, 0x0000000640000000|100%| E|CS|TAMS 0x000000063fc00000| PB 0x000000063fc00000| Complete 
| 251|0x0000000640000000, 0x0000000640400000, 0x0000000640400000|100%| E|CS|TAMS 0x0000000640000000| PB 0x0000000640000000| Complete 
| 252|0x0000000640400000, 0x0000000640800000, 0x0000000640800000|100%| E|CS|TAMS 0x0000000640400000| PB 0x0000000640400000| Complete 
| 253|0x0000000640800000, 0x0000000640c00000, 0x0000000640c00000|100%| E|CS|TAMS 0x0000000640800000| PB 0x0000000640800000| Complete 
| 254|0x0000000640c00000, 0x0000000641000000, 0x0000000641000000|100%| E|CS|TAMS 0x0000000640c00000| PB 0x0000000640c00000| Complete 
| 255|0x0000000641000000, 0x0000000641400000, 0x0000000641400000|100%| E|CS|TAMS 0x0000000641000000| PB 0x0000000641000000| Complete 
| 256|0x0000000641400000, 0x0000000641800000, 0x0000000641800000|100%| E|CS|TAMS 0x0000000641400000| PB 0x0000000641400000| Complete 
| 257|0x0000000641800000, 0x0000000641c00000, 0x0000000641c00000|100%| E|CS|TAMS 0x0000000641800000| PB 0x0000000641800000| Complete 
| 258|0x0000000641c00000, 0x0000000642000000, 0x0000000642000000|100%| E|CS|TAMS 0x0000000641c00000| PB 0x0000000641c00000| Complete 
| 259|0x0000000642000000, 0x0000000642400000, 0x0000000642400000|100%| E|CS|TAMS 0x0000000642000000| PB 0x0000000642000000| Complete 
| 260|0x0000000642400000, 0x0000000642800000, 0x0000000642800000|100%| E|CS|TAMS 0x0000000642400000| PB 0x0000000642400000| Complete 
| 261|0x0000000642800000, 0x0000000642c00000, 0x0000000642c00000|100%| E|CS|TAMS 0x0000000642800000| PB 0x0000000642800000| Complete 
| 262|0x0000000642c00000, 0x0000000643000000, 0x0000000643000000|100%| E|CS|TAMS 0x0000000642c00000| PB 0x0000000642c00000| Complete 
| 263|0x0000000643000000, 0x0000000643400000, 0x0000000643400000|100%| E|CS|TAMS 0x0000000643000000| PB 0x0000000643000000| Complete 
| 264|0x0000000643400000, 0x0000000643800000, 0x0000000643800000|100%| E|CS|TAMS 0x0000000643400000| PB 0x0000000643400000| Complete 
| 265|0x0000000643800000, 0x0000000643c00000, 0x0000000643c00000|100%| E|CS|TAMS 0x0000000643800000| PB 0x0000000643800000| Complete 
| 266|0x0000000643c00000, 0x0000000644000000, 0x0000000644000000|100%| E|CS|TAMS 0x0000000643c00000| PB 0x0000000643c00000| Complete 
| 267|0x0000000644000000, 0x0000000644400000, 0x0000000644400000|100%| E|CS|TAMS 0x0000000644000000| PB 0x0000000644000000| Complete 
| 268|0x0000000644400000, 0x0000000644800000, 0x0000000644800000|100%| E|CS|TAMS 0x0000000644400000| PB 0x0000000644400000| Complete 
| 269|0x0000000644800000, 0x0000000644c00000, 0x0000000644c00000|100%| E|CS|TAMS 0x0000000644800000| PB 0x0000000644800000| Complete 
| 270|0x0000000644c00000, 0x0000000645000000, 0x0000000645000000|100%| E|CS|TAMS 0x0000000644c00000| PB 0x0000000644c00000| Complete 
| 271|0x0000000645000000, 0x0000000645400000, 0x0000000645400000|100%| E|CS|TAMS 0x0000000645000000| PB 0x0000000645000000| Complete 
| 272|0x0000000645400000, 0x0000000645800000, 0x0000000645800000|100%| E|CS|TAMS 0x0000000645400000| PB 0x0000000645400000| Complete 
| 273|0x0000000645800000, 0x0000000645c00000, 0x0000000645c00000|100%| E|CS|TAMS 0x0000000645800000| PB 0x0000000645800000| Complete 
| 274|0x0000000645c00000, 0x0000000646000000, 0x0000000646000000|100%| E|CS|TAMS 0x0000000645c00000| PB 0x0000000645c00000| Complete 
| 275|0x0000000646000000, 0x0000000646400000, 0x0000000646400000|100%| E|CS|TAMS 0x0000000646000000| PB 0x0000000646000000| Complete 
| 276|0x0000000646400000, 0x0000000646800000, 0x0000000646800000|100%| E|CS|TAMS 0x0000000646400000| PB 0x0000000646400000| Complete 
| 277|0x0000000646800000, 0x0000000646c00000, 0x0000000646c00000|100%| E|CS|TAMS 0x0000000646800000| PB 0x0000000646800000| Complete 
| 278|0x0000000646c00000, 0x0000000647000000, 0x0000000647000000|100%| E|CS|TAMS 0x0000000646c00000| PB 0x0000000646c00000| Complete 
| 279|0x0000000647000000, 0x0000000647400000, 0x0000000647400000|100%| E|CS|TAMS 0x0000000647000000| PB 0x0000000647000000| Complete 
| 280|0x0000000647400000, 0x0000000647800000, 0x0000000647800000|100%| E|CS|TAMS 0x0000000647400000| PB 0x0000000647400000| Complete 
| 281|0x0000000647800000, 0x0000000647c00000, 0x0000000647c00000|100%| E|CS|TAMS 0x0000000647800000| PB 0x0000000647800000| Complete 
| 282|0x0000000647c00000, 0x0000000648000000, 0x0000000648000000|100%| E|CS|TAMS 0x0000000647c00000| PB 0x0000000647c00000| Complete 

Card table byte_map: [0x0000020030350000,0x0000020031350000] _byte_map_base: 0x000002002d346000

Marking Bits: (CMBitMap*) 0x00000200176d2cb0
 Bits: [0x0000020031350000, 0x0000020039300000)

Polling page: 0x0000020015650000

Metaspace:

Usage:
  Non-class:      7.59 MB used.
      Class:    524.72 KB used.
       Both:      8.10 MB used.

Virtual space:
  Non-class space:       64.00 MB reserved,       7.69 MB ( 12%) committed,  1 nodes.
      Class space:        1.00 GB reserved,     640.00 KB ( <1%) committed,  1 nodes.
             Both:        1.06 GB reserved,       8.31 MB ( <1%) committed. 

Chunk freelists:
   Non-Class:  7.31 MB
       Class:  15.41 MB
        Both:  22.72 MB

MaxMetaspaceSize: unlimited
CompressedClassSpaceSize: 1.00 GB
Initial GC threshold: 21.00 MB
Current GC threshold: 21.00 MB
CDS: on
 - commit_granule_bytes: 65536.
 - commit_granule_words: 8192.
 - virtual_space_node_default_size: 8388608.
 - enlarge_chunks_in_place: 1.
 - use_allocation_guard: 0.


Internal statistics:

num_allocs_failed_limit: 0.
num_arena_births: 180.
num_arena_deaths: 0.
num_vsnodes_births: 2.
num_vsnodes_deaths: 0.
num_space_committed: 131.
num_space_uncommitted: 0.
num_chunks_returned_to_freelist: 0.
num_chunks_taken_from_freelist: 402.
num_chunk_merges: 0.
num_chunk_splits: 271.
num_chunks_enlarged: 199.
num_inconsistent_stats: 0.

CodeHeap 'non-profiled nmethods': size=119168Kb used=809Kb max_used=809Kb free=118358Kb
 bounds [0x0000020027660000, 0x00000200278d0000, 0x000002002eac0000]
CodeHeap 'profiled nmethods': size=119104Kb used=3192Kb max_used=3192Kb free=115911Kb
 bounds [0x000002001fac0000, 0x000002001fde0000, 0x0000020026f10000]
CodeHeap 'non-nmethods': size=7488Kb used=3611Kb max_used=4217Kb free=3876Kb
 bounds [0x0000020026f10000, 0x0000020027340000, 0x0000020027660000]
 total_blobs=3280 nmethods=1890 adapters=1293
 compilation: enabled
              stopped_count=0, restarted_count=0
 full_count=0

Compilation events (20 events):
Event: 3.367 Thread 0x000002003c435d30 1883       3       imgui.type.ImBoolean::<init> (23 bytes)
Event: 3.367 Thread 0x00000200115238f0 1884       3       imgui.ImGui::selectable (12 bytes)
Event: 3.367 Thread 0x00000200115238f0 nmethod 1884 0x000002001fddae90 code [0x000002001fddb040, 0x000002001fddb190]
Event: 3.367 Thread 0x000002003c435d30 nmethod 1883 0x000002001fddb290 code [0x000002001fddb440, 0x000002001fddb6b8]
Event: 3.470 Thread 0x000002003c31a190 1886       4       java.lang.StringConcatHelper::prepend (37 bytes)
Event: 3.471 Thread 0x000002003c31a190 nmethod 1886 0x0000020027729010 code [0x00000200277291a0, 0x0000020027729360]
Event: 3.598 Thread 0x000002003c44b240 1887       1       imgui.type.ImInt::getData (5 bytes)
Event: 3.598 Thread 0x000002003c44b240 nmethod 1887 0x0000020027729510 code [0x00000200277296a0, 0x0000020027729770]
Event: 3.652 Thread 0x000002003c31a190 1888       4       jdk.internal.misc.Unsafe::allocateUninitializedArray (55 bytes)
Event: 3.653 Thread 0x000002003c31a190 nmethod 1888 0x0000020027729810 code [0x00000200277299a0, 0x0000020027729b80]
Event: 3.676 Thread 0x000002003c326d20 1889       3       org.lwjgl.glfw.GLFW::glfwGetWindowAttrib (22 bytes)
Event: 3.676 Thread 0x000002003c44b240 1890       3       org.lwjgl.glfw.GLFW::glfwGetCursorPos (35 bytes)
Event: 3.676 Thread 0x000002003c326d20 nmethod 1889 0x000002001fddb790 code [0x000002001fddb960, 0x000002001fddbc10]
Event: 3.676 Thread 0x000002003c44b240 nmethod 1890 0x000002001fddbd90 code [0x000002001fddbfa0, 0x000002001fddc520]
Event: 3.706 Thread 0x000002003c31a190 1891       4       jdk.internal.misc.Unsafe::allocateUninitializedArray0 (90 bytes)
Event: 3.707 Thread 0x000002003c31a190 nmethod 1891 0x0000020027729c90 code [0x0000020027729e20, 0x0000020027729ff0]
Event: 3.761 Thread 0x000002003c31a190 1892       4       jdk.internal.misc.Unsafe::allocateUninitializedArray (55 bytes)
Event: 3.762 Thread 0x000002003c31a190 nmethod 1892 0x000002002772a110 code [0x000002002772a2a0, 0x000002002772a460]
Event: 3.943 Thread 0x000002003c326d20 1893       3       imgui.gl3.ImGuiImplGl3::renderDrawData (403 bytes)
Event: 3.943 Thread 0x000002003c326d20 nmethod 1893 0x000002001fddc790 code [0x000002001fddcb20, 0x000002001fddd9d8]

GC Heap History (14 events):
Event: 0.830 GC heap before
{Heap before GC invocations=0 (full 0):
 garbage-first heap   total 524288K, used 32768K [0x0000000601400000, 0x0000000800000000)
  region size 4096K, 6 young (24576K), 0 survivors (0K)
 Metaspace       used 7339K, committed 7488K, reserved 1114112K
  class space    used 458K, committed 512K, reserved 1048576K
}
Event: 0.832 GC heap after
{Heap after GC invocations=1 (full 0):
 garbage-first heap   total 524288K, used 11139K [0x0000000601400000, 0x0000000800000000)
  region size 4096K, 1 young (4096K), 1 survivors (4096K)
 Metaspace       used 7339K, committed 7488K, reserved 1114112K
  class space    used 458K, committed 512K, reserved 1048576K
}
Event: 0.847 GC heap before
{Heap before GC invocations=1 (full 0):
 garbage-first heap   total 524288K, used 43907K [0x0000000601400000, 0x0000000800000000)
  region size 4096K, 9 young (36864K), 1 survivors (4096K)
 Metaspace       used 7350K, committed 7488K, reserved 1114112K
  class space    used 459K, committed 512K, reserved 1048576K
}
Event: 0.849 GC heap after
{Heap after GC invocations=2 (full 0):
 garbage-first heap   total 524288K, used 11349K [0x0000000601400000, 0x0000000800000000)
  region size 4096K, 1 young (4096K), 1 survivors (4096K)
 Metaspace       used 7350K, committed 7488K, reserved 1114112K
  class space    used 459K, committed 512K, reserved 1048576K
}
Event: 1.001 GC heap before
{Heap before GC invocations=2 (full 0):
 garbage-first heap   total 524288K, used 318549K [0x0000000601400000, 0x0000000800000000)
  region size 4096K, 76 young (311296K), 1 survivors (4096K)
 Metaspace       used 7350K, committed 7488K, reserved 1114112K
  class space    used 459K, committed 512K, reserved 1048576K
}
Event: 1.010 GC heap after
{Heap after GC invocations=3 (full 0):
 garbage-first heap   total 524288K, used 15633K [0x0000000601400000, 0x0000000800000000)
  region size 4096K, 2 young (8192K), 2 survivors (8192K)
 Metaspace       used 7350K, committed 7488K, reserved 1114112K
  class space    used 459K, committed 512K, reserved 1048576K
}
Event: 1.069 GC heap before
{Heap before GC invocations=3 (full 0):
 garbage-first heap   total 524288K, used 318737K [0x0000000601400000, 0x0000000800000000)
  region size 4096K, 76 young (311296K), 2 survivors (8192K)
 Metaspace       used 7352K, committed 7488K, reserved 1114112K
  class space    used 459K, committed 512K, reserved 1048576K
}
Event: 1.086 GC heap after
{Heap after GC invocations=4 (full 0):
 garbage-first heap   total 524288K, used 21203K [0x0000000601400000, 0x0000000800000000)
  region size 4096K, 4 young (16384K), 4 survivors (16384K)
 Metaspace       used 7352K, committed 7488K, reserved 1114112K
  class space    used 459K, committed 512K, reserved 1048576K
}
Event: 1.142 GC heap before
{Heap before GC invocations=4 (full 0):
 garbage-first heap   total 524288K, used 316115K [0x0000000601400000, 0x0000000800000000)
  region size 4096K, 76 young (311296K), 4 survivors (16384K)
 Metaspace       used 7733K, committed 7936K, reserved 1114112K
  class space    used 490K, committed 576K, reserved 1048576K
}
Event: 1.164 GC heap after
{Heap after GC invocations=5 (full 0):
 garbage-first heap   total 524288K, used 26860K [0x0000000601400000, 0x0000000800000000)
  region size 4096K, 5 young (20480K), 5 survivors (20480K)
 Metaspace       used 7733K, committed 7936K, reserved 1114112K
  class space    used 490K, committed 576K, reserved 1048576K
}
Event: 1.220 GC heap before
{Heap before GC invocations=5 (full 0):
 garbage-first heap   total 524288K, used 317676K [0x0000000601400000, 0x0000000800000000)
  region size 4096K, 76 young (311296K), 5 survivors (20480K)
 Metaspace       used 7733K, committed 7936K, reserved 1114112K
  class space    used 490K, committed 576K, reserved 1048576K
}
Event: 1.249 GC heap after
{Heap after GC invocations=6 (full 0):
 garbage-first heap   total 1159168K, used 29897K [0x0000000601400000, 0x0000000800000000)
  region size 4096K, 6 young (24576K), 6 survivors (24576K)
 Metaspace       used 7733K, committed 7936K, reserved 1114112K
  class space    used 490K, committed 576K, reserved 1048576K
}
Event: 1.523 GC heap before
{Heap before GC invocations=6 (full 0):
 garbage-first heap   total 1159168K, used 697545K [0x0000000601400000, 0x0000000800000000)
  region size 4096K, 169 young (692224K), 6 survivors (24576K)
 Metaspace       used 7733K, committed 7936K, reserved 1114112K
  class space    used 490K, committed 576K, reserved 1048576K
}
Event: 1.571 GC heap after
{Heap after GC invocations=7 (full 0):
 garbage-first heap   total 1159168K, used 42712K [0x0000000601400000, 0x0000000800000000)
  region size 4096K, 9 young (36864K), 9 survivors (36864K)
 Metaspace       used 7733K, committed 7936K, reserved 1114112K
  class space    used 490K, committed 576K, reserved 1048576K
}

Dll operation events (16 events):
Event: 0.006 Loaded shared library C:\Users\Dimitri Velovski\.jdks\openjdk-21.0.2\bin\java.dll
Event: 0.026 Loaded shared library C:\Users\Dimitri Velovski\.jdks\openjdk-21.0.2\bin\jsvml.dll
Event: 0.073 Loaded shared library C:\Users\Dimitri Velovski\.jdks\openjdk-21.0.2\bin\zip.dll
Event: 0.075 Loaded shared library C:\Users\Dimitri Velovski\.jdks\openjdk-21.0.2\bin\instrument.dll
Event: 0.080 Loaded shared library C:\Users\Dimitri Velovski\.jdks\openjdk-21.0.2\bin\net.dll
Event: 0.081 Loaded shared library C:\Users\Dimitri Velovski\.jdks\openjdk-21.0.2\bin\nio.dll
Event: 0.084 Loaded shared library C:\Users\Dimitri Velovski\.jdks\openjdk-21.0.2\bin\zip.dll
Event: 0.109 Loaded shared library C:\Program Files\JetBrains\IntelliJ IDEA Community Edition 2023.2.5\bin\breakgen64.dll
Event: 0.115 Loaded shared library C:\Users\Dimitri Velovski\.jdks\openjdk-21.0.2\bin\extnet.dll
Event: 0.123 Loaded shared library C:\Users\Dimitri Velovski\.jdks\openjdk-21.0.2\bin\jimage.dll
Event: 0.149 Loaded shared library C:\Users\Dimitri Velovski\.jdks\openjdk-21.0.2\bin\verify.dll
Event: 0.186 Loaded shared library C:\Users\Dimitri Velovski\AppData\Local\Temp\lwjgl_Dimitri Velovski\3.3.3+5\x64\lwjgl.dll
Event: 0.431 Loaded shared library C:\Users\Dimitri Velovski\AppData\Local\Temp\lwjgl_Dimitri Velovski\3.3.3+5\x64\lwjgl_stb.dll
Event: 0.441 Loaded shared library C:\Users\Dimitri Velovski\AppData\Local\Temp\lwjgl_Dimitri Velovski\3.3.3+5\x64\lwjgl_opengl.dll
Event: 0.736 Loaded shared library C:\Users\Dimitri Velovski\AppData\Local\Temp\imgui-java-natives\1.86.11\imgui-java64.dll
Event: 0.782 Loaded shared library C:\Users\Dimitri Velovski\AppData\Local\Temp\lwjgl_Dimitri Velovski\3.3.3+5\x64\lwjgl_nanovg.dll

Deoptimization events (20 events):
Event: 1.779 Thread 0x00000200153d39a0 Uncommon trap: trap_request=0xffffffc6 fr.pc=0x00000200276d72a0 relative=0x0000000000000740
Event: 1.779 Thread 0x00000200153d39a0 Uncommon trap: reason=bimorphic_or_optimized_type_check action=maybe_recompile pc=0x00000200276d72a0 method=java.util.regex.Pattern$GroupTail.match(Ljava/util/regex/Matcher;ILjava/lang/CharSequence;)Z @ 70 c2
Event: 1.779 Thread 0x00000200153d39a0 DEOPT PACKING pc=0x00000200276d72a0 sp=0x0000001d684fefc0
Event: 1.779 Thread 0x00000200153d39a0 DEOPT UNPACKING pc=0x0000020026f646a2 sp=0x0000001d684fef40 mode 2
Event: 3.658 Thread 0x00000200153d39a0 Uncommon trap: trap_request=0xffffffde fr.pc=0x0000020027729ac4 relative=0x0000000000000124
Event: 3.658 Thread 0x00000200153d39a0 Uncommon trap: reason=class_check action=maybe_recompile pc=0x0000020027729ac4 method=jdk.internal.misc.Unsafe.allocateUninitializedArray(Ljava/lang/Class;I)Ljava/lang/Object; @ 51 c2
Event: 3.658 Thread 0x00000200153d39a0 DEOPT PACKING pc=0x0000020027729ac4 sp=0x0000001d684ff070
Event: 3.658 Thread 0x00000200153d39a0 DEOPT UNPACKING pc=0x0000020026f646a2 sp=0x0000001d684fefe8 mode 2
Event: 3.658 Thread 0x00000200153d39a0 Uncommon trap: trap_request=0xffffffde fr.pc=0x0000020027729ac4 relative=0x0000000000000124
Event: 3.658 Thread 0x00000200153d39a0 Uncommon trap: reason=class_check action=maybe_recompile pc=0x0000020027729ac4 method=jdk.internal.misc.Unsafe.allocateUninitializedArray(Ljava/lang/Class;I)Ljava/lang/Object; @ 51 c2
Event: 3.658 Thread 0x00000200153d39a0 DEOPT PACKING pc=0x0000020027729ac4 sp=0x0000001d684ff0a0
Event: 3.658 Thread 0x00000200153d39a0 DEOPT UNPACKING pc=0x0000020026f646a2 sp=0x0000001d684ff018 mode 2
Event: 3.658 Thread 0x00000200153d39a0 Uncommon trap: trap_request=0xffffffde fr.pc=0x0000020027729ac4 relative=0x0000000000000124
Event: 3.658 Thread 0x00000200153d39a0 Uncommon trap: reason=class_check action=maybe_recompile pc=0x0000020027729ac4 method=jdk.internal.misc.Unsafe.allocateUninitializedArray(Ljava/lang/Class;I)Ljava/lang/Object; @ 51 c2
Event: 3.658 Thread 0x00000200153d39a0 DEOPT PACKING pc=0x0000020027729ac4 sp=0x0000001d684ff0a0
Event: 3.658 Thread 0x00000200153d39a0 DEOPT UNPACKING pc=0x0000020026f646a2 sp=0x0000001d684ff018 mode 2
Event: 3.658 Thread 0x00000200153d39a0 Uncommon trap: trap_request=0xffffffde fr.pc=0x0000020027729ac4 relative=0x0000000000000124
Event: 3.658 Thread 0x00000200153d39a0 Uncommon trap: reason=class_check action=maybe_recompile pc=0x0000020027729ac4 method=jdk.internal.misc.Unsafe.allocateUninitializedArray(Ljava/lang/Class;I)Ljava/lang/Object; @ 51 c2
Event: 3.658 Thread 0x00000200153d39a0 DEOPT PACKING pc=0x0000020027729ac4 sp=0x0000001d684ff0a0
Event: 3.658 Thread 0x00000200153d39a0 DEOPT UNPACKING pc=0x0000020026f646a2 sp=0x0000001d684ff018 mode 2

Classes loaded (20 events):
Event: 1.105 Loading class sun/util/resources/TimeZoneNames_en
Event: 1.105 Loading class sun/util/resources/TimeZoneNames_en done
Event: 1.679 Loading class java/util/Stack
Event: 1.679 Loading class java/util/Vector
Event: 1.679 Loading class java/util/Vector done
Event: 1.679 Loading class java/util/Stack done
Event: 1.773 Loading class jdk/internal/math/FormattedFPDecimal
Event: 1.773 Loading class jdk/internal/math/FormattedFPDecimal done
Event: 1.775 Loading class sun/util/resources/LocaleData$CommonResourceBundleProvider
Event: 1.775 Loading class sun/util/resources/LocaleData$LocaleDataResourceBundleProvider
Event: 1.775 Loading class java/util/spi/ResourceBundleProvider
Event: 1.775 Loading class java/util/spi/ResourceBundleProvider done
Event: 1.775 Loading class sun/util/resources/LocaleData$LocaleDataResourceBundleProvider done
Event: 1.775 Loading class sun/util/resources/LocaleData$CommonResourceBundleProvider done
Event: 1.775 Loading class java/util/ArrayList$SubList$1
Event: 1.775 Loading class java/util/ArrayList$SubList$1 done
Event: 1.775 Loading class sun/text/resources/cldr/FormatData_en
Event: 1.775 Loading class sun/text/resources/cldr/FormatData_en done
Event: 1.775 Loading class sun/util/resources/Bundles$2
Event: 1.775 Loading class sun/util/resources/Bundles$2 done

Classes unloaded (0 events):
No events

Classes redefined (0 events):
No events

Internal exceptions (20 events):
Event: 0.419 Thread 0x00000200153d39a0 Exception <a 'java/lang/NoSuchMethodError'{0x0000000620b4ee48}: 'long java.lang.invoke.DirectMethodHandle$Holder.invokeStatic(java.lang.Object, java.lang.Object, int)'> (0x0000000620b4ee48) 
thrown [s\open\src\hotspot\share\interpreter\linkResolver.cpp, line 773]
Event: 0.420 Thread 0x00000200153d39a0 Exception <a 'java/lang/NoSuchMethodError'{0x0000000620b5a0e8}: 'java.lang.Object java.lang.invoke.DelegatingMethodHandle$Holder.reinvoke_L(java.lang.Object, int, long, java.lang.Object, java.lang.Object, int, java.lang.Object)'> (0x0000000620b5a0e8) 
thrown [s\open\src\hotspot\share\interpreter\linkResolver.cpp, line 773]
Event: 0.425 Thread 0x00000200153d39a0 Exception <a 'java/lang/NoSuchMethodError'{0x0000000620ba3098}: 'void java.lang.System.load(java.lang.String, java.lang.Class)'> (0x0000000620ba3098) 
thrown [s\open\src\hotspot\share\interpreter\linkResolver.cpp, line 773]
Event: 0.425 Thread 0x00000200153d39a0 Exception <a 'java/lang/NoSuchMethodError'{0x0000000620ba5a38}: 'void java.lang.System.loadLibrary(java.lang.String, java.lang.Class)'> (0x0000000620ba5a38) 
thrown [s\open\src\hotspot\share\interpreter\linkResolver.cpp, line 773]
Event: 0.429 Thread 0x00000200153d39a0 Exception <a 'sun/nio/fs/WindowsException'{0x0000000620bb68d0}> (0x0000000620bb68d0) 
thrown [s\open\src\hotspot\share\prims\jni.cpp, line 520]
Event: 0.429 Thread 0x00000200153d39a0 Exception <a 'sun/nio/fs/WindowsException'{0x0000000620bb6ca0}> (0x0000000620bb6ca0) 
thrown [s\open\src\hotspot\share\prims\jni.cpp, line 520]
Event: 0.437 Thread 0x00000200153d39a0 Exception <a 'java/lang/NoSuchMethodError'{0x0000000620bda0a0}: 'void java.lang.System.load(java.lang.String, java.lang.Class)'> (0x0000000620bda0a0) 
thrown [s\open\src\hotspot\share\interpreter\linkResolver.cpp, line 773]
Event: 0.437 Thread 0x00000200153d39a0 Exception <a 'java/lang/NoSuchMethodError'{0x0000000620bdca40}: 'void java.lang.System.loadLibrary(java.lang.String, java.lang.Class)'> (0x0000000620bdca40) 
thrown [s\open\src\hotspot\share\interpreter\linkResolver.cpp, line 773]
Event: 0.440 Thread 0x00000200153d39a0 Exception <a 'sun/nio/fs/WindowsException'{0x0000000620bee360}> (0x0000000620bee360) 
thrown [s\open\src\hotspot\share\prims\jni.cpp, line 520]
Event: 0.440 Thread 0x00000200153d39a0 Exception <a 'sun/nio/fs/WindowsException'{0x0000000620bee750}> (0x0000000620bee750) 
thrown [s\open\src\hotspot\share\prims\jni.cpp, line 520]
Event: 0.443 Thread 0x00000200153d39a0 Exception <a 'sun/nio/fs/WindowsException'{0x0000000620bf8f98}> (0x0000000620bf8f98) 
thrown [s\open\src\hotspot\share\prims\jni.cpp, line 520]
Event: 0.443 Thread 0x00000200153d39a0 Exception <a 'sun/nio/fs/WindowsException'{0x0000000620bf92c8}> (0x0000000620bf92c8) 
thrown [s\open\src\hotspot\share\prims\jni.cpp, line 520]
Event: 0.642 Thread 0x00000200153d39a0 Exception <a 'java/lang/NoSuchMethodError'{0x000000062050cc18}: 'void java.lang.invoke.DirectMethodHandle$Holder.invokeVirtual(java.lang.Object, java.lang.Object)'> (0x000000062050cc18) 
thrown [s\open\src\hotspot\share\interpreter\linkResolver.cpp, line 773]
Event: 0.776 Thread 0x00000200153d39a0 Exception <a 'java/lang/NoSuchMethodError'{0x00000006201e2c48}: 'void java.lang.System.load(java.lang.String, java.lang.Class)'> (0x00000006201e2c48) 
thrown [s\open\src\hotspot\share\interpreter\linkResolver.cpp, line 773]
Event: 0.776 Thread 0x00000200153d39a0 Exception <a 'java/lang/NoSuchMethodError'{0x00000006201e5610}: 'void java.lang.System.loadLibrary(java.lang.String, java.lang.Class)'> (0x00000006201e5610) 
thrown [s\open\src\hotspot\share\interpreter\linkResolver.cpp, line 773]
Event: 0.780 Thread 0x00000200153d39a0 Exception <a 'sun/nio/fs/WindowsException'{0x00000006201f5d20}> (0x00000006201f5d20) 
thrown [s\open\src\hotspot\share\prims\jni.cpp, line 520]
Event: 0.780 Thread 0x00000200153d39a0 Exception <a 'sun/nio/fs/WindowsException'{0x00000006201f6110}> (0x00000006201f6110) 
thrown [s\open\src\hotspot\share\prims\jni.cpp, line 520]
Event: 1.106 Thread 0x000002003c30b940 Exception <a 'java/lang/NoSuchMethodError'{0x000000061fcfa9f0}: 'java.lang.Object java.lang.invoke.Invokers$Holder.invokeExact_MT(java.lang.Object, java.lang.Object, java.lang.Object, java.lang.Object, java.lang.Object, java.lang.Object)'> (0x000000061fcfa9f0) 
thrown [s\open\src\hotspot\share\interpreter\linkResolver.cpp, line 773]
Event: 1.748 Thread 0x00000200153d39a0 Exception <a 'java/lang/NoSuchMethodError'{0x0000000624260490}: 'void java.lang.invoke.DirectMethodHandle$Holder.invokeStatic(java.lang.Object, java.lang.Object, java.lang.Object, java.lang.Object)'> (0x0000000624260490) 
thrown [s\open\src\hotspot\share\interpreter\linkResolver.cpp, line 773]
Event: 4.075 Thread 0x00000200153d39a0 Exception <a 'java/lang/NullPointerException'{0x0000000623decdb8}> (0x0000000623decdb8) 
thrown [s\open\src\hotspot\share\interpreter\linkResolver.cpp, line 1372]

ZGC Phase Switch (0 events):
No events

VM Operations (20 events):
Event: 0.847 Executing VM operation: G1CollectForAllocation (G1 Evacuation Pause)
Event: 0.849 Executing VM operation: G1CollectForAllocation (G1 Evacuation Pause) done
Event: 1.001 Executing VM operation: G1CollectForAllocation (G1 Evacuation Pause)
Event: 1.010 Executing VM operation: G1CollectForAllocation (G1 Evacuation Pause) done
Event: 1.069 Executing VM operation: G1CollectForAllocation (G1 Evacuation Pause)
Event: 1.086 Executing VM operation: G1CollectForAllocation (G1 Evacuation Pause) done
Event: 1.094 Executing VM operation: HandshakeAllThreads (Deoptimize)
Event: 1.094 Executing VM operation: HandshakeAllThreads (Deoptimize) done
Event: 1.142 Executing VM operation: G1CollectForAllocation (G1 Evacuation Pause)
Event: 1.164 Executing VM operation: G1CollectForAllocation (G1 Evacuation Pause) done
Event: 1.220 Executing VM operation: G1CollectForAllocation (G1 Evacuation Pause)
Event: 1.249 Executing VM operation: G1CollectForAllocation (G1 Evacuation Pause) done
Event: 1.523 Executing VM operation: G1CollectForAllocation (G1 Evacuation Pause)
Event: 1.571 Executing VM operation: G1CollectForAllocation (G1 Evacuation Pause) done
Event: 1.778 Executing VM operation: HandshakeAllThreads (Deoptimize)
Event: 1.778 Executing VM operation: HandshakeAllThreads (Deoptimize) done
Event: 2.784 Executing VM operation: Cleanup
Event: 2.784 Executing VM operation: Cleanup done
Event: 3.795 Executing VM operation: Cleanup
Event: 3.795 Executing VM operation: Cleanup done

Events (20 events):
Event: 0.824 Thread 0x0000020010c15f10 Thread added: 0x0000020010c15f10
Event: 0.832 Thread 0x000002001152b7c0 Thread added: 0x000002001152b7c0
Event: 1.011 Thread 0x000002001152b7c0 Thread exited: 0x000002001152b7c0
Event: 1.034 Thread 0x0000020010c15f10 Thread exited: 0x0000020010c15f10
Event: 1.102 Thread 0x00000200115204d0 Thread added: 0x00000200115204d0
Event: 1.681 Thread 0x0000020010bc6880 Thread exited: 0x0000020010bc6880
Event: 1.681 Thread 0x000002003c44b240 Thread exited: 0x000002003c44b240
Event: 1.681 Thread 0x00000200115204d0 Thread exited: 0x00000200115204d0
Event: 1.681 Thread 0x000002003c435d30 Thread exited: 0x000002003c435d30
Event: 1.681 Thread 0x0000020010c15860 Thread exited: 0x0000020010c15860
Event: 1.682 Thread 0x000002003c435d30 Thread added: 0x000002003c435d30
Event: 1.682 Thread 0x000002003c44b240 Thread added: 0x000002003c44b240
Event: 1.682 Thread 0x00000200115238f0 Thread added: 0x00000200115238f0
Event: 1.686 Thread 0x00000200115204d0 Thread added: 0x00000200115204d0
Event: 1.687 Thread 0x0000020010bf64a0 Thread added: 0x0000020010bf64a0
Event: 1.687 Thread 0x0000020010bc6880 Thread added: 0x0000020010bc6880
Event: 2.029 Thread 0x0000020010bc6880 Thread exited: 0x0000020010bc6880
Event: 2.037 Thread 0x0000020010bf64a0 Thread exited: 0x0000020010bf64a0
Event: 2.156 Thread 0x00000200115204d0 Thread exited: 0x00000200115204d0
Event: 3.943 Thread 0x00000200115238f0 Thread exited: 0x00000200115238f0


Dynamic libraries:
0x00007ff7a1760000 - 0x00007ff7a176e000 	C:\Users\Dimitri Velovski\.jdks\openjdk-21.0.2\bin\java.exe
0x00007fffe8b50000 - 0x00007fffe8d67000 	C:\Windows\SYSTEM32\ntdll.dll
0x00007fffe7470000 - 0x00007fffe7534000 	C:\Windows\System32\KERNEL32.DLL
0x00007fffe6390000 - 0x00007fffe673c000 	C:\Windows\System32\KERNELBASE.dll
0x00007fffe60b0000 - 0x00007fffe61c1000 	C:\Windows\System32\ucrtbase.dll
0x00007fffcba90000 - 0x00007fffcbaab000 	C:\Users\Dimitri Velovski\.jdks\openjdk-21.0.2\bin\VCRUNTIME140.dll
0x00007fffe0f40000 - 0x00007fffe0f58000 	C:\Users\Dimitri Velovski\.jdks\openjdk-21.0.2\bin\jli.dll
0x00007fffe7210000 - 0x00007fffe73be000 	C:\Windows\System32\USER32.dll
0x00007fffe6240000 - 0x00007fffe6266000 	C:\Windows\System32\win32u.dll
0x00007fffe80d0000 - 0x00007fffe80f9000 	C:\Windows\System32\GDI32.dll
0x00007fffe6270000 - 0x00007fffe6389000 	C:\Windows\System32\gdi32full.dll
0x00007fffe67f0000 - 0x00007fffe688a000 	C:\Windows\System32\msvcp_win.dll
0x00007fffcded0000 - 0x00007fffce163000 	C:\Windows\WinSxS\amd64_microsoft.windows.common-controls_6595b64144ccf1df_6.0.22621.3672_none_2713b9d173822955\COMCTL32.dll
0x00007fffe6890000 - 0x00007fffe6937000 	C:\Windows\System32\msvcrt.dll
0x00007fffe8610000 - 0x00007fffe8641000 	C:\Windows\System32\IMM32.DLL
0x00007fffe2c60000 - 0x00007fffe2c6c000 	C:\Users\Dimitri Velovski\.jdks\openjdk-21.0.2\bin\vcruntime140_1.dll
0x00007fffc7270000 - 0x00007fffc72fe000 	C:\Users\Dimitri Velovski\.jdks\openjdk-21.0.2\bin\msvcp140.dll
0x00007fffa7cf0000 - 0x00007fffa8a07000 	C:\Users\Dimitri Velovski\.jdks\openjdk-21.0.2\bin\server\jvm.dll
0x00007fffe87a0000 - 0x00007fffe8852000 	C:\Windows\System32\ADVAPI32.dll
0x00007fffe73c0000 - 0x00007fffe7468000 	C:\Windows\System32\sechost.dll
0x00007fffe6740000 - 0x00007fffe6768000 	C:\Windows\System32\bcrypt.dll
0x00007fffe8910000 - 0x00007fffe8a25000 	C:\Windows\System32\RPCRT4.dll
0x00007fffe7170000 - 0x00007fffe71e1000 	C:\Windows\System32\WS2_32.dll
0x00007fffe4d10000 - 0x00007fffe4d5d000 	C:\Windows\SYSTEM32\POWRPROF.dll
0x00007fffde870000 - 0x00007fffde8a4000 	C:\Windows\SYSTEM32\WINMM.dll
0x00007fffd6f10000 - 0x00007fffd6f1a000 	C:\Windows\SYSTEM32\VERSION.dll
0x00007fffe4cf0000 - 0x00007fffe4d03000 	C:\Windows\SYSTEM32\UMPDC.dll
0x00007fffe4fa0000 - 0x00007fffe4fb8000 	C:\Windows\SYSTEM32\kernel.appcore.dll
0x00007fffe2c00000 - 0x00007fffe2c0a000 	C:\Users\Dimitri Velovski\.jdks\openjdk-21.0.2\bin\jimage.dll
0x00007fffe3710000 - 0x00007fffe3942000 	C:\Windows\SYSTEM32\DBGHELP.DLL
0x00007fffe6960000 - 0x00007fffe6ce8000 	C:\Windows\System32\combase.dll
0x00007fffe86b0000 - 0x00007fffe8787000 	C:\Windows\System32\OLEAUT32.dll
0x00007fffbe1b0000 - 0x00007fffbe1e2000 	C:\Windows\SYSTEM32\dbgcore.DLL
0x00007fffe6770000 - 0x00007fffe67eb000 	C:\Windows\System32\bcryptPrimitives.dll
0x00007fffe0ef0000 - 0x00007fffe0eff000 	C:\Users\Dimitri Velovski\.jdks\openjdk-21.0.2\bin\instrument.dll
0x00007fffcba70000 - 0x00007fffcba8f000 	C:\Users\Dimitri Velovski\.jdks\openjdk-21.0.2\bin\java.dll
0x00007fffe7870000 - 0x00007fffe80cc000 	C:\Windows\System32\SHELL32.dll
0x00007fffe3dd0000 - 0x00007fffe46c7000 	C:\Windows\SYSTEM32\windows.storage.dll
0x00007fffe3c90000 - 0x00007fffe3dcf000 	C:\Windows\SYSTEM32\wintypes.dll
0x00007fffe83b0000 - 0x00007fffe84a4000 	C:\Windows\System32\SHCORE.dll
0x00007fffe7800000 - 0x00007fffe785e000 	C:\Windows\System32\shlwapi.dll
0x00007fffe5db0000 - 0x00007fffe5dd1000 	C:\Windows\SYSTEM32\profapi.dll
0x00007fffc7190000 - 0x00007fffc7267000 	C:\Users\Dimitri Velovski\.jdks\openjdk-21.0.2\bin\jsvml.dll
0x00007fffc9e90000 - 0x00007fffc9ea8000 	C:\Users\Dimitri Velovski\.jdks\openjdk-21.0.2\bin\zip.dll
0x00007fffe0f30000 - 0x00007fffe0f40000 	C:\Users\Dimitri Velovski\.jdks\openjdk-21.0.2\bin\net.dll
0x00007fffdfa90000 - 0x00007fffdfbc6000 	C:\Windows\SYSTEM32\WINHTTP.dll
0x00007fffe5410000 - 0x00007fffe5479000 	C:\Windows\system32\mswsock.dll
0x00007fffca5f0000 - 0x00007fffca606000 	C:\Users\Dimitri Velovski\.jdks\openjdk-21.0.2\bin\nio.dll
0x00007fffc9960000 - 0x00007fffc997a000 	C:\Program Files\JetBrains\IntelliJ IDEA Community Edition 2023.2.5\bin\breakgen64.dll
0x00007fffddad0000 - 0x00007fffddad9000 	C:\Users\Dimitri Velovski\.jdks\openjdk-21.0.2\bin\extnet.dll
0x00007fffcafa0000 - 0x00007fffcafb0000 	C:\Users\Dimitri Velovski\.jdks\openjdk-21.0.2\bin\verify.dll
0x00007fffc7110000 - 0x00007fffc718b000 	C:\Users\Dimitri Velovski\AppData\Local\Temp\lwjgl_Dimitri Velovski\3.3.3+5\x64\lwjgl.dll
0x00007fffc6d50000 - 0x00007fffc6dd2000 	C:\Users\DIMITR~1\AppData\Local\Temp\lwjgl_Dimitri Velovski\3.3.3+5\x64\glfw.dll
0x00007fffc6410000 - 0x00007fffc6456000 	C:\Windows\SYSTEM32\dinput8.dll
0x00007fffc70f0000 - 0x00007fffc7101000 	C:\Windows\SYSTEM32\xinput1_4.dll
0x00007fffe5b80000 - 0x00007fffe5bce000 	C:\Windows\SYSTEM32\cfgmgr32.dll
0x00007fffe5b30000 - 0x00007fffe5b5c000 	C:\Windows\SYSTEM32\DEVOBJ.dll
0x00007fffe3160000 - 0x00007fffe318b000 	C:\Windows\SYSTEM32\dwmapi.dll
0x00007fffd0600000 - 0x00007fffd080c000 	C:\Windows\SYSTEM32\inputhost.dll
0x00007fffe2940000 - 0x00007fffe2a73000 	C:\Windows\SYSTEM32\CoreMessaging.dll
0x00007fffe2f00000 - 0x00007fffe2faa000 	C:\Windows\system32\uxtheme.dll
0x00007fffe5690000 - 0x00007fffe569c000 	C:\Windows\SYSTEM32\CRYPTBASE.DLL
0x00007fffe84b0000 - 0x00007fffe8603000 	C:\Windows\System32\MSCTF.dll
0x00007fff81470000 - 0x00007fff81570000 	C:\Windows\SYSTEM32\opengl32.dll
0x00007fffca4f0000 - 0x00007fffca51d000 	C:\Windows\SYSTEM32\GLU32.dll
0x00007fffe3010000 - 0x00007fffe3049000 	C:\Windows\SYSTEM32\dxcore.dll
0x00007fffe8860000 - 0x00007fffe8910000 	C:\Windows\System32\clbcatq.dll
0x00007fff82370000 - 0x00007fff8239e000 	C:\Windows\System32\DriverStore\FileRepository\u0402593.inf_amd64_66758692e35a2906\B402774\atig6pxx.dll
0x00007fff343e0000 - 0x00007fff38003000 	C:\Windows\System32\DriverStore\FileRepository\u0402593.inf_amd64_66758692e35a2906\B402774\atio6axx.dll
0x00007fffe6cf0000 - 0x00007fffe7164000 	C:\Windows\System32\SETUPAPI.dll
0x00007fffe61d0000 - 0x00007fffe623b000 	C:\Windows\System32\WINTRUST.dll
0x00007fffe5f40000 - 0x00007fffe60a7000 	C:\Windows\System32\CRYPT32.dll
0x00007fffe56d0000 - 0x00007fffe56e2000 	C:\Windows\SYSTEM32\MSASN1.dll
0x00007fffd6a40000 - 0x00007fffd6a77000 	C:\Windows\System32\DriverStore\FileRepository\u0402593.inf_amd64_66758692e35a2906\B402774\amdihk64.dll
0x00007fffcc3a0000 - 0x00007fffcc4ed000 	C:\Windows\SYSTEM32\textinputframework.dll
0x00007fffdeaa0000 - 0x00007fffdee0d000 	C:\Windows\SYSTEM32\CoreUIComponents.dll
0x00007fffbd570000 - 0x00007fffbd5f2000 	C:\Users\Dimitri Velovski\AppData\Local\Temp\lwjgl_Dimitri Velovski\3.3.3+5\x64\lwjgl_stb.dll
0x00007fffdb290000 - 0x00007fffdb34c000 	C:\Windows\SYSTEM32\mscms.dll
0x00007fffdb360000 - 0x00007fffdb3a9000 	C:\Windows\SYSTEM32\icm32.dll
0x00007fffc2b10000 - 0x00007fffc2b6e000 	C:\Users\Dimitri Velovski\AppData\Local\Temp\lwjgl_Dimitri Velovski\3.3.3+5\x64\lwjgl_opengl.dll
0x00007fff2cd60000 - 0x00007fff2dabd000 	C:\Users\Dimitri Velovski\AppData\Local\Temp\imgui-java-natives\1.86.11\imgui-java64.dll
0x00007fffbd4d0000 - 0x00007fffbd563000 	C:\Users\Dimitri Velovski\AppData\Local\Temp\lwjgl_Dimitri Velovski\3.3.3+5\x64\lwjgl_nanovg.dll

dbghelp: loaded successfully - version: 4.0.5 - missing functions: none
symbol engine: initialized successfully - sym options: 0x614 - pdb path: .;C:\Users\Dimitri Velovski\.jdks\openjdk-21.0.2\bin;C:\Windows\SYSTEM32;C:\Windows\WinSxS\amd64_microsoft.windows.common-controls_6595b64144ccf1df_6.0.22621.3672_none_2713b9d173822955;C:\Users\Dimitri Velovski\.jdks\openjdk-21.0.2\bin\server;C:\Program Files\JetBrains\IntelliJ IDEA Community Edition 2023.2.5\bin;C:\Users\Dimitri Velovski\AppData\Local\Temp\lwjgl_Dimitri Velovski\3.3.3+5\x64;C:\Users\DIMITR~1\AppData\Local\Temp\lwjgl_Dimitri Velovski\3.3.3+5\x64;C:\Windows\System32\DriverStore\FileRepository\u0402593.inf_amd64_66758692e35a2906\B402774;C:\Users\Dimitri Velovski\AppData\Local\Temp\imgui-java-natives\1.86.11

VM Arguments:
jvm_args: -javaagent:C:\Program Files\JetBrains\IntelliJ IDEA Community Edition 2023.2.5\lib\idea_rt.jar=53676:C:\Program Files\JetBrains\IntelliJ IDEA Community Edition 2023.2.5\bin -Dfile.encoding=UTF-8 -Dsun.stdout.encoding=UTF-8 -Dsun.stderr.encoding=UTF-8 
java_command: manncobot.MCBMain
java_class_path (initial): C:\Users\Dimitri Velovski\OneDrive - The University Of Newcastle\manncobot\target\classes;C:\Users\Dimitri Velovski\OneDrive - The University Of Newcastle\hyphengl\target\classes;C:\Users\Dimitri Velovski\.m2\repository\org\lwjgl\lwjgl\3.3.3\lwjgl-3.3.3.jar;C:\Users\Dimitri Velovski\.m2\repository\org\lwjgl\lwjgl-assimp\3.3.3\lwjgl-assimp-3.3.3.jar;C:\Users\Dimitri Velovski\.m2\repository\org\lwjgl\lwjgl-bgfx\3.3.3\lwjgl-bgfx-3.3.3.jar;C:\Users\Dimitri Velovski\.m2\repository\org\lwjgl\lwjgl-glfw\3.3.3\lwjgl-glfw-3.3.3.jar;C:\Users\Dimitri Velovski\.m2\repository\org\lwjgl\lwjgl-nanovg\3.3.3\lwjgl-nanovg-3.3.3.jar;C:\Users\Dimitri Velovski\.m2\repository\org\lwjgl\lwjgl-nuklear\3.3.3\lwjgl-nuklear-3.3.3.jar;C:\Users\Dimitri Velovski\.m2\repository\org\lwjgl\lwjgl-openal\3.3.3\lwjgl-openal-3.3.3.jar;C:\Users\Dimitri Velovski\.m2\repository\org\lwjgl\lwjgl-opengl\3.3.3\lwjgl-opengl-3.3.3.jar;C:\Users\Dimitri Velovski\.m2\repository\org\lwjgl\lwjgl-par\3.3.3\lwjgl-par-3.3.3.jar;C:\Users\Dimitri Velovski\.m2\repository\org\lwjgl\lwjgl-stb\3.3.3\lwjgl-stb-3.3.3.jar;C:\Users\Dimitri Velovski\.m2\repository\org\lwjgl\lwjgl-vulkan\3.3.3\lwjgl-vulkan-3.3.3.jar;C:\Users\Dimitri Velovski\.m2\repository\org\lwjgl\lwjgl\3.3.3\lwjgl-3.3.3-natives-windows.jar;C:\Users\Dimitri Velovski\.m2\repository\org\lwjgl\lwjgl-assimp\3.3.3\lwjgl-assimp-3.3.3-natives-windows.jar;C:\Users\Dimitri Velovski\.m2\repository\org\lwjgl\lwjgl-bgfx\3.3.3\lwjgl-bgfx-3.3.3-natives-windows.jar;C:\Users\Dimitri Velovski\.m2\repository\org\lwjgl\lwjgl-glfw\3.3.3\lwjgl-glfw-3.3.3-natives-windows.jar;C:\Users\Dimitri Velovski\.m2\repository\org\lwjgl\lwjgl-nanovg\3.3.3\lwjgl-nanovg-3.3.3-natives-windows.jar;C:\Users\Dimitri Velovski\.m2\repository\org\lwjgl\lwjgl-nuklear\3.3.3\lwjgl-nuklear-3.3.3-natives-windows.jar;C:\Users\Dimitri Velovski\.m2\repository\org\lwjgl\lwjgl-openal\3.3.3\lwjgl-openal-3.3.3-natives-windows.jar;C:\Users\Dimitri Velovski\.m2\repository\org\lwjgl\lwjgl-opengl\3.3.3\lwjgl-opengl-3.3.3-natives-windows.jar;C:\Users\Dimitri Velovski\.m2\repository\org\lwjgl\lwjgl-par\3.3.3\lwjgl-par-3.3.3-natives-windows.jar;C:\Users\Dimitri Velovski\.m2\repository\org\lwjgl\lwjgl-stb\3.3.3\lwjgl-stb-3.3.3-natives-windows.jar;C:\Users\Dimitri Velovski\.m2\repository\org\joml\joml\1.10.5\joml-1.10.5.jar;C:\Users\Dimitri Velovski\.m2\repository\commons-io\commons-io\2.15.1\commons-io-2.15.1.jar;C:\Users\Dimitri Velovski\.m2\repository\org\apache\commons\commons-lang3\3.14.0\commons-lang3-3.14.0.jar;C:\Users\Dimitri Velovski\.m2\repository\org\tukaani\xz\1.9\xz-1.9.jar;C:\Users\Dimitri Velovski\.m2\repository\org\jcommander\jcommander\1.83\jcommander-1.83.jar;C:\Users\Dimitri Velovski\.m2\repository\io\github\spair\imgui-java-binding\1.86.11\imgui-java-binding-1.86.11.jar;C:\Users\Dimitri Velovski\.m2\repository\io\github\spair\imgui-java-lwjgl3\1.86.11\imgui-java-lwjgl3-1.86.11.jar;C:\Users\Dimitri Velovski\.m2\repository\io\github\spair\imgui-java-natives-windows\1.86.11\imgui-java-natives-windows-1.86.11.jar;C:\Users\Dimitri Velovski\.m2\repository\io\github\spair\imgui-java-natives-macos\1.86.11\imgui-java-natives-macos-1.86.11.jar;C:\Users\Dimitri Velovski\.m2\repository\org\jetbrains\annotations\24.1.0\annotations-24.1.0.jar
Launcher Type: SUN_STANDARD

[Global flags]
     intx CICompilerCount                          = 12                                        {product} {ergonomic}
     uint ConcGCThreads                            = 3                                         {product} {ergonomic}
     uint G1ConcRefinementThreads                  = 13                                        {product} {ergonomic}
   size_t G1HeapRegionSize                         = 4194304                                   {product} {ergonomic}
    uintx GCDrainStackTargetSize                   = 64                                        {product} {ergonomic}
   size_t InitialHeapSize                          = 536870912                                 {product} {ergonomic}
   size_t MarkStackSize                            = 4194304                                   {product} {ergonomic}
   size_t MaxHeapSize                              = 8568963072                                {product} {ergonomic}
   size_t MaxNewSize                               = 5138022400                                {product} {ergonomic}
   size_t MinHeapDeltaBytes                        = 4194304                                   {product} {ergonomic}
   size_t MinHeapSize                              = 8388608                                   {product} {ergonomic}
    uintx NonNMethodCodeHeapSize                   = 7602480                                {pd product} {ergonomic}
    uintx NonProfiledCodeHeapSize                  = 122027880                              {pd product} {ergonomic}
    uintx ProfiledCodeHeapSize                     = 122027880                              {pd product} {ergonomic}
    uintx ReservedCodeCacheSize                    = 251658240                              {pd product} {ergonomic}
     bool SegmentedCodeCache                       = true                                      {product} {ergonomic}
   size_t SoftMaxHeapSize                          = 8568963072                             {manageable} {ergonomic}
     bool UseCompressedOops                        = true                           {product lp64_product} {ergonomic}
     bool UseG1GC                                  = true                                      {product} {ergonomic}
     bool UseLargePagesIndividualAllocation        = false                                  {pd product} {ergonomic}

Logging:
Log output configuration:
 #0: stdout all=warning uptime,level,tags foldmultilines=false
 #1: stderr all=off uptime,level,tags foldmultilines=false

Environment Variables:
PATH=C:\Program Files\Python311\Scripts\;C:\Program Files\Python311\;C:\Windows\system32;C:\Windows;C:\Windows\System32\Wbem;C:\Windows\System32\WindowsPowerShell\v1.0\;C:\Windows\System32\OpenSSH\;C:\Program Files\dotnet\;C:\Program Files\Microsoft VS Code\bin;C:\Program Files (x86)\Windows Kits\10\Windows Performance Toolkit\;C:\Program Files\Git\cmd;C:\Users\Dimitri Velovski\AppData\Local\Microsoft\WindowsApps;;C:\Program Files\JetBrains\IntelliJ IDEA 2023.1.1\bin;
USERNAME=Dimitri Velovski
OS=Windows_NT
PROCESSOR_IDENTIFIER=AMD64 Family 25 Model 33 Stepping 2, AuthenticAMD
TMP=C:\Users\DIMITR~1\AppData\Local\Temp
TEMP=C:\Users\DIMITR~1\AppData\Local\Temp




Periodic native trim disabled

---------------  S Y S T E M  ---------------

OS:
 Windows 11 , 64 bit Build 22621 (10.0.22621.3672)
OS uptime: 0 days 8:57 hours

CPU: total 16 (initial active 16) (16 cores per cpu, 2 threads per core) family 25 model 33 stepping 2 microcode 0x0, cx8, cmov, fxsr, ht, mmx, 3dnowpref, sse, sse2, sse3, ssse3, sse4a, sse4.1, sse4.2, popcnt, lzcnt, tsc, tscinvbit, avx, avx2, aes, erms, clmul, bmi1, bmi2, adx, sha, fma, vzeroupper, clflush, clflushopt, rdtscp, rdpid, fsrm, f16c, pku, cet_ss
Processor Information for all 16 processors :
  Max Mhz: 3401, Current Mhz: 3401, Mhz Limit: 3401

Memory: 4k page, system-wide physical 32682M (18367M free)
TotalPageFile size 37546M (AvailPageFile size 16965M)
current process WorkingSet (physical memory assigned to process): 1071M, peak: 1116M
current process commit charge ("private bytes"): 1408M, peak: 1472M

vm_info: OpenJDK 64-Bit Server VM (21.0.2+13-58) for windows-amd64 JRE (21.0.2+13-58), built on 2024-01-05T18:32:24Z by "mach5one" with MS VC++ 17.1 (VS2022)

END.
